[2025-12-06 20:31:33] ========================================
[2025-12-06 20:31:33] Run: ddqn_ticker-AAPL_hmax-50_ep-750_seed-0_f0ae30cc3a30167c94008c9384dcf21b
[2025-12-06 20:31:33] Device: cpu
[2025-12-06 20:31:33] Episodes=750, eval_interval=50, gamma=0.99, lr=0.0001, batch_size=64
[2025-12-06 20:31:33] Env: initial_amount=100000.0, hmax=50, buy_cost_pct=0.001, sell_cost_pct=0.001, window_size=50, max_pos=1000
[2025-12-06 20:31:33] ========================================
[2025-12-06 20:31:33] State dimension: 57, Action dimension: 101
[2025-12-06 20:31:35] Agent: DDQNAgent with hidden_sizes=(128, 128), buffer_capacity=100000, min_buffer_size=1000
[2025-12-06 20:31:35] Starting training.
[2025-12-06 20:31:37] Ep 001/750 | train_final=110323.91 (ret=0.1032) | avg_td_loss=0.5796
[2025-12-06 20:31:41] Ep 002/750 | train_final=116874.98 (ret=0.1687) | avg_td_loss=0.1408
[2025-12-06 20:31:44] Ep 003/750 | train_final=131343.15 (ret=0.3134) | avg_td_loss=0.0015
[2025-12-06 20:31:48] Ep 004/750 | train_final=132850.10 (ret=0.3285) | avg_td_loss=0.0015
[2025-12-06 20:31:51] Ep 005/750 | train_final=143693.87 (ret=0.4369) | avg_td_loss=0.0014
[2025-12-06 20:31:54] Ep 006/750 | train_final=143661.77 (ret=0.4366) | avg_td_loss=0.0013
[2025-12-06 20:31:58] Ep 007/750 | train_final=137972.32 (ret=0.3797) | avg_td_loss=0.0013
[2025-12-06 20:32:01] Ep 008/750 | train_final=110965.63 (ret=0.1097) | avg_td_loss=0.0014
[2025-12-06 20:32:05] Ep 009/750 | train_final=129099.17 (ret=0.2910) | avg_td_loss=0.0012
[2025-12-06 20:32:09] Ep 010/750 | train_final=114388.00 (ret=0.1439) | avg_td_loss=0.0012
[2025-12-06 20:32:12] Ep 011/750 | train_final=131243.52 (ret=0.3124) | avg_td_loss=0.0011
[2025-12-06 20:32:16] Ep 012/750 | train_final=136087.78 (ret=0.3609) | avg_td_loss=0.0011
[2025-12-06 20:32:19] Ep 013/750 | train_final=144225.37 (ret=0.4423) | avg_td_loss=0.0012
[2025-12-06 20:32:22] Ep 014/750 | train_final=129961.78 (ret=0.2996) | avg_td_loss=0.0013
[2025-12-06 20:32:26] Ep 015/750 | train_final=131025.87 (ret=0.3103) | avg_td_loss=0.0013
[2025-12-06 20:32:30] Ep 016/750 | train_final=144036.98 (ret=0.4404) | avg_td_loss=0.0014
[2025-12-06 20:32:33] Ep 017/750 | train_final=133432.86 (ret=0.3343) | avg_td_loss=0.0014
[2025-12-06 20:32:37] Ep 018/750 | train_final=147165.13 (ret=0.4717) | avg_td_loss=0.0014
[2025-12-06 20:32:41] Ep 019/750 | train_final=144428.76 (ret=0.4443) | avg_td_loss=0.0015
[2025-12-06 20:32:45] Ep 020/750 | train_final=142879.22 (ret=0.4288) | avg_td_loss=0.0015
[2025-12-06 20:32:49] Ep 021/750 | train_final=145128.02 (ret=0.4513) | avg_td_loss=0.0015
[2025-12-06 20:32:53] Ep 022/750 | train_final=140865.57 (ret=0.4087) | avg_td_loss=0.0016
[2025-12-06 20:32:56] Ep 023/750 | train_final=151354.42 (ret=0.5135) | avg_td_loss=0.0016
[2025-12-06 20:33:00] Ep 024/750 | train_final=143473.70 (ret=0.4347) | avg_td_loss=0.0016
[2025-12-06 20:33:04] Ep 025/750 | train_final=146896.96 (ret=0.4690) | avg_td_loss=0.0016
[2025-12-06 20:33:07] Ep 026/750 | train_final=144037.30 (ret=0.4404) | avg_td_loss=0.0017
[2025-12-06 20:33:11] Ep 027/750 | train_final=139308.56 (ret=0.3931) | avg_td_loss=0.0017
[2025-12-06 20:33:14] Ep 028/750 | train_final=148840.60 (ret=0.4884) | avg_td_loss=0.0017
[2025-12-06 20:33:18] Ep 029/750 | train_final=143644.16 (ret=0.4364) | avg_td_loss=0.0017
[2025-12-06 20:33:22] Ep 030/750 | train_final=145505.01 (ret=0.4551) | avg_td_loss=0.0018
[2025-12-06 20:33:25] Ep 031/750 | train_final=141672.75 (ret=0.4167) | avg_td_loss=0.0017
[2025-12-06 20:33:28] Ep 032/750 | train_final=146284.56 (ret=0.4628) | avg_td_loss=0.0017
[2025-12-06 20:33:32] Ep 033/750 | train_final=151087.12 (ret=0.5109) | avg_td_loss=0.0018
[2025-12-06 20:33:35] Ep 034/750 | train_final=155124.28 (ret=0.5512) | avg_td_loss=0.0017
[2025-12-06 20:33:39] Ep 035/750 | train_final=155707.13 (ret=0.5571) | avg_td_loss=0.0018
[2025-12-06 20:33:43] Ep 036/750 | train_final=149472.05 (ret=0.4947) | avg_td_loss=0.0017
[2025-12-06 20:33:46] Ep 037/750 | train_final=132988.54 (ret=0.3299) | avg_td_loss=0.0017
[2025-12-06 20:33:50] Ep 038/750 | train_final=148401.65 (ret=0.4840) | avg_td_loss=0.0017
[2025-12-06 20:33:54] Ep 039/750 | train_final=127915.50 (ret=0.2792) | avg_td_loss=0.0017
[2025-12-06 20:33:57] Ep 040/750 | train_final=142827.76 (ret=0.4283) | avg_td_loss=0.0017
[2025-12-06 20:34:01] Ep 041/750 | train_final=159264.97 (ret=0.5926) | avg_td_loss=0.0018
[2025-12-06 20:34:04] Ep 042/750 | train_final=129117.89 (ret=0.2912) | avg_td_loss=0.0017
[2025-12-06 20:34:08] Ep 043/750 | train_final=140780.06 (ret=0.4078) | avg_td_loss=0.0017
[2025-12-06 20:34:12] Ep 044/750 | train_final=143102.23 (ret=0.4310) | avg_td_loss=0.0018
[2025-12-06 20:34:16] Ep 045/750 | train_final=145977.72 (ret=0.4598) | avg_td_loss=0.0017
[2025-12-06 20:34:21] Ep 046/750 | train_final=159304.73 (ret=0.5930) | avg_td_loss=0.0017
[2025-12-06 20:34:25] Ep 047/750 | train_final=150450.34 (ret=0.5045) | avg_td_loss=0.0017
[2025-12-06 20:34:28] Ep 048/750 | train_final=158777.27 (ret=0.5878) | avg_td_loss=0.0017
[2025-12-06 20:34:32] Ep 049/750 | train_final=146933.19 (ret=0.4693) | avg_td_loss=0.0017
[2025-12-06 20:34:36] Ep 050/750 | train_final=145235.65 (ret=0.4524) | avg_td_loss=0.0018 | val_final=103102.42 (ret=0.0310) (saved best)
[2025-12-06 20:34:40] Ep 051/750 | train_final=151541.58 (ret=0.5154) | avg_td_loss=0.0018
[2025-12-06 20:34:44] Ep 052/750 | train_final=146603.61 (ret=0.4660) | avg_td_loss=0.0018
[2025-12-06 20:34:47] Ep 053/750 | train_final=151751.27 (ret=0.5175) | avg_td_loss=0.0017
[2025-12-06 20:34:51] Ep 054/750 | train_final=149965.44 (ret=0.4997) | avg_td_loss=0.0018
[2025-12-06 20:34:55] Ep 055/750 | train_final=158467.17 (ret=0.5847) | avg_td_loss=0.0017
[2025-12-06 20:34:59] Ep 056/750 | train_final=151682.61 (ret=0.5168) | avg_td_loss=0.0018
[2025-12-06 20:35:03] Ep 057/750 | train_final=152425.62 (ret=0.5243) | avg_td_loss=0.0018
[2025-12-06 20:35:06] Ep 058/750 | train_final=150433.48 (ret=0.5043) | avg_td_loss=0.0018
[2025-12-06 20:35:10] Ep 059/750 | train_final=155146.88 (ret=0.5515) | avg_td_loss=0.0019
[2025-12-06 20:35:14] Ep 060/750 | train_final=153342.59 (ret=0.5334) | avg_td_loss=0.0019
[2025-12-06 20:35:18] Ep 061/750 | train_final=157859.79 (ret=0.5786) | avg_td_loss=0.0019
[2025-12-06 20:35:22] Ep 062/750 | train_final=148470.85 (ret=0.4847) | avg_td_loss=0.0019
[2025-12-06 20:35:26] Ep 063/750 | train_final=148599.57 (ret=0.4860) | avg_td_loss=0.0020
[2025-12-06 20:35:29] Ep 064/750 | train_final=154463.22 (ret=0.5446) | avg_td_loss=0.0020
[2025-12-06 20:35:33] Ep 065/750 | train_final=151171.31 (ret=0.5117) | avg_td_loss=0.0020
[2025-12-06 20:35:37] Ep 066/750 | train_final=150921.45 (ret=0.5092) | avg_td_loss=0.0020
[2025-12-06 20:35:41] Ep 067/750 | train_final=144077.88 (ret=0.4408) | avg_td_loss=0.0019
[2025-12-06 20:35:45] Ep 068/750 | train_final=149858.50 (ret=0.4986) | avg_td_loss=0.0020
[2025-12-06 20:35:49] Ep 069/750 | train_final=144005.40 (ret=0.4401) | avg_td_loss=0.0019
[2025-12-06 20:35:53] Ep 070/750 | train_final=142330.99 (ret=0.4233) | avg_td_loss=0.0019
[2025-12-06 20:35:57] Ep 071/750 | train_final=150037.90 (ret=0.5004) | avg_td_loss=0.0020
[2025-12-06 20:36:00] Ep 072/750 | train_final=142921.78 (ret=0.4292) | avg_td_loss=0.0019
[2025-12-06 20:36:04] Ep 073/750 | train_final=148026.57 (ret=0.4803) | avg_td_loss=0.0019
[2025-12-06 20:36:08] Ep 074/750 | train_final=139940.56 (ret=0.3994) | avg_td_loss=0.0019
[2025-12-06 20:36:12] Ep 075/750 | train_final=137248.86 (ret=0.3725) | avg_td_loss=0.0019
[2025-12-06 20:36:16] Ep 076/750 | train_final=153140.58 (ret=0.5314) | avg_td_loss=0.0018
[2025-12-06 20:36:20] Ep 077/750 | train_final=137202.86 (ret=0.3720) | avg_td_loss=0.0019
[2025-12-06 20:36:24] Ep 078/750 | train_final=143398.06 (ret=0.4340) | avg_td_loss=0.0018
[2025-12-06 20:36:28] Ep 079/750 | train_final=143715.85 (ret=0.4372) | avg_td_loss=0.0019
[2025-12-06 20:36:32] Ep 080/750 | train_final=128290.70 (ret=0.2829) | avg_td_loss=0.0018
[2025-12-06 20:36:35] Ep 081/750 | train_final=139557.76 (ret=0.3956) | avg_td_loss=0.0018
[2025-12-06 20:36:39] Ep 082/750 | train_final=142453.32 (ret=0.4245) | avg_td_loss=0.0018
[2025-12-06 20:36:43] Ep 083/750 | train_final=138527.92 (ret=0.3853) | avg_td_loss=0.0018
[2025-12-06 20:36:47] Ep 084/750 | train_final=136635.06 (ret=0.3664) | avg_td_loss=0.0018
[2025-12-06 20:36:51] Ep 085/750 | train_final=157018.76 (ret=0.5702) | avg_td_loss=0.0018
[2025-12-06 20:36:55] Ep 086/750 | train_final=141342.66 (ret=0.4134) | avg_td_loss=0.0018
[2025-12-06 20:36:59] Ep 087/750 | train_final=140712.74 (ret=0.4071) | avg_td_loss=0.0019
[2025-12-06 20:37:03] Ep 088/750 | train_final=146350.19 (ret=0.4635) | avg_td_loss=0.0019
[2025-12-06 20:37:07] Ep 089/750 | train_final=152984.70 (ret=0.5298) | avg_td_loss=0.0018
[2025-12-06 20:37:10] Ep 090/750 | train_final=145134.40 (ret=0.4513) | avg_td_loss=0.0017
[2025-12-06 20:37:14] Ep 091/750 | train_final=150987.02 (ret=0.5099) | avg_td_loss=0.0017
[2025-12-06 20:37:18] Ep 092/750 | train_final=141564.26 (ret=0.4156) | avg_td_loss=0.0016
[2025-12-06 20:37:22] Ep 093/750 | train_final=151151.05 (ret=0.5115) | avg_td_loss=0.0016
[2025-12-06 20:37:26] Ep 094/750 | train_final=161090.08 (ret=0.6109) | avg_td_loss=0.0015
[2025-12-06 20:37:29] Ep 095/750 | train_final=159354.73 (ret=0.5935) | avg_td_loss=0.0015
[2025-12-06 20:37:33] Ep 096/750 | train_final=150652.38 (ret=0.5065) | avg_td_loss=0.0015
[2025-12-06 20:37:37] Ep 097/750 | train_final=146852.45 (ret=0.4685) | avg_td_loss=0.0015
[2025-12-06 20:37:41] Ep 098/750 | train_final=143363.92 (ret=0.4336) | avg_td_loss=0.0014
[2025-12-06 20:37:45] Ep 099/750 | train_final=139693.42 (ret=0.3969) | avg_td_loss=0.0013
[2025-12-06 20:37:48] Ep 100/750 | train_final=146266.99 (ret=0.4627) | avg_td_loss=0.0013 | val_final=101600.76 (ret=0.0160)
[2025-12-06 20:37:52] Ep 101/750 | train_final=144833.26 (ret=0.4483) | avg_td_loss=0.0013
[2025-12-06 20:37:57] Ep 102/750 | train_final=147283.95 (ret=0.4728) | avg_td_loss=0.0013
[2025-12-06 20:38:00] Ep 103/750 | train_final=155841.21 (ret=0.5584) | avg_td_loss=0.0012
[2025-12-06 20:38:04] Ep 104/750 | train_final=130916.86 (ret=0.3092) | avg_td_loss=0.0012
[2025-12-06 20:38:09] Ep 105/750 | train_final=163845.66 (ret=0.6385) | avg_td_loss=0.0012
[2025-12-06 20:38:14] Ep 106/750 | train_final=147262.19 (ret=0.4726) | avg_td_loss=0.0012
[2025-12-06 20:38:19] Ep 107/750 | train_final=152399.68 (ret=0.5240) | avg_td_loss=0.0012
[2025-12-06 20:38:24] Ep 108/750 | train_final=145975.18 (ret=0.4598) | avg_td_loss=0.0012
[2025-12-06 20:38:30] Ep 109/750 | train_final=157117.86 (ret=0.5712) | avg_td_loss=0.0012
[2025-12-06 20:38:34] Ep 110/750 | train_final=149266.26 (ret=0.4927) | avg_td_loss=0.0012
[2025-12-06 20:38:38] Ep 111/750 | train_final=161501.60 (ret=0.6150) | avg_td_loss=0.0012
[2025-12-06 20:38:43] Ep 112/750 | train_final=127989.32 (ret=0.2799) | avg_td_loss=0.0012
[2025-12-06 20:38:48] Ep 113/750 | train_final=141884.42 (ret=0.4188) | avg_td_loss=0.0012
[2025-12-06 20:38:52] Ep 114/750 | train_final=153840.90 (ret=0.5384) | avg_td_loss=0.0012
[2025-12-06 20:38:56] Ep 115/750 | train_final=142238.01 (ret=0.4224) | avg_td_loss=0.0012
[2025-12-06 20:39:00] Ep 116/750 | train_final=144120.56 (ret=0.4412) | avg_td_loss=0.0012
[2025-12-06 20:39:05] Ep 117/750 | train_final=151355.79 (ret=0.5136) | avg_td_loss=0.0012
[2025-12-06 20:39:10] Ep 118/750 | train_final=157290.76 (ret=0.5729) | avg_td_loss=0.0012
[2025-12-06 20:39:14] Ep 119/750 | train_final=146165.67 (ret=0.4617) | avg_td_loss=0.0013
[2025-12-06 20:39:18] Ep 120/750 | train_final=150381.61 (ret=0.5038) | avg_td_loss=0.0012
[2025-12-06 20:39:22] Ep 121/750 | train_final=144014.28 (ret=0.4401) | avg_td_loss=0.0013
[2025-12-06 20:39:27] Ep 122/750 | train_final=150911.16 (ret=0.5091) | avg_td_loss=0.0012
[2025-12-06 20:39:31] Ep 123/750 | train_final=149065.20 (ret=0.4907) | avg_td_loss=0.0013
[2025-12-06 20:39:35] Ep 124/750 | train_final=155036.39 (ret=0.5504) | avg_td_loss=0.0013
[2025-12-06 20:39:39] Ep 125/750 | train_final=160063.27 (ret=0.6006) | avg_td_loss=0.0013
[2025-12-06 20:39:43] Ep 126/750 | train_final=146623.21 (ret=0.4662) | avg_td_loss=0.0013
[2025-12-06 20:39:48] Ep 127/750 | train_final=147219.55 (ret=0.4722) | avg_td_loss=0.0013
[2025-12-06 20:39:52] Ep 128/750 | train_final=148721.12 (ret=0.4872) | avg_td_loss=0.0014
[2025-12-06 20:39:55] Ep 129/750 | train_final=157035.64 (ret=0.5704) | avg_td_loss=0.0014
[2025-12-06 20:40:00] Ep 130/750 | train_final=154398.81 (ret=0.5440) | avg_td_loss=0.0013
[2025-12-06 20:40:04] Ep 131/750 | train_final=146863.43 (ret=0.4686) | avg_td_loss=0.0013
[2025-12-06 20:40:08] Ep 132/750 | train_final=151372.13 (ret=0.5137) | avg_td_loss=0.0012
[2025-12-06 20:40:12] Ep 133/750 | train_final=148172.75 (ret=0.4817) | avg_td_loss=0.0012
[2025-12-06 20:40:16] Ep 134/750 | train_final=147565.36 (ret=0.4757) | avg_td_loss=0.0013
[2025-12-06 20:40:21] Ep 135/750 | train_final=156563.73 (ret=0.5656) | avg_td_loss=0.0013
[2025-12-06 20:40:26] Ep 136/750 | train_final=150722.05 (ret=0.5072) | avg_td_loss=0.0013
[2025-12-06 20:40:30] Ep 137/750 | train_final=150987.39 (ret=0.5099) | avg_td_loss=0.0013
[2025-12-06 20:40:34] Ep 138/750 | train_final=149864.70 (ret=0.4986) | avg_td_loss=0.0014
[2025-12-06 20:40:38] Ep 139/750 | train_final=148532.83 (ret=0.4853) | avg_td_loss=0.0014
[2025-12-06 20:40:42] Ep 140/750 | train_final=147943.38 (ret=0.4794) | avg_td_loss=0.0014
[2025-12-06 20:40:46] Ep 141/750 | train_final=151619.15 (ret=0.5162) | avg_td_loss=0.0013
[2025-12-06 20:40:50] Ep 142/750 | train_final=146429.09 (ret=0.4643) | avg_td_loss=0.0013
[2025-12-06 20:40:54] Ep 143/750 | train_final=147514.99 (ret=0.4751) | avg_td_loss=0.0013
[2025-12-06 20:40:58] Ep 144/750 | train_final=152818.99 (ret=0.5282) | avg_td_loss=0.0013
[2025-12-06 20:41:02] Ep 145/750 | train_final=156653.98 (ret=0.5665) | avg_td_loss=0.0013
[2025-12-06 20:41:06] Ep 146/750 | train_final=153187.74 (ret=0.5319) | avg_td_loss=0.0013
[2025-12-06 20:41:10] Ep 147/750 | train_final=135848.37 (ret=0.3585) | avg_td_loss=0.0013
[2025-12-06 20:41:16] Ep 148/750 | train_final=155361.61 (ret=0.5536) | avg_td_loss=0.0013
[2025-12-06 20:41:22] Ep 149/750 | train_final=141603.24 (ret=0.4160) | avg_td_loss=0.0013
[2025-12-06 20:41:26] Ep 150/750 | train_final=147365.45 (ret=0.4737) | avg_td_loss=0.0013 | val_final=97547.23 (ret=-0.0245)
[2025-12-06 20:41:30] Ep 151/750 | train_final=145891.55 (ret=0.4589) | avg_td_loss=0.0012
[2025-12-06 20:41:34] Ep 152/750 | train_final=150490.27 (ret=0.5049) | avg_td_loss=0.0013
[2025-12-06 20:41:38] Ep 153/750 | train_final=149751.55 (ret=0.4975) | avg_td_loss=0.0013
[2025-12-06 20:41:42] Ep 154/750 | train_final=147925.79 (ret=0.4793) | avg_td_loss=0.0012
[2025-12-06 20:41:46] Ep 155/750 | train_final=143319.85 (ret=0.4332) | avg_td_loss=0.0013
[2025-12-06 20:41:51] Ep 156/750 | train_final=130137.85 (ret=0.3014) | avg_td_loss=0.0012
[2025-12-06 20:41:56] Ep 157/750 | train_final=150422.99 (ret=0.5042) | avg_td_loss=0.0012
[2025-12-06 20:42:00] Ep 158/750 | train_final=146649.80 (ret=0.4665) | avg_td_loss=0.0013
[2025-12-06 20:42:04] Ep 159/750 | train_final=153639.28 (ret=0.5364) | avg_td_loss=0.0013
[2025-12-06 20:42:08] Ep 160/750 | train_final=140236.12 (ret=0.4024) | avg_td_loss=0.0014
[2025-12-06 20:42:12] Ep 161/750 | train_final=147952.92 (ret=0.4795) | avg_td_loss=0.0013
[2025-12-06 20:42:16] Ep 162/750 | train_final=159442.47 (ret=0.5944) | avg_td_loss=0.0013
[2025-12-06 20:42:20] Ep 163/750 | train_final=158119.42 (ret=0.5812) | avg_td_loss=0.0013
[2025-12-06 20:42:25] Ep 164/750 | train_final=156570.00 (ret=0.5657) | avg_td_loss=0.0013
[2025-12-06 20:42:30] Ep 165/750 | train_final=143476.70 (ret=0.4348) | avg_td_loss=0.0013
[2025-12-06 20:42:34] Ep 166/750 | train_final=148202.01 (ret=0.4820) | avg_td_loss=0.0013
[2025-12-06 20:42:39] Ep 167/750 | train_final=149792.13 (ret=0.4979) | avg_td_loss=0.0013
[2025-12-06 20:42:43] Ep 168/750 | train_final=162935.42 (ret=0.6294) | avg_td_loss=0.0012
[2025-12-06 20:42:47] Ep 169/750 | train_final=152097.41 (ret=0.5210) | avg_td_loss=0.0012
[2025-12-06 20:42:52] Ep 170/750 | train_final=146065.07 (ret=0.4607) | avg_td_loss=0.0013
[2025-12-06 20:42:56] Ep 171/750 | train_final=145952.69 (ret=0.4595) | avg_td_loss=0.0012
[2025-12-06 20:43:00] Ep 172/750 | train_final=153331.17 (ret=0.5333) | avg_td_loss=0.0012
[2025-12-06 20:43:04] Ep 173/750 | train_final=158543.43 (ret=0.5854) | avg_td_loss=0.0012
[2025-12-06 20:43:09] Ep 174/750 | train_final=152933.46 (ret=0.5293) | avg_td_loss=0.0013
[2025-12-06 20:43:13] Ep 175/750 | train_final=150454.79 (ret=0.5045) | avg_td_loss=0.0013
[2025-12-06 20:43:18] Ep 176/750 | train_final=156114.25 (ret=0.5611) | avg_td_loss=0.0013
[2025-12-06 20:43:22] Ep 177/750 | train_final=147071.88 (ret=0.4707) | avg_td_loss=0.0013
[2025-12-06 20:43:27] Ep 178/750 | train_final=157197.63 (ret=0.5720) | avg_td_loss=0.0013
[2025-12-06 20:43:31] Ep 179/750 | train_final=153112.31 (ret=0.5311) | avg_td_loss=0.0015
[2025-12-06 20:43:35] Ep 180/750 | train_final=153400.90 (ret=0.5340) | avg_td_loss=0.0015
[2025-12-06 20:43:39] Ep 181/750 | train_final=156793.11 (ret=0.5679) | avg_td_loss=0.0015
[2025-12-06 20:43:43] Ep 182/750 | train_final=158147.24 (ret=0.5815) | avg_td_loss=0.0016
[2025-12-06 20:43:49] Ep 183/750 | train_final=156504.11 (ret=0.5650) | avg_td_loss=0.0015
[2025-12-06 20:43:53] Ep 184/750 | train_final=152852.49 (ret=0.5285) | avg_td_loss=0.0015
[2025-12-06 20:43:57] Ep 185/750 | train_final=131252.69 (ret=0.3125) | avg_td_loss=0.0014
[2025-12-06 20:44:01] Ep 186/750 | train_final=150664.31 (ret=0.5066) | avg_td_loss=0.0015
[2025-12-06 20:44:06] Ep 187/750 | train_final=152893.48 (ret=0.5289) | avg_td_loss=0.0015
[2025-12-06 20:44:10] Ep 188/750 | train_final=155338.64 (ret=0.5534) | avg_td_loss=0.0015
[2025-12-06 20:44:14] Ep 189/750 | train_final=142672.51 (ret=0.4267) | avg_td_loss=0.0015
[2025-12-06 20:44:18] Ep 190/750 | train_final=152005.10 (ret=0.5201) | avg_td_loss=0.0014
[2025-12-06 20:44:23] Ep 191/750 | train_final=155636.08 (ret=0.5564) | avg_td_loss=0.0014
[2025-12-06 20:44:28] Ep 192/750 | train_final=153427.38 (ret=0.5343) | avg_td_loss=0.0013
[2025-12-06 20:44:32] Ep 193/750 | train_final=165888.26 (ret=0.6589) | avg_td_loss=0.0014
[2025-12-06 20:44:36] Ep 194/750 | train_final=147619.50 (ret=0.4762) | avg_td_loss=0.0014
[2025-12-06 20:44:40] Ep 195/750 | train_final=152614.15 (ret=0.5261) | avg_td_loss=0.0013
[2025-12-06 20:44:44] Ep 196/750 | train_final=160034.97 (ret=0.6003) | avg_td_loss=0.0014
[2025-12-06 20:44:48] Ep 197/750 | train_final=154020.19 (ret=0.5402) | avg_td_loss=0.0013
[2025-12-06 20:44:51] Ep 198/750 | train_final=169064.38 (ret=0.6906) | avg_td_loss=0.0013
[2025-12-06 20:44:55] Ep 199/750 | train_final=161116.71 (ret=0.6112) | avg_td_loss=0.0013
[2025-12-06 20:45:00] Ep 200/750 | train_final=157844.66 (ret=0.5784) | avg_td_loss=0.0013 | val_final=101010.32 (ret=0.0101)
[2025-12-06 20:45:03] Ep 201/750 | train_final=165549.14 (ret=0.6555) | avg_td_loss=0.0013
[2025-12-06 20:45:07] Ep 202/750 | train_final=162603.38 (ret=0.6260) | avg_td_loss=0.0013
[2025-12-06 20:45:11] Ep 203/750 | train_final=140614.43 (ret=0.4061) | avg_td_loss=0.0013
[2025-12-06 20:45:15] Ep 204/750 | train_final=164290.63 (ret=0.6429) | avg_td_loss=0.0012
[2025-12-06 20:45:19] Ep 205/750 | train_final=157599.47 (ret=0.5760) | avg_td_loss=0.0012
[2025-12-06 20:45:23] Ep 206/750 | train_final=153281.14 (ret=0.5328) | avg_td_loss=0.0012
[2025-12-06 20:45:27] Ep 207/750 | train_final=157713.36 (ret=0.5771) | avg_td_loss=0.0012
[2025-12-06 20:45:32] Ep 208/750 | train_final=132219.29 (ret=0.3222) | avg_td_loss=0.0012
[2025-12-06 20:45:36] Ep 209/750 | train_final=148151.56 (ret=0.4815) | avg_td_loss=0.0012
[2025-12-06 20:45:40] Ep 210/750 | train_final=144352.69 (ret=0.4435) | avg_td_loss=0.0012
[2025-12-06 20:45:44] Ep 211/750 | train_final=159556.44 (ret=0.5956) | avg_td_loss=0.0012
[2025-12-06 20:45:48] Ep 212/750 | train_final=153046.43 (ret=0.5305) | avg_td_loss=0.0011
[2025-12-06 20:45:52] Ep 213/750 | train_final=152809.91 (ret=0.5281) | avg_td_loss=0.0011
[2025-12-06 20:45:56] Ep 214/750 | train_final=157315.22 (ret=0.5732) | avg_td_loss=0.0011
[2025-12-06 20:46:00] Ep 215/750 | train_final=148092.67 (ret=0.4809) | avg_td_loss=0.0012
[2025-12-06 20:46:04] Ep 216/750 | train_final=160801.37 (ret=0.6080) | avg_td_loss=0.0011
[2025-12-06 20:46:08] Ep 217/750 | train_final=157714.95 (ret=0.5771) | avg_td_loss=0.0011
[2025-12-06 20:46:12] Ep 218/750 | train_final=173489.21 (ret=0.7349) | avg_td_loss=0.0011
[2025-12-06 20:46:16] Ep 219/750 | train_final=168959.00 (ret=0.6896) | avg_td_loss=0.0011
[2025-12-06 20:46:20] Ep 220/750 | train_final=161805.13 (ret=0.6181) | avg_td_loss=0.0012
[2025-12-06 20:46:24] Ep 221/750 | train_final=157876.26 (ret=0.5788) | avg_td_loss=0.0011
[2025-12-06 20:46:28] Ep 222/750 | train_final=157288.44 (ret=0.5729) | avg_td_loss=0.0011
[2025-12-06 20:46:32] Ep 223/750 | train_final=153134.89 (ret=0.5313) | avg_td_loss=0.0011
[2025-12-06 20:46:36] Ep 224/750 | train_final=158520.27 (ret=0.5852) | avg_td_loss=0.0011
[2025-12-06 20:46:41] Ep 225/750 | train_final=151943.51 (ret=0.5194) | avg_td_loss=0.0011
[2025-12-06 20:46:45] Ep 226/750 | train_final=159622.48 (ret=0.5962) | avg_td_loss=0.0010
[2025-12-06 20:46:49] Ep 227/750 | train_final=154903.59 (ret=0.5490) | avg_td_loss=0.0011
[2025-12-06 20:46:53] Ep 228/750 | train_final=150973.55 (ret=0.5097) | avg_td_loss=0.0010
[2025-12-06 20:46:58] Ep 229/750 | train_final=154079.70 (ret=0.5408) | avg_td_loss=0.0010
[2025-12-06 20:47:02] Ep 230/750 | train_final=160465.53 (ret=0.6047) | avg_td_loss=0.0010
[2025-12-06 20:47:06] Ep 231/750 | train_final=161205.76 (ret=0.6121) | avg_td_loss=0.0010
[2025-12-06 20:47:10] Ep 232/750 | train_final=162153.91 (ret=0.6215) | avg_td_loss=0.0009
[2025-12-06 20:47:14] Ep 233/750 | train_final=165301.35 (ret=0.6530) | avg_td_loss=0.0009
[2025-12-06 20:47:19] Ep 234/750 | train_final=160306.66 (ret=0.6031) | avg_td_loss=0.0009
[2025-12-06 20:47:22] Ep 235/750 | train_final=164897.38 (ret=0.6490) | avg_td_loss=0.0009
[2025-12-06 20:47:26] Ep 236/750 | train_final=154770.69 (ret=0.5477) | avg_td_loss=0.0009
[2025-12-06 20:47:31] Ep 237/750 | train_final=165845.58 (ret=0.6585) | avg_td_loss=0.0009
[2025-12-06 20:47:35] Ep 238/750 | train_final=160005.69 (ret=0.6001) | avg_td_loss=0.0009
[2025-12-06 20:47:39] Ep 239/750 | train_final=166669.36 (ret=0.6667) | avg_td_loss=0.0009
[2025-12-06 20:47:43] Ep 240/750 | train_final=151689.54 (ret=0.5169) | avg_td_loss=0.0009
[2025-12-06 20:47:47] Ep 241/750 | train_final=161884.34 (ret=0.6188) | avg_td_loss=0.0009
[2025-12-06 20:47:52] Ep 242/750 | train_final=152370.37 (ret=0.5237) | avg_td_loss=0.0009
[2025-12-06 20:47:55] Ep 243/750 | train_final=162266.38 (ret=0.6227) | avg_td_loss=0.0009
[2025-12-06 20:48:00] Ep 244/750 | train_final=139123.61 (ret=0.3912) | avg_td_loss=0.0008
[2025-12-06 20:48:04] Ep 245/750 | train_final=165778.65 (ret=0.6578) | avg_td_loss=0.0009
[2025-12-06 20:48:08] Ep 246/750 | train_final=165158.01 (ret=0.6516) | avg_td_loss=0.0008
[2025-12-06 20:48:13] Ep 247/750 | train_final=159613.01 (ret=0.5961) | avg_td_loss=0.0008
[2025-12-06 20:48:17] Ep 248/750 | train_final=156325.81 (ret=0.5633) | avg_td_loss=0.0008
[2025-12-06 20:48:21] Ep 249/750 | train_final=159207.36 (ret=0.5921) | avg_td_loss=0.0008
[2025-12-06 20:48:25] Ep 250/750 | train_final=162113.96 (ret=0.6211) | avg_td_loss=0.0008 | val_final=100975.22 (ret=0.0098)
[2025-12-06 20:48:30] Ep 251/750 | train_final=154597.53 (ret=0.5460) | avg_td_loss=0.0009
[2025-12-06 20:48:35] Ep 252/750 | train_final=154836.66 (ret=0.5484) | avg_td_loss=0.0008
[2025-12-06 20:48:40] Ep 253/750 | train_final=157759.77 (ret=0.5776) | avg_td_loss=0.0009
[2025-12-06 20:48:44] Ep 254/750 | train_final=163329.71 (ret=0.6333) | avg_td_loss=0.0009
[2025-12-06 20:48:48] Ep 255/750 | train_final=156916.29 (ret=0.5692) | avg_td_loss=0.0009
[2025-12-06 20:48:53] Ep 256/750 | train_final=156837.55 (ret=0.5684) | avg_td_loss=0.0009
[2025-12-06 20:48:57] Ep 257/750 | train_final=148464.11 (ret=0.4846) | avg_td_loss=0.0009
[2025-12-06 20:49:01] Ep 258/750 | train_final=167355.23 (ret=0.6736) | avg_td_loss=0.0009
[2025-12-06 20:49:05] Ep 259/750 | train_final=156909.49 (ret=0.5691) | avg_td_loss=0.0009
[2025-12-06 20:49:09] Ep 260/750 | train_final=150630.93 (ret=0.5063) | avg_td_loss=0.0009
[2025-12-06 20:49:13] Ep 261/750 | train_final=164916.96 (ret=0.6492) | avg_td_loss=0.0009
[2025-12-06 20:49:17] Ep 262/750 | train_final=150294.28 (ret=0.5029) | avg_td_loss=0.0009
[2025-12-06 20:49:22] Ep 263/750 | train_final=163265.28 (ret=0.6327) | avg_td_loss=0.0008
[2025-12-06 20:49:26] Ep 264/750 | train_final=162944.30 (ret=0.6294) | avg_td_loss=0.0008
[2025-12-06 20:49:30] Ep 265/750 | train_final=157414.86 (ret=0.5741) | avg_td_loss=0.0009
[2025-12-06 20:49:35] Ep 266/750 | train_final=158205.48 (ret=0.5821) | avg_td_loss=0.0009
[2025-12-06 20:49:39] Ep 267/750 | train_final=147841.94 (ret=0.4784) | avg_td_loss=0.0008
[2025-12-06 20:49:43] Ep 268/750 | train_final=162769.73 (ret=0.6277) | avg_td_loss=0.0008
[2025-12-06 20:49:47] Ep 269/750 | train_final=156779.56 (ret=0.5678) | avg_td_loss=0.0009
[2025-12-06 20:49:51] Ep 270/750 | train_final=158893.26 (ret=0.5889) | avg_td_loss=0.0009
[2025-12-06 20:49:55] Ep 271/750 | train_final=156867.04 (ret=0.5687) | avg_td_loss=0.0009
[2025-12-06 20:49:58] Ep 272/750 | train_final=162464.49 (ret=0.6246) | avg_td_loss=0.0008
[2025-12-06 20:50:03] Ep 273/750 | train_final=163882.71 (ret=0.6388) | avg_td_loss=0.0008
[2025-12-06 20:50:07] Ep 274/750 | train_final=147611.88 (ret=0.4761) | avg_td_loss=0.0008
[2025-12-06 20:50:11] Ep 275/750 | train_final=151625.18 (ret=0.5163) | avg_td_loss=0.0008
[2025-12-06 20:50:15] Ep 276/750 | train_final=155580.99 (ret=0.5558) | avg_td_loss=0.0008
[2025-12-06 20:50:19] Ep 277/750 | train_final=160584.72 (ret=0.6058) | avg_td_loss=0.0008
[2025-12-06 20:50:23] Ep 278/750 | train_final=155938.67 (ret=0.5594) | avg_td_loss=0.0008
[2025-12-06 20:50:27] Ep 279/750 | train_final=150857.87 (ret=0.5086) | avg_td_loss=0.0008
[2025-12-06 20:50:31] Ep 280/750 | train_final=154945.37 (ret=0.5495) | avg_td_loss=0.0008
[2025-12-06 20:50:35] Ep 281/750 | train_final=164283.69 (ret=0.6428) | avg_td_loss=0.0008
[2025-12-06 20:50:39] Ep 282/750 | train_final=159046.25 (ret=0.5905) | avg_td_loss=0.0007
[2025-12-06 20:50:43] Ep 283/750 | train_final=153358.83 (ret=0.5336) | avg_td_loss=0.0008
[2025-12-06 20:50:47] Ep 284/750 | train_final=158224.81 (ret=0.5822) | avg_td_loss=0.0008
[2025-12-06 20:50:51] Ep 285/750 | train_final=152146.78 (ret=0.5215) | avg_td_loss=0.0008
[2025-12-06 20:50:55] Ep 286/750 | train_final=144403.36 (ret=0.4440) | avg_td_loss=0.0008
[2025-12-06 20:51:00] Ep 287/750 | train_final=165029.37 (ret=0.6503) | avg_td_loss=0.0008
[2025-12-06 20:51:05] Ep 288/750 | train_final=145943.90 (ret=0.4594) | avg_td_loss=0.0008
[2025-12-06 20:51:09] Ep 289/750 | train_final=156980.03 (ret=0.5698) | avg_td_loss=0.0008
[2025-12-06 20:51:13] Ep 290/750 | train_final=161778.48 (ret=0.6178) | avg_td_loss=0.0009
[2025-12-06 20:51:17] Ep 291/750 | train_final=155479.62 (ret=0.5548) | avg_td_loss=0.0009
[2025-12-06 20:51:21] Ep 292/750 | train_final=149381.07 (ret=0.4938) | avg_td_loss=0.0009
[2025-12-06 20:51:26] Ep 293/750 | train_final=155269.72 (ret=0.5527) | avg_td_loss=0.0009
[2025-12-06 20:51:30] Ep 294/750 | train_final=163110.86 (ret=0.6311) | avg_td_loss=0.0009
[2025-12-06 20:51:34] Ep 295/750 | train_final=157781.54 (ret=0.5778) | avg_td_loss=0.0008
[2025-12-06 20:51:38] Ep 296/750 | train_final=163845.08 (ret=0.6385) | avg_td_loss=0.0009
[2025-12-06 20:51:42] Ep 297/750 | train_final=158085.53 (ret=0.5809) | avg_td_loss=0.0008
[2025-12-06 20:51:46] Ep 298/750 | train_final=137827.85 (ret=0.3783) | avg_td_loss=0.0009
[2025-12-06 20:51:50] Ep 299/750 | train_final=159643.74 (ret=0.5964) | avg_td_loss=0.0008
[2025-12-06 20:51:55] Ep 300/750 | train_final=156102.38 (ret=0.5610) | avg_td_loss=0.0008 | val_final=134427.80 (ret=0.3443) (saved best)
[2025-12-06 20:52:00] Ep 301/750 | train_final=168574.67 (ret=0.6857) | avg_td_loss=0.0008
[2025-12-06 20:52:04] Ep 302/750 | train_final=159657.04 (ret=0.5966) | avg_td_loss=0.0009
[2025-12-06 20:52:08] Ep 303/750 | train_final=168151.00 (ret=0.6815) | avg_td_loss=0.0008
[2025-12-06 20:52:12] Ep 304/750 | train_final=146794.60 (ret=0.4679) | avg_td_loss=0.0008
[2025-12-06 20:52:16] Ep 305/750 | train_final=171132.80 (ret=0.7113) | avg_td_loss=0.0008
[2025-12-06 20:52:21] Ep 306/750 | train_final=162306.32 (ret=0.6231) | avg_td_loss=0.0008
[2025-12-06 20:52:25] Ep 307/750 | train_final=157823.27 (ret=0.5782) | avg_td_loss=0.0009
[2025-12-06 20:52:30] Ep 308/750 | train_final=163554.77 (ret=0.6355) | avg_td_loss=0.0008
[2025-12-06 20:52:34] Ep 309/750 | train_final=156117.80 (ret=0.5612) | avg_td_loss=0.0008
[2025-12-06 20:52:38] Ep 310/750 | train_final=164531.58 (ret=0.6453) | avg_td_loss=0.0008
[2025-12-06 20:52:42] Ep 311/750 | train_final=157528.67 (ret=0.5753) | avg_td_loss=0.0008
[2025-12-06 20:52:47] Ep 312/750 | train_final=153770.04 (ret=0.5377) | avg_td_loss=0.0008
[2025-12-06 20:52:53] Ep 313/750 | train_final=162514.55 (ret=0.6251) | avg_td_loss=0.0008
[2025-12-06 20:52:57] Ep 314/750 | train_final=153350.50 (ret=0.5335) | avg_td_loss=0.0007
[2025-12-06 20:53:01] Ep 315/750 | train_final=155119.38 (ret=0.5512) | avg_td_loss=0.0007
[2025-12-06 20:53:06] Ep 316/750 | train_final=158854.46 (ret=0.5885) | avg_td_loss=0.0007
[2025-12-06 20:53:10] Ep 317/750 | train_final=167591.48 (ret=0.6759) | avg_td_loss=0.0007
[2025-12-06 20:53:14] Ep 318/750 | train_final=164757.13 (ret=0.6476) | avg_td_loss=0.0007
[2025-12-06 20:53:18] Ep 319/750 | train_final=168464.18 (ret=0.6846) | avg_td_loss=0.0007
[2025-12-06 20:53:22] Ep 320/750 | train_final=166961.31 (ret=0.6696) | avg_td_loss=0.0007
[2025-12-06 20:53:26] Ep 321/750 | train_final=157987.37 (ret=0.5799) | avg_td_loss=0.0007
[2025-12-06 20:53:30] Ep 322/750 | train_final=165243.87 (ret=0.6524) | avg_td_loss=0.0007
[2025-12-06 20:53:34] Ep 323/750 | train_final=160278.52 (ret=0.6028) | avg_td_loss=0.0007
[2025-12-06 20:53:38] Ep 324/750 | train_final=167403.56 (ret=0.6740) | avg_td_loss=0.0007
[2025-12-06 20:53:42] Ep 325/750 | train_final=163630.29 (ret=0.6363) | avg_td_loss=0.0007
[2025-12-06 20:53:46] Ep 326/750 | train_final=165390.01 (ret=0.6539) | avg_td_loss=0.0007
[2025-12-06 20:53:51] Ep 327/750 | train_final=161863.63 (ret=0.6186) | avg_td_loss=0.0007
[2025-12-06 20:53:54] Ep 328/750 | train_final=165218.31 (ret=0.6522) | avg_td_loss=0.0007
[2025-12-06 20:53:59] Ep 329/750 | train_final=161216.93 (ret=0.6122) | avg_td_loss=0.0007
[2025-12-06 20:54:03] Ep 330/750 | train_final=163840.42 (ret=0.6384) | avg_td_loss=0.0007
[2025-12-06 20:54:07] Ep 331/750 | train_final=163647.44 (ret=0.6365) | avg_td_loss=0.0007
[2025-12-06 20:54:11] Ep 332/750 | train_final=153706.60 (ret=0.5371) | avg_td_loss=0.0007
[2025-12-06 20:54:15] Ep 333/750 | train_final=162993.48 (ret=0.6299) | avg_td_loss=0.0007
[2025-12-06 20:54:20] Ep 334/750 | train_final=156941.40 (ret=0.5694) | avg_td_loss=0.0007
[2025-12-06 20:54:24] Ep 335/750 | train_final=161901.36 (ret=0.6190) | avg_td_loss=0.0008
[2025-12-06 20:54:28] Ep 336/750 | train_final=167136.30 (ret=0.6714) | avg_td_loss=0.0007
[2025-12-06 20:54:33] Ep 337/750 | train_final=165999.61 (ret=0.6600) | avg_td_loss=0.0007
[2025-12-06 20:54:37] Ep 338/750 | train_final=160677.09 (ret=0.6068) | avg_td_loss=0.0007
[2025-12-06 20:54:41] Ep 339/750 | train_final=153297.15 (ret=0.5330) | avg_td_loss=0.0007
[2025-12-06 20:54:45] Ep 340/750 | train_final=166240.17 (ret=0.6624) | avg_td_loss=0.0007
[2025-12-06 20:54:50] Ep 341/750 | train_final=164110.79 (ret=0.6411) | avg_td_loss=0.0007
[2025-12-06 20:54:54] Ep 342/750 | train_final=161726.15 (ret=0.6173) | avg_td_loss=0.0006
[2025-12-06 20:54:59] Ep 343/750 | train_final=168497.68 (ret=0.6850) | avg_td_loss=0.0006
[2025-12-06 20:55:04] Ep 344/750 | train_final=154721.01 (ret=0.5472) | avg_td_loss=0.0006
[2025-12-06 20:55:08] Ep 345/750 | train_final=163965.22 (ret=0.6397) | avg_td_loss=0.0006
[2025-12-06 20:55:12] Ep 346/750 | train_final=167024.91 (ret=0.6702) | avg_td_loss=0.0006
[2025-12-06 20:55:16] Ep 347/750 | train_final=162927.56 (ret=0.6293) | avg_td_loss=0.0006
[2025-12-06 20:55:20] Ep 348/750 | train_final=167232.88 (ret=0.6723) | avg_td_loss=0.0006
[2025-12-06 20:55:24] Ep 349/750 | train_final=169831.46 (ret=0.6983) | avg_td_loss=0.0006
[2025-12-06 20:55:28] Ep 350/750 | train_final=163236.56 (ret=0.6324) | avg_td_loss=0.0006 | val_final=146945.11 (ret=0.4695) (saved best)
[2025-12-06 20:55:33] Ep 351/750 | train_final=164098.76 (ret=0.6410) | avg_td_loss=0.0006
[2025-12-06 20:55:37] Ep 352/750 | train_final=159463.45 (ret=0.5946) | avg_td_loss=0.0006
[2025-12-06 20:55:41] Ep 353/750 | train_final=165102.25 (ret=0.6510) | avg_td_loss=0.0006
[2025-12-06 20:55:45] Ep 354/750 | train_final=165801.08 (ret=0.6580) | avg_td_loss=0.0006
[2025-12-06 20:55:49] Ep 355/750 | train_final=167110.26 (ret=0.6711) | avg_td_loss=0.0005
[2025-12-06 20:55:53] Ep 356/750 | train_final=168847.72 (ret=0.6885) | avg_td_loss=0.0006
[2025-12-06 20:55:57] Ep 357/750 | train_final=167285.33 (ret=0.6729) | avg_td_loss=0.0006
[2025-12-06 20:56:01] Ep 358/750 | train_final=168758.00 (ret=0.6876) | avg_td_loss=0.0006
[2025-12-06 20:56:06] Ep 359/750 | train_final=166475.69 (ret=0.6648) | avg_td_loss=0.0006
[2025-12-06 20:56:10] Ep 360/750 | train_final=172187.73 (ret=0.7219) | avg_td_loss=0.0006
[2025-12-06 20:56:15] Ep 361/750 | train_final=168002.93 (ret=0.6800) | avg_td_loss=0.0005
[2025-12-06 20:56:19] Ep 362/750 | train_final=166200.51 (ret=0.6620) | avg_td_loss=0.0005
[2025-12-06 20:56:24] Ep 363/750 | train_final=165630.20 (ret=0.6563) | avg_td_loss=0.0005
[2025-12-06 20:56:28] Ep 364/750 | train_final=167935.55 (ret=0.6794) | avg_td_loss=0.0005
[2025-12-06 20:56:32] Ep 365/750 | train_final=165465.07 (ret=0.6547) | avg_td_loss=0.0005
[2025-12-06 20:56:36] Ep 366/750 | train_final=162915.66 (ret=0.6292) | avg_td_loss=0.0005
[2025-12-06 20:56:40] Ep 367/750 | train_final=162712.99 (ret=0.6271) | avg_td_loss=0.0005
[2025-12-06 20:56:44] Ep 368/750 | train_final=131821.42 (ret=0.3182) | avg_td_loss=0.0005
[2025-12-06 20:56:48] Ep 369/750 | train_final=152805.59 (ret=0.5281) | avg_td_loss=0.0005
[2025-12-06 20:56:52] Ep 370/750 | train_final=166418.95 (ret=0.6642) | avg_td_loss=0.0005
[2025-12-06 20:56:56] Ep 371/750 | train_final=166762.27 (ret=0.6676) | avg_td_loss=0.0005
[2025-12-06 20:57:00] Ep 372/750 | train_final=166071.19 (ret=0.6607) | avg_td_loss=0.0005
[2025-12-06 20:57:05] Ep 373/750 | train_final=164582.24 (ret=0.6458) | avg_td_loss=0.0005
[2025-12-06 20:57:08] Ep 374/750 | train_final=166377.42 (ret=0.6638) | avg_td_loss=0.0005
[2025-12-06 20:57:13] Ep 375/750 | train_final=165313.08 (ret=0.6531) | avg_td_loss=0.0005
[2025-12-06 20:57:17] Ep 376/750 | train_final=169778.48 (ret=0.6978) | avg_td_loss=0.0005
[2025-12-06 20:57:21] Ep 377/750 | train_final=156575.61 (ret=0.5658) | avg_td_loss=0.0005
[2025-12-06 20:57:24] Ep 378/750 | train_final=167912.10 (ret=0.6791) | avg_td_loss=0.0005
[2025-12-06 20:57:27] Ep 379/750 | train_final=168573.11 (ret=0.6857) | avg_td_loss=0.0005
[2025-12-06 20:57:31] Ep 380/750 | train_final=166412.14 (ret=0.6641) | avg_td_loss=0.0005
[2025-12-06 20:57:34] Ep 381/750 | train_final=162422.18 (ret=0.6242) | avg_td_loss=0.0005
[2025-12-06 20:57:37] Ep 382/750 | train_final=167914.93 (ret=0.6791) | avg_td_loss=0.0005
[2025-12-06 20:57:41] Ep 383/750 | train_final=165754.74 (ret=0.6575) | avg_td_loss=0.0005
[2025-12-06 20:57:45] Ep 384/750 | train_final=158884.97 (ret=0.5888) | avg_td_loss=0.0005
[2025-12-06 20:57:48] Ep 385/750 | train_final=164736.87 (ret=0.6474) | avg_td_loss=0.0005
[2025-12-06 20:57:52] Ep 386/750 | train_final=165836.33 (ret=0.6584) | avg_td_loss=0.0005
[2025-12-06 20:57:56] Ep 387/750 | train_final=161610.23 (ret=0.6161) | avg_td_loss=0.0005
[2025-12-06 20:57:59] Ep 388/750 | train_final=166461.65 (ret=0.6646) | avg_td_loss=0.0005
[2025-12-06 20:58:03] Ep 389/750 | train_final=167912.92 (ret=0.6791) | avg_td_loss=0.0005
[2025-12-06 20:58:07] Ep 390/750 | train_final=163746.53 (ret=0.6375) | avg_td_loss=0.0005
[2025-12-06 20:58:10] Ep 391/750 | train_final=165583.72 (ret=0.6558) | avg_td_loss=0.0005
[2025-12-06 20:58:14] Ep 392/750 | train_final=157897.64 (ret=0.5790) | avg_td_loss=0.0005
[2025-12-06 20:58:17] Ep 393/750 | train_final=162620.82 (ret=0.6262) | avg_td_loss=0.0005
[2025-12-06 20:58:20] Ep 394/750 | train_final=171001.89 (ret=0.7100) | avg_td_loss=0.0005
[2025-12-06 20:58:24] Ep 395/750 | train_final=165021.42 (ret=0.6502) | avg_td_loss=0.0005
[2025-12-06 20:58:27] Ep 396/750 | train_final=164295.63 (ret=0.6430) | avg_td_loss=0.0005
[2025-12-06 20:58:31] Ep 397/750 | train_final=159304.45 (ret=0.5930) | avg_td_loss=0.0005
[2025-12-06 20:58:34] Ep 398/750 | train_final=165388.05 (ret=0.6539) | avg_td_loss=0.0005
[2025-12-06 20:58:37] Ep 399/750 | train_final=169829.36 (ret=0.6983) | avg_td_loss=0.0005
[2025-12-06 20:58:41] Ep 400/750 | train_final=162383.43 (ret=0.6238) | avg_td_loss=0.0005 | val_final=139640.08 (ret=0.3964)
[2025-12-06 20:58:44] Ep 401/750 | train_final=170134.66 (ret=0.7013) | avg_td_loss=0.0005
[2025-12-06 20:58:47] Ep 402/750 | train_final=167892.69 (ret=0.6789) | avg_td_loss=0.0005
[2025-12-06 20:58:51] Ep 403/750 | train_final=156185.66 (ret=0.5619) | avg_td_loss=0.0005
[2025-12-06 20:58:54] Ep 404/750 | train_final=154060.18 (ret=0.5406) | avg_td_loss=0.0005
[2025-12-06 20:58:57] Ep 405/750 | train_final=158408.01 (ret=0.5841) | avg_td_loss=0.0005
[2025-12-06 20:59:01] Ep 406/750 | train_final=172321.31 (ret=0.7232) | avg_td_loss=0.0005
[2025-12-06 20:59:04] Ep 407/750 | train_final=169235.95 (ret=0.6924) | avg_td_loss=0.0005
[2025-12-06 20:59:07] Ep 408/750 | train_final=174282.00 (ret=0.7428) | avg_td_loss=0.0005
[2025-12-06 20:59:11] Ep 409/750 | train_final=129192.83 (ret=0.2919) | avg_td_loss=0.0005
[2025-12-06 20:59:14] Ep 410/750 | train_final=174377.96 (ret=0.7438) | avg_td_loss=0.0005
[2025-12-06 20:59:17] Ep 411/750 | train_final=163264.55 (ret=0.6326) | avg_td_loss=0.0005
[2025-12-06 20:59:21] Ep 412/750 | train_final=167776.13 (ret=0.6778) | avg_td_loss=0.0005
[2025-12-06 20:59:24] Ep 413/750 | train_final=163511.57 (ret=0.6351) | avg_td_loss=0.0005
[2025-12-06 20:59:27] Ep 414/750 | train_final=164911.93 (ret=0.6491) | avg_td_loss=0.0005
[2025-12-06 20:59:30] Ep 415/750 | train_final=166442.33 (ret=0.6644) | avg_td_loss=0.0005
[2025-12-06 20:59:34] Ep 416/750 | train_final=158926.27 (ret=0.5893) | avg_td_loss=0.0005
[2025-12-06 20:59:37] Ep 417/750 | train_final=164901.63 (ret=0.6490) | avg_td_loss=0.0005
[2025-12-06 20:59:40] Ep 418/750 | train_final=169218.85 (ret=0.6922) | avg_td_loss=0.0005
[2025-12-06 20:59:44] Ep 419/750 | train_final=167661.32 (ret=0.6766) | avg_td_loss=0.0005
[2025-12-06 20:59:47] Ep 420/750 | train_final=168076.60 (ret=0.6808) | avg_td_loss=0.0005
[2025-12-06 20:59:50] Ep 421/750 | train_final=167643.51 (ret=0.6764) | avg_td_loss=0.0005
[2025-12-06 20:59:53] Ep 422/750 | train_final=170590.57 (ret=0.7059) | avg_td_loss=0.0005
[2025-12-06 20:59:56] Ep 423/750 | train_final=169368.30 (ret=0.6937) | avg_td_loss=0.0005
[2025-12-06 20:59:59] Ep 424/750 | train_final=160183.89 (ret=0.6018) | avg_td_loss=0.0005
[2025-12-06 21:00:03] Ep 425/750 | train_final=171740.65 (ret=0.7174) | avg_td_loss=0.0005
[2025-12-06 21:00:06] Ep 426/750 | train_final=160943.11 (ret=0.6094) | avg_td_loss=0.0005
[2025-12-06 21:00:09] Ep 427/750 | train_final=159446.07 (ret=0.5945) | avg_td_loss=0.0005
[2025-12-06 21:00:12] Ep 428/750 | train_final=170915.17 (ret=0.7092) | avg_td_loss=0.0005
[2025-12-06 21:00:16] Ep 429/750 | train_final=173743.40 (ret=0.7374) | avg_td_loss=0.0005
[2025-12-06 21:00:19] Ep 430/750 | train_final=164359.63 (ret=0.6436) | avg_td_loss=0.0005
[2025-12-06 21:00:22] Ep 431/750 | train_final=160867.87 (ret=0.6087) | avg_td_loss=0.0005
[2025-12-06 21:00:25] Ep 432/750 | train_final=161486.31 (ret=0.6149) | avg_td_loss=0.0005
[2025-12-06 21:00:28] Ep 433/750 | train_final=170213.39 (ret=0.7021) | avg_td_loss=0.0005
[2025-12-06 21:00:31] Ep 434/750 | train_final=159281.54 (ret=0.5928) | avg_td_loss=0.0005
[2025-12-06 21:00:35] Ep 435/750 | train_final=172000.68 (ret=0.7200) | avg_td_loss=0.0004
[2025-12-06 21:00:38] Ep 436/750 | train_final=171411.13 (ret=0.7141) | avg_td_loss=0.0004
[2025-12-06 21:00:42] Ep 437/750 | train_final=163863.37 (ret=0.6386) | avg_td_loss=0.0004
[2025-12-06 21:00:45] Ep 438/750 | train_final=160779.05 (ret=0.6078) | avg_td_loss=0.0004
[2025-12-06 21:00:49] Ep 439/750 | train_final=167257.93 (ret=0.6726) | avg_td_loss=0.0004
[2025-12-06 21:00:52] Ep 440/750 | train_final=173210.15 (ret=0.7321) | avg_td_loss=0.0004
[2025-12-06 21:00:55] Ep 441/750 | train_final=169441.32 (ret=0.6944) | avg_td_loss=0.0005
[2025-12-06 21:00:59] Ep 442/750 | train_final=161226.12 (ret=0.6123) | avg_td_loss=0.0004
[2025-12-06 21:01:02] Ep 443/750 | train_final=171201.92 (ret=0.7120) | avg_td_loss=0.0004
[2025-12-06 21:01:05] Ep 444/750 | train_final=172134.75 (ret=0.7213) | avg_td_loss=0.0004
[2025-12-06 21:01:09] Ep 445/750 | train_final=161900.95 (ret=0.6190) | avg_td_loss=0.0005
[2025-12-06 21:01:12] Ep 446/750 | train_final=166312.98 (ret=0.6631) | avg_td_loss=0.0005
[2025-12-06 21:01:15] Ep 447/750 | train_final=146373.35 (ret=0.4637) | avg_td_loss=0.0005
[2025-12-06 21:01:19] Ep 448/750 | train_final=162944.18 (ret=0.6294) | avg_td_loss=0.0005
[2025-12-06 21:01:22] Ep 449/750 | train_final=141239.32 (ret=0.4124) | avg_td_loss=0.0005
[2025-12-06 21:01:27] Ep 450/750 | train_final=172950.63 (ret=0.7295) | avg_td_loss=0.0005 | val_final=119610.60 (ret=0.1961)
[2025-12-06 21:01:31] Ep 451/750 | train_final=160003.12 (ret=0.6000) | avg_td_loss=0.0005
[2025-12-06 21:01:34] Ep 452/750 | train_final=168157.80 (ret=0.6816) | avg_td_loss=0.0005
[2025-12-06 21:01:38] Ep 453/750 | train_final=159743.07 (ret=0.5974) | avg_td_loss=0.0005
[2025-12-06 21:01:41] Ep 454/750 | train_final=168131.82 (ret=0.6813) | avg_td_loss=0.0005
[2025-12-06 21:01:45] Ep 455/750 | train_final=165607.59 (ret=0.6561) | avg_td_loss=0.0005
[2025-12-06 21:01:49] Ep 456/750 | train_final=165139.35 (ret=0.6514) | avg_td_loss=0.0005
[2025-12-06 21:01:53] Ep 457/750 | train_final=167749.08 (ret=0.6775) | avg_td_loss=0.0005
[2025-12-06 21:01:59] Ep 458/750 | train_final=162269.29 (ret=0.6227) | avg_td_loss=0.0005
[2025-12-06 21:02:04] Ep 459/750 | train_final=170981.15 (ret=0.7098) | avg_td_loss=0.0005
[2025-12-06 21:02:07] Ep 460/750 | train_final=172336.65 (ret=0.7234) | avg_td_loss=0.0005
[2025-12-06 21:02:10] Ep 461/750 | train_final=166223.27 (ret=0.6622) | avg_td_loss=0.0005
[2025-12-06 21:02:15] Ep 462/750 | train_final=167654.88 (ret=0.6765) | avg_td_loss=0.0005
[2025-12-06 21:02:20] Ep 463/750 | train_final=129536.38 (ret=0.2954) | avg_td_loss=0.0005
[2025-12-06 21:02:23] Ep 464/750 | train_final=161405.33 (ret=0.6141) | avg_td_loss=0.0005
[2025-12-06 21:02:27] Ep 465/750 | train_final=164999.15 (ret=0.6500) | avg_td_loss=0.0005
[2025-12-06 21:02:30] Ep 466/750 | train_final=151253.84 (ret=0.5125) | avg_td_loss=0.0005
[2025-12-06 21:02:34] Ep 467/750 | train_final=161497.04 (ret=0.6150) | avg_td_loss=0.0005
[2025-12-06 21:02:37] Ep 468/750 | train_final=169555.56 (ret=0.6956) | avg_td_loss=0.0005
[2025-12-06 21:02:40] Ep 469/750 | train_final=167167.99 (ret=0.6717) | avg_td_loss=0.0005
[2025-12-06 21:02:44] Ep 470/750 | train_final=168390.22 (ret=0.6839) | avg_td_loss=0.0005
[2025-12-06 21:02:47] Ep 471/750 | train_final=175912.90 (ret=0.7591) | avg_td_loss=0.0005
[2025-12-06 21:02:50] Ep 472/750 | train_final=172412.71 (ret=0.7241) | avg_td_loss=0.0005
[2025-12-06 21:02:54] Ep 473/750 | train_final=172443.17 (ret=0.7244) | avg_td_loss=0.0005
[2025-12-06 21:02:57] Ep 474/750 | train_final=168587.47 (ret=0.6859) | avg_td_loss=0.0005
[2025-12-06 21:03:00] Ep 475/750 | train_final=156493.20 (ret=0.5649) | avg_td_loss=0.0005
[2025-12-06 21:03:04] Ep 476/750 | train_final=163470.02 (ret=0.6347) | avg_td_loss=0.0005
[2025-12-06 21:03:07] Ep 477/750 | train_final=170255.79 (ret=0.7026) | avg_td_loss=0.0005
[2025-12-06 21:03:10] Ep 478/750 | train_final=168850.29 (ret=0.6885) | avg_td_loss=0.0005
[2025-12-06 21:03:13] Ep 479/750 | train_final=173712.33 (ret=0.7371) | avg_td_loss=0.0005
[2025-12-06 21:03:17] Ep 480/750 | train_final=171995.64 (ret=0.7200) | avg_td_loss=0.0005
[2025-12-06 21:03:20] Ep 481/750 | train_final=172332.59 (ret=0.7233) | avg_td_loss=0.0005
[2025-12-06 21:03:23] Ep 482/750 | train_final=173539.49 (ret=0.7354) | avg_td_loss=0.0005
[2025-12-06 21:03:27] Ep 483/750 | train_final=171613.77 (ret=0.7161) | avg_td_loss=0.0004
[2025-12-06 21:03:30] Ep 484/750 | train_final=168347.15 (ret=0.6835) | avg_td_loss=0.0005
[2025-12-06 21:03:33] Ep 485/750 | train_final=176935.81 (ret=0.7694) | avg_td_loss=0.0004
[2025-12-06 21:03:37] Ep 486/750 | train_final=170217.43 (ret=0.7022) | avg_td_loss=0.0005
[2025-12-06 21:03:40] Ep 487/750 | train_final=175416.94 (ret=0.7542) | avg_td_loss=0.0005
[2025-12-06 21:03:43] Ep 488/750 | train_final=173449.68 (ret=0.7345) | avg_td_loss=0.0004
[2025-12-06 21:03:46] Ep 489/750 | train_final=173038.51 (ret=0.7304) | avg_td_loss=0.0005
[2025-12-06 21:03:49] Ep 490/750 | train_final=172866.94 (ret=0.7287) | avg_td_loss=0.0005
[2025-12-06 21:03:52] Ep 491/750 | train_final=171559.24 (ret=0.7156) | avg_td_loss=0.0005
[2025-12-06 21:03:55] Ep 492/750 | train_final=171946.21 (ret=0.7195) | avg_td_loss=0.0004
[2025-12-06 21:03:59] Ep 493/750 | train_final=176382.40 (ret=0.7638) | avg_td_loss=0.0004
[2025-12-06 21:04:02] Ep 494/750 | train_final=170790.03 (ret=0.7079) | avg_td_loss=0.0005
[2025-12-06 21:04:06] Ep 495/750 | train_final=166708.42 (ret=0.6671) | avg_td_loss=0.0004
[2025-12-06 21:04:09] Ep 496/750 | train_final=171937.35 (ret=0.7194) | avg_td_loss=0.0004
[2025-12-06 21:04:13] Ep 497/750 | train_final=178210.63 (ret=0.7821) | avg_td_loss=0.0005
[2025-12-06 21:04:16] Ep 498/750 | train_final=171927.37 (ret=0.7193) | avg_td_loss=0.0005
[2025-12-06 21:04:20] Ep 499/750 | train_final=170095.94 (ret=0.7010) | avg_td_loss=0.0004
[2025-12-06 21:04:23] Ep 500/750 | train_final=165480.43 (ret=0.6548) | avg_td_loss=0.0004 | val_final=162883.86 (ret=0.6288) (saved best)
[2025-12-06 21:04:26] Ep 501/750 | train_final=169978.85 (ret=0.6998) | avg_td_loss=0.0004
[2025-12-06 21:04:30] Ep 502/750 | train_final=168144.69 (ret=0.6814) | avg_td_loss=0.0004
[2025-12-06 21:04:34] Ep 503/750 | train_final=172751.05 (ret=0.7275) | avg_td_loss=0.0004
[2025-12-06 21:04:37] Ep 504/750 | train_final=175026.81 (ret=0.7503) | avg_td_loss=0.0004
[2025-12-06 21:04:40] Ep 505/750 | train_final=176418.66 (ret=0.7642) | avg_td_loss=0.0004
[2025-12-06 21:04:44] Ep 506/750 | train_final=164597.07 (ret=0.6460) | avg_td_loss=0.0005
[2025-12-06 21:04:47] Ep 507/750 | train_final=169800.59 (ret=0.6980) | avg_td_loss=0.0004
[2025-12-06 21:04:51] Ep 508/750 | train_final=170356.55 (ret=0.7036) | avg_td_loss=0.0004
[2025-12-06 21:04:54] Ep 509/750 | train_final=165946.88 (ret=0.6595) | avg_td_loss=0.0005
[2025-12-06 21:04:58] Ep 510/750 | train_final=168928.61 (ret=0.6893) | avg_td_loss=0.0004
[2025-12-06 21:05:01] Ep 511/750 | train_final=171483.40 (ret=0.7148) | avg_td_loss=0.0005
[2025-12-06 21:05:04] Ep 512/750 | train_final=174118.40 (ret=0.7412) | avg_td_loss=0.0005
[2025-12-06 21:05:07] Ep 513/750 | train_final=166106.40 (ret=0.6611) | avg_td_loss=0.0004
[2025-12-06 21:05:11] Ep 514/750 | train_final=168205.73 (ret=0.6821) | avg_td_loss=0.0004
[2025-12-06 21:05:16] Ep 515/750 | train_final=164638.66 (ret=0.6464) | avg_td_loss=0.0004
[2025-12-06 21:05:19] Ep 516/750 | train_final=171498.63 (ret=0.7150) | avg_td_loss=0.0004
[2025-12-06 21:05:23] Ep 517/750 | train_final=171122.75 (ret=0.7112) | avg_td_loss=0.0004
[2025-12-06 21:05:26] Ep 518/750 | train_final=171824.60 (ret=0.7182) | avg_td_loss=0.0004
[2025-12-06 21:05:30] Ep 519/750 | train_final=178154.92 (ret=0.7815) | avg_td_loss=0.0004
[2025-12-06 21:05:34] Ep 520/750 | train_final=177134.17 (ret=0.7713) | avg_td_loss=0.0004
[2025-12-06 21:05:37] Ep 521/750 | train_final=169843.88 (ret=0.6984) | avg_td_loss=0.0004
[2025-12-06 21:05:40] Ep 522/750 | train_final=165258.50 (ret=0.6526) | avg_td_loss=0.0004
[2025-12-06 21:05:43] Ep 523/750 | train_final=174249.26 (ret=0.7425) | avg_td_loss=0.0004
[2025-12-06 21:05:47] Ep 524/750 | train_final=163516.63 (ret=0.6352) | avg_td_loss=0.0004
[2025-12-06 21:05:50] Ep 525/750 | train_final=172130.60 (ret=0.7213) | avg_td_loss=0.0004
[2025-12-06 21:05:53] Ep 526/750 | train_final=173224.21 (ret=0.7322) | avg_td_loss=0.0004
[2025-12-06 21:05:57] Ep 527/750 | train_final=168383.30 (ret=0.6838) | avg_td_loss=0.0004
[2025-12-06 21:06:00] Ep 528/750 | train_final=140636.66 (ret=0.4064) | avg_td_loss=0.0003
[2025-12-06 21:06:04] Ep 529/750 | train_final=172069.71 (ret=0.7207) | avg_td_loss=0.0003
[2025-12-06 21:06:07] Ep 530/750 | train_final=172881.11 (ret=0.7288) | avg_td_loss=0.0003
[2025-12-06 21:06:10] Ep 531/750 | train_final=166980.35 (ret=0.6698) | avg_td_loss=0.0003
[2025-12-06 21:06:14] Ep 532/750 | train_final=172637.46 (ret=0.7264) | avg_td_loss=0.0003
[2025-12-06 21:06:17] Ep 533/750 | train_final=174193.54 (ret=0.7419) | avg_td_loss=0.0003
[2025-12-06 21:06:21] Ep 534/750 | train_final=178022.73 (ret=0.7802) | avg_td_loss=0.0003
[2025-12-06 21:06:24] Ep 535/750 | train_final=174496.07 (ret=0.7450) | avg_td_loss=0.0003
[2025-12-06 21:06:28] Ep 536/750 | train_final=169130.73 (ret=0.6913) | avg_td_loss=0.0003
[2025-12-06 21:06:31] Ep 537/750 | train_final=175250.58 (ret=0.7525) | avg_td_loss=0.0003
[2025-12-06 21:06:34] Ep 538/750 | train_final=172665.71 (ret=0.7267) | avg_td_loss=0.0003
[2025-12-06 21:06:38] Ep 539/750 | train_final=164883.55 (ret=0.6488) | avg_td_loss=0.0003
[2025-12-06 21:06:41] Ep 540/750 | train_final=172198.35 (ret=0.7220) | avg_td_loss=0.0003
[2025-12-06 21:06:45] Ep 541/750 | train_final=172618.95 (ret=0.7262) | avg_td_loss=0.0004
[2025-12-06 21:06:48] Ep 542/750 | train_final=162779.75 (ret=0.6278) | avg_td_loss=0.0003
[2025-12-06 21:06:52] Ep 543/750 | train_final=165926.62 (ret=0.6593) | avg_td_loss=0.0003
[2025-12-06 21:06:55] Ep 544/750 | train_final=166579.09 (ret=0.6658) | avg_td_loss=0.0003
[2025-12-06 21:06:59] Ep 545/750 | train_final=174305.46 (ret=0.7431) | avg_td_loss=0.0003
[2025-12-06 21:07:02] Ep 546/750 | train_final=174971.09 (ret=0.7497) | avg_td_loss=0.0003
[2025-12-06 21:07:05] Ep 547/750 | train_final=174409.72 (ret=0.7441) | avg_td_loss=0.0003
[2025-12-06 21:07:09] Ep 548/750 | train_final=175803.52 (ret=0.7580) | avg_td_loss=0.0003
[2025-12-06 21:07:12] Ep 549/750 | train_final=174552.97 (ret=0.7455) | avg_td_loss=0.0003
[2025-12-06 21:07:15] Ep 550/750 | train_final=173490.53 (ret=0.7349) | avg_td_loss=0.0003 | val_final=153906.51 (ret=0.5391)
[2025-12-06 21:07:19] Ep 551/750 | train_final=177368.39 (ret=0.7737) | avg_td_loss=0.0003
[2025-12-06 21:07:22] Ep 552/750 | train_final=175788.70 (ret=0.7579) | avg_td_loss=0.0003
[2025-12-06 21:07:26] Ep 553/750 | train_final=175840.09 (ret=0.7584) | avg_td_loss=0.0003
[2025-12-06 21:07:29] Ep 554/750 | train_final=175844.70 (ret=0.7584) | avg_td_loss=0.0003
[2025-12-06 21:07:32] Ep 555/750 | train_final=179669.33 (ret=0.7967) | avg_td_loss=0.0003
[2025-12-06 21:07:35] Ep 556/750 | train_final=178567.42 (ret=0.7857) | avg_td_loss=0.0003
[2025-12-06 21:07:38] Ep 557/750 | train_final=177255.87 (ret=0.7726) | avg_td_loss=0.0003
[2025-12-06 21:07:42] Ep 558/750 | train_final=171487.97 (ret=0.7149) | avg_td_loss=0.0003
[2025-12-06 21:07:45] Ep 559/750 | train_final=176654.82 (ret=0.7665) | avg_td_loss=0.0003
[2025-12-06 21:07:49] Ep 560/750 | train_final=175527.62 (ret=0.7553) | avg_td_loss=0.0003
[2025-12-06 21:07:53] Ep 561/750 | train_final=173529.65 (ret=0.7353) | avg_td_loss=0.0003
[2025-12-06 21:07:56] Ep 562/750 | train_final=141164.79 (ret=0.4116) | avg_td_loss=0.0003
[2025-12-06 21:08:01] Ep 563/750 | train_final=112289.10 (ret=0.1229) | avg_td_loss=0.0003
[2025-12-06 21:08:05] Ep 564/750 | train_final=175894.95 (ret=0.7589) | avg_td_loss=0.0003
[2025-12-06 21:08:08] Ep 565/750 | train_final=165808.48 (ret=0.6581) | avg_td_loss=0.0003
[2025-12-06 21:08:12] Ep 566/750 | train_final=165556.77 (ret=0.6556) | avg_td_loss=0.0003
[2025-12-06 21:08:15] Ep 567/750 | train_final=112708.81 (ret=0.1271) | avg_td_loss=0.0003
[2025-12-06 21:08:19] Ep 568/750 | train_final=173548.23 (ret=0.7355) | avg_td_loss=0.0004
[2025-12-06 21:08:23] Ep 569/750 | train_final=171926.32 (ret=0.7193) | avg_td_loss=0.0004
[2025-12-06 21:08:26] Ep 570/750 | train_final=171149.18 (ret=0.7115) | avg_td_loss=0.0004
[2025-12-06 21:08:30] Ep 571/750 | train_final=167711.29 (ret=0.6771) | avg_td_loss=0.0004
[2025-12-06 21:08:33] Ep 572/750 | train_final=176306.51 (ret=0.7631) | avg_td_loss=0.0004
[2025-12-06 21:08:37] Ep 573/750 | train_final=173182.71 (ret=0.7318) | avg_td_loss=0.0004
[2025-12-06 21:08:40] Ep 574/750 | train_final=173884.52 (ret=0.7388) | avg_td_loss=0.0004
[2025-12-06 21:08:44] Ep 575/750 | train_final=173902.21 (ret=0.7390) | avg_td_loss=0.0004
[2025-12-06 21:08:48] Ep 576/750 | train_final=172017.17 (ret=0.7202) | avg_td_loss=0.0004
[2025-12-06 21:08:52] Ep 577/750 | train_final=168547.76 (ret=0.6855) | avg_td_loss=0.0004
[2025-12-06 21:08:56] Ep 578/750 | train_final=173554.22 (ret=0.7355) | avg_td_loss=0.0004
[2025-12-06 21:08:59] Ep 579/750 | train_final=172509.41 (ret=0.7251) | avg_td_loss=0.0004
[2025-12-06 21:09:03] Ep 580/750 | train_final=172943.20 (ret=0.7294) | avg_td_loss=0.0004
[2025-12-06 21:09:06] Ep 581/750 | train_final=172613.78 (ret=0.7261) | avg_td_loss=0.0003
[2025-12-06 21:09:10] Ep 582/750 | train_final=172252.28 (ret=0.7225) | avg_td_loss=0.0003
[2025-12-06 21:09:13] Ep 583/750 | train_final=173106.20 (ret=0.7311) | avg_td_loss=0.0003
[2025-12-06 21:09:17] Ep 584/750 | train_final=171899.02 (ret=0.7190) | avg_td_loss=0.0003
[2025-12-06 21:09:20] Ep 585/750 | train_final=173742.80 (ret=0.7374) | avg_td_loss=0.0003
[2025-12-06 21:09:24] Ep 586/750 | train_final=167931.62 (ret=0.6793) | avg_td_loss=0.0003
[2025-12-06 21:09:29] Ep 587/750 | train_final=174018.63 (ret=0.7402) | avg_td_loss=0.0003
[2025-12-06 21:09:32] Ep 588/750 | train_final=175627.09 (ret=0.7563) | avg_td_loss=0.0003
[2025-12-06 21:09:36] Ep 589/750 | train_final=174766.27 (ret=0.7477) | avg_td_loss=0.0003
[2025-12-06 21:09:39] Ep 590/750 | train_final=171389.57 (ret=0.7139) | avg_td_loss=0.0003
[2025-12-06 21:09:42] Ep 591/750 | train_final=169995.33 (ret=0.7000) | avg_td_loss=0.0003
[2025-12-06 21:09:46] Ep 592/750 | train_final=171481.52 (ret=0.7148) | avg_td_loss=0.0003
[2025-12-06 21:09:49] Ep 593/750 | train_final=176644.67 (ret=0.7664) | avg_td_loss=0.0003
[2025-12-06 21:09:53] Ep 594/750 | train_final=170831.64 (ret=0.7083) | avg_td_loss=0.0003
[2025-12-06 21:09:56] Ep 595/750 | train_final=175618.45 (ret=0.7562) | avg_td_loss=0.0003
[2025-12-06 21:10:00] Ep 596/750 | train_final=175881.11 (ret=0.7588) | avg_td_loss=0.0003
[2025-12-06 21:10:03] Ep 597/750 | train_final=175495.47 (ret=0.7550) | avg_td_loss=0.0003
[2025-12-06 21:10:07] Ep 598/750 | train_final=128071.08 (ret=0.2807) | avg_td_loss=0.0003
[2025-12-06 21:10:11] Ep 599/750 | train_final=174317.91 (ret=0.7432) | avg_td_loss=0.0003
[2025-12-06 21:10:14] Ep 600/750 | train_final=172075.11 (ret=0.7208) | avg_td_loss=0.0003 | val_final=152443.36 (ret=0.5244)
[2025-12-06 21:10:18] Ep 601/750 | train_final=170448.63 (ret=0.7045) | avg_td_loss=0.0003
[2025-12-06 21:10:21] Ep 602/750 | train_final=172209.14 (ret=0.7221) | avg_td_loss=0.0003
[2025-12-06 21:10:25] Ep 603/750 | train_final=175900.32 (ret=0.7590) | avg_td_loss=0.0003
[2025-12-06 21:10:29] Ep 604/750 | train_final=169508.00 (ret=0.6951) | avg_td_loss=0.0003
[2025-12-06 21:10:32] Ep 605/750 | train_final=174644.58 (ret=0.7464) | avg_td_loss=0.0003
[2025-12-06 21:10:36] Ep 606/750 | train_final=173018.09 (ret=0.7302) | avg_td_loss=0.0003
[2025-12-06 21:10:40] Ep 607/750 | train_final=173619.46 (ret=0.7362) | avg_td_loss=0.0003
[2025-12-06 21:10:43] Ep 608/750 | train_final=168602.80 (ret=0.6860) | avg_td_loss=0.0003
[2025-12-06 21:10:47] Ep 609/750 | train_final=177938.79 (ret=0.7794) | avg_td_loss=0.0003
[2025-12-06 21:10:50] Ep 610/750 | train_final=173555.21 (ret=0.7356) | avg_td_loss=0.0003
[2025-12-06 21:10:54] Ep 611/750 | train_final=168668.22 (ret=0.6867) | avg_td_loss=0.0003
[2025-12-06 21:10:57] Ep 612/750 | train_final=170313.18 (ret=0.7031) | avg_td_loss=0.0003
[2025-12-06 21:11:01] Ep 613/750 | train_final=174396.17 (ret=0.7440) | avg_td_loss=0.0003
[2025-12-06 21:11:04] Ep 614/750 | train_final=165063.54 (ret=0.6506) | avg_td_loss=0.0003
[2025-12-06 21:11:08] Ep 615/750 | train_final=174422.80 (ret=0.7442) | avg_td_loss=0.0003
[2025-12-06 21:11:11] Ep 616/750 | train_final=169657.05 (ret=0.6966) | avg_td_loss=0.0003
[2025-12-06 21:11:15] Ep 617/750 | train_final=176941.07 (ret=0.7694) | avg_td_loss=0.0003
[2025-12-06 21:11:18] Ep 618/750 | train_final=175822.02 (ret=0.7582) | avg_td_loss=0.0003
[2025-12-06 21:11:22] Ep 619/750 | train_final=174501.94 (ret=0.7450) | avg_td_loss=0.0003
[2025-12-06 21:11:26] Ep 620/750 | train_final=160678.58 (ret=0.6068) | avg_td_loss=0.0003
[2025-12-06 21:11:29] Ep 621/750 | train_final=178194.43 (ret=0.7819) | avg_td_loss=0.0003
[2025-12-06 21:11:32] Ep 622/750 | train_final=170567.55 (ret=0.7057) | avg_td_loss=0.0003
[2025-12-06 21:11:36] Ep 623/750 | train_final=176866.53 (ret=0.7687) | avg_td_loss=0.0003
[2025-12-06 21:11:39] Ep 624/750 | train_final=177988.75 (ret=0.7799) | avg_td_loss=0.0003
[2025-12-06 21:11:43] Ep 625/750 | train_final=176975.51 (ret=0.7698) | avg_td_loss=0.0003
[2025-12-06 21:11:47] Ep 626/750 | train_final=174642.69 (ret=0.7464) | avg_td_loss=0.0003
[2025-12-06 21:11:50] Ep 627/750 | train_final=172554.53 (ret=0.7255) | avg_td_loss=0.0003
[2025-12-06 21:11:53] Ep 628/750 | train_final=173614.54 (ret=0.7361) | avg_td_loss=0.0003
[2025-12-06 21:11:57] Ep 629/750 | train_final=173050.85 (ret=0.7305) | avg_td_loss=0.0003
[2025-12-06 21:12:00] Ep 630/750 | train_final=172064.43 (ret=0.7206) | avg_td_loss=0.0003
[2025-12-06 21:12:04] Ep 631/750 | train_final=174066.77 (ret=0.7407) | avg_td_loss=0.0003
[2025-12-06 21:12:08] Ep 632/750 | train_final=175769.18 (ret=0.7577) | avg_td_loss=0.0003
[2025-12-06 21:12:12] Ep 633/750 | train_final=170517.55 (ret=0.7052) | avg_td_loss=0.0003
[2025-12-06 21:12:15] Ep 634/750 | train_final=169997.18 (ret=0.7000) | avg_td_loss=0.0003
[2025-12-06 21:12:19] Ep 635/750 | train_final=170014.81 (ret=0.7001) | avg_td_loss=0.0002
[2025-12-06 21:12:22] Ep 636/750 | train_final=172026.88 (ret=0.7203) | avg_td_loss=0.0003
[2025-12-06 21:12:26] Ep 637/750 | train_final=175586.15 (ret=0.7559) | avg_td_loss=0.0003
[2025-12-06 21:12:29] Ep 638/750 | train_final=174860.53 (ret=0.7486) | avg_td_loss=0.0002
[2025-12-06 21:12:33] Ep 639/750 | train_final=173169.62 (ret=0.7317) | avg_td_loss=0.0003
[2025-12-06 21:12:36] Ep 640/750 | train_final=179547.58 (ret=0.7955) | avg_td_loss=0.0002
[2025-12-06 21:12:40] Ep 641/750 | train_final=176099.59 (ret=0.7610) | avg_td_loss=0.0003
[2025-12-06 21:12:43] Ep 642/750 | train_final=175455.93 (ret=0.7546) | avg_td_loss=0.0002
[2025-12-06 21:12:47] Ep 643/750 | train_final=178008.14 (ret=0.7801) | avg_td_loss=0.0002
[2025-12-06 21:12:50] Ep 644/750 | train_final=176398.78 (ret=0.7640) | avg_td_loss=0.0002
[2025-12-06 21:12:53] Ep 645/750 | train_final=177698.58 (ret=0.7770) | avg_td_loss=0.0003
[2025-12-06 21:12:57] Ep 646/750 | train_final=177828.97 (ret=0.7783) | avg_td_loss=0.0003
[2025-12-06 21:13:00] Ep 647/750 | train_final=170090.46 (ret=0.7009) | avg_td_loss=0.0003
[2025-12-06 21:13:03] Ep 648/750 | train_final=177239.35 (ret=0.7724) | avg_td_loss=0.0002
[2025-12-06 21:13:06] Ep 649/750 | train_final=176570.51 (ret=0.7657) | avg_td_loss=0.0003
[2025-12-06 21:13:10] Ep 650/750 | train_final=176068.82 (ret=0.7607) | avg_td_loss=0.0003 | val_final=153146.80 (ret=0.5315)
[2025-12-06 21:13:13] Ep 651/750 | train_final=176026.78 (ret=0.7603) | avg_td_loss=0.0002
[2025-12-06 21:13:16] Ep 652/750 | train_final=175367.96 (ret=0.7537) | avg_td_loss=0.0003
[2025-12-06 21:13:20] Ep 653/750 | train_final=166897.06 (ret=0.6690) | avg_td_loss=0.0003
[2025-12-06 21:13:23] Ep 654/750 | train_final=173977.04 (ret=0.7398) | avg_td_loss=0.0003
[2025-12-06 21:13:26] Ep 655/750 | train_final=172406.57 (ret=0.7241) | avg_td_loss=0.0003
[2025-12-06 21:13:30] Ep 656/750 | train_final=176284.49 (ret=0.7628) | avg_td_loss=0.0002
[2025-12-06 21:13:33] Ep 657/750 | train_final=177343.92 (ret=0.7734) | avg_td_loss=0.0002
[2025-12-06 21:13:36] Ep 658/750 | train_final=170883.00 (ret=0.7088) | avg_td_loss=0.0002
[2025-12-06 21:13:39] Ep 659/750 | train_final=167665.05 (ret=0.6767) | avg_td_loss=0.0003
[2025-12-06 21:13:43] Ep 660/750 | train_final=173476.70 (ret=0.7348) | avg_td_loss=0.0003
[2025-12-06 21:13:46] Ep 661/750 | train_final=176490.89 (ret=0.7649) | avg_td_loss=0.0003
[2025-12-06 21:13:49] Ep 662/750 | train_final=176613.50 (ret=0.7661) | avg_td_loss=0.0003
[2025-12-06 21:13:53] Ep 663/750 | train_final=176255.19 (ret=0.7626) | avg_td_loss=0.0003
[2025-12-06 21:13:56] Ep 664/750 | train_final=175430.89 (ret=0.7543) | avg_td_loss=0.0002
[2025-12-06 21:13:59] Ep 665/750 | train_final=177383.50 (ret=0.7738) | avg_td_loss=0.0003
[2025-12-06 21:14:02] Ep 666/750 | train_final=178962.24 (ret=0.7896) | avg_td_loss=0.0002
[2025-12-06 21:14:06] Ep 667/750 | train_final=176219.88 (ret=0.7622) | avg_td_loss=0.0002
[2025-12-06 21:14:09] Ep 668/750 | train_final=174997.94 (ret=0.7500) | avg_td_loss=0.0002
[2025-12-06 21:14:12] Ep 669/750 | train_final=176095.02 (ret=0.7610) | avg_td_loss=0.0003
[2025-12-06 21:14:16] Ep 670/750 | train_final=144938.30 (ret=0.4494) | avg_td_loss=0.0003
[2025-12-06 21:14:20] Ep 671/750 | train_final=168758.06 (ret=0.6876) | avg_td_loss=0.0003
[2025-12-06 21:14:24] Ep 672/750 | train_final=172090.62 (ret=0.7209) | avg_td_loss=0.0002
[2025-12-06 21:14:27] Ep 673/750 | train_final=168910.87 (ret=0.6891) | avg_td_loss=0.0003
[2025-12-06 21:14:31] Ep 674/750 | train_final=179148.21 (ret=0.7915) | avg_td_loss=0.0003
[2025-12-06 21:14:34] Ep 675/750 | train_final=180276.80 (ret=0.8028) | avg_td_loss=0.0003
[2025-12-06 21:14:38] Ep 676/750 | train_final=177291.62 (ret=0.7729) | avg_td_loss=0.0002
[2025-12-06 21:14:41] Ep 677/750 | train_final=167724.01 (ret=0.6772) | avg_td_loss=0.0003
[2025-12-06 21:14:45] Ep 678/750 | train_final=179429.35 (ret=0.7943) | avg_td_loss=0.0003
[2025-12-06 21:14:48] Ep 679/750 | train_final=172432.49 (ret=0.7243) | avg_td_loss=0.0003
[2025-12-06 21:14:52] Ep 680/750 | train_final=177135.75 (ret=0.7714) | avg_td_loss=0.0003
[2025-12-06 21:14:56] Ep 681/750 | train_final=177283.47 (ret=0.7728) | avg_td_loss=0.0003
[2025-12-06 21:15:00] Ep 682/750 | train_final=175782.88 (ret=0.7578) | avg_td_loss=0.0003
[2025-12-06 21:15:03] Ep 683/750 | train_final=178256.85 (ret=0.7826) | avg_td_loss=0.0003
[2025-12-06 21:15:07] Ep 684/750 | train_final=179414.84 (ret=0.7941) | avg_td_loss=0.0003
[2025-12-06 21:15:11] Ep 685/750 | train_final=175897.65 (ret=0.7590) | avg_td_loss=0.0003
[2025-12-06 21:15:14] Ep 686/750 | train_final=174833.39 (ret=0.7483) | avg_td_loss=0.0003
[2025-12-06 21:15:19] Ep 687/750 | train_final=176567.21 (ret=0.7657) | avg_td_loss=0.0003
[2025-12-06 21:15:22] Ep 688/750 | train_final=172630.48 (ret=0.7263) | avg_td_loss=0.0003
[2025-12-06 21:15:26] Ep 689/750 | train_final=176348.25 (ret=0.7635) | avg_td_loss=0.0003
[2025-12-06 21:15:29] Ep 690/750 | train_final=176198.81 (ret=0.7620) | avg_td_loss=0.0003
[2025-12-06 21:15:33] Ep 691/750 | train_final=176871.07 (ret=0.7687) | avg_td_loss=0.0002
[2025-12-06 21:15:36] Ep 692/750 | train_final=171940.29 (ret=0.7194) | avg_td_loss=0.0002
[2025-12-06 21:15:40] Ep 693/750 | train_final=177780.77 (ret=0.7778) | avg_td_loss=0.0002
[2025-12-06 21:15:43] Ep 694/750 | train_final=175244.87 (ret=0.7524) | avg_td_loss=0.0003
[2025-12-06 21:15:48] Ep 695/750 | train_final=178251.31 (ret=0.7825) | avg_td_loss=0.0002
[2025-12-06 21:15:52] Ep 696/750 | train_final=172560.73 (ret=0.7256) | avg_td_loss=0.0002
[2025-12-06 21:15:55] Ep 697/750 | train_final=174817.89 (ret=0.7482) | avg_td_loss=0.0002
[2025-12-06 21:15:59] Ep 698/750 | train_final=171378.14 (ret=0.7138) | avg_td_loss=0.0002
[2025-12-06 21:16:03] Ep 699/750 | train_final=173045.38 (ret=0.7305) | avg_td_loss=0.0003
[2025-12-06 21:16:07] Ep 700/750 | train_final=171070.84 (ret=0.7107) | avg_td_loss=0.0002 | val_final=154045.01 (ret=0.5405)
[2025-12-06 21:16:11] Ep 701/750 | train_final=172893.67 (ret=0.7289) | avg_td_loss=0.0002
[2025-12-06 21:16:15] Ep 702/750 | train_final=170472.44 (ret=0.7047) | avg_td_loss=0.0002
[2025-12-06 21:16:19] Ep 703/750 | train_final=175068.91 (ret=0.7507) | avg_td_loss=0.0002
[2025-12-06 21:16:23] Ep 704/750 | train_final=172147.07 (ret=0.7215) | avg_td_loss=0.0002
[2025-12-06 21:16:26] Ep 705/750 | train_final=173424.02 (ret=0.7342) | avg_td_loss=0.0002
[2025-12-06 21:16:30] Ep 706/750 | train_final=181529.23 (ret=0.8153) | avg_td_loss=0.0003
[2025-12-06 21:16:33] Ep 707/750 | train_final=180662.94 (ret=0.8066) | avg_td_loss=0.0002
[2025-12-06 21:16:37] Ep 708/750 | train_final=173830.72 (ret=0.7383) | avg_td_loss=0.0003
[2025-12-06 21:16:41] Ep 709/750 | train_final=177769.64 (ret=0.7777) | avg_td_loss=0.0002
[2025-12-06 21:16:44] Ep 710/750 | train_final=177620.86 (ret=0.7762) | avg_td_loss=0.0003
[2025-12-06 21:16:48] Ep 711/750 | train_final=176755.03 (ret=0.7676) | avg_td_loss=0.0003
[2025-12-06 21:16:52] Ep 712/750 | train_final=173215.29 (ret=0.7322) | avg_td_loss=0.0002
[2025-12-06 21:16:55] Ep 713/750 | train_final=170599.55 (ret=0.7060) | avg_td_loss=0.0002
[2025-12-06 21:16:58] Ep 714/750 | train_final=172310.07 (ret=0.7231) | avg_td_loss=0.0003
[2025-12-06 21:17:02] Ep 715/750 | train_final=169661.49 (ret=0.6966) | avg_td_loss=0.0002
[2025-12-06 21:17:05] Ep 716/750 | train_final=164234.37 (ret=0.6423) | avg_td_loss=0.0002
[2025-12-06 21:17:08] Ep 717/750 | train_final=159862.36 (ret=0.5986) | avg_td_loss=0.0002
[2025-12-06 21:17:12] Ep 718/750 | train_final=173360.00 (ret=0.7336) | avg_td_loss=0.0002
[2025-12-06 21:17:16] Ep 719/750 | train_final=175385.77 (ret=0.7539) | avg_td_loss=0.0002
[2025-12-06 21:17:19] Ep 720/750 | train_final=168919.78 (ret=0.6892) | avg_td_loss=0.0003
[2025-12-06 21:17:24] Ep 721/750 | train_final=175856.17 (ret=0.7586) | avg_td_loss=0.0002
[2025-12-06 21:17:27] Ep 722/750 | train_final=175188.52 (ret=0.7519) | avg_td_loss=0.0002
[2025-12-06 21:17:32] Ep 723/750 | train_final=172001.97 (ret=0.7200) | avg_td_loss=0.0002
[2025-12-06 21:17:35] Ep 724/750 | train_final=173055.22 (ret=0.7306) | avg_td_loss=0.0002
[2025-12-06 21:17:39] Ep 725/750 | train_final=175079.09 (ret=0.7508) | avg_td_loss=0.0002
[2025-12-06 21:17:42] Ep 726/750 | train_final=169600.00 (ret=0.6960) | avg_td_loss=0.0002
[2025-12-06 21:17:46] Ep 727/750 | train_final=166588.67 (ret=0.6659) | avg_td_loss=0.0002
[2025-12-06 21:17:49] Ep 728/750 | train_final=135523.18 (ret=0.3552) | avg_td_loss=0.0003
[2025-12-06 21:17:53] Ep 729/750 | train_final=180524.28 (ret=0.8052) | avg_td_loss=0.0003
[2025-12-06 21:17:57] Ep 730/750 | train_final=179213.40 (ret=0.7921) | avg_td_loss=0.0003
[2025-12-06 21:18:01] Ep 731/750 | train_final=175493.46 (ret=0.7549) | avg_td_loss=0.0003
[2025-12-06 21:18:05] Ep 732/750 | train_final=179939.37 (ret=0.7994) | avg_td_loss=0.0003
[2025-12-06 21:18:08] Ep 733/750 | train_final=179897.15 (ret=0.7990) | avg_td_loss=0.0003
[2025-12-06 21:18:12] Ep 734/750 | train_final=178955.88 (ret=0.7896) | avg_td_loss=0.0003
[2025-12-06 21:18:16] Ep 735/750 | train_final=183055.73 (ret=0.8306) | avg_td_loss=0.0003
[2025-12-06 21:18:20] Ep 736/750 | train_final=177884.83 (ret=0.7788) | avg_td_loss=0.0003
[2025-12-06 21:18:23] Ep 737/750 | train_final=179378.50 (ret=0.7938) | avg_td_loss=0.0002
[2025-12-06 21:18:27] Ep 738/750 | train_final=178847.10 (ret=0.7885) | avg_td_loss=0.0003
[2025-12-06 21:18:31] Ep 739/750 | train_final=182214.03 (ret=0.8221) | avg_td_loss=0.0002
[2025-12-06 21:18:35] Ep 740/750 | train_final=176422.83 (ret=0.7642) | avg_td_loss=0.0003
[2025-12-06 21:18:38] Ep 741/750 | train_final=181976.27 (ret=0.8198) | avg_td_loss=0.0003
[2025-12-06 21:18:42] Ep 742/750 | train_final=179201.51 (ret=0.7920) | avg_td_loss=0.0003
[2025-12-06 21:18:45] Ep 743/750 | train_final=182772.72 (ret=0.8277) | avg_td_loss=0.0003
[2025-12-06 21:18:48] Ep 744/750 | train_final=176776.34 (ret=0.7678) | avg_td_loss=0.0003
[2025-12-06 21:18:52] Ep 745/750 | train_final=177915.99 (ret=0.7792) | avg_td_loss=0.0003
[2025-12-06 21:18:55] Ep 746/750 | train_final=179171.28 (ret=0.7917) | avg_td_loss=0.0002
[2025-12-06 21:18:59] Ep 747/750 | train_final=175744.20 (ret=0.7574) | avg_td_loss=0.0002
[2025-12-06 21:19:02] Ep 748/750 | train_final=175656.17 (ret=0.7566) | avg_td_loss=0.0003
[2025-12-06 21:19:06] Ep 749/750 | train_final=176554.66 (ret=0.7655) | avg_td_loss=0.0003
[2025-12-06 21:19:09] Ep 750/750 | train_final=175053.03 (ret=0.7505) | avg_td_loss=0.0002 | val_final=158541.98 (ret=0.5854)
[2025-12-06 21:19:09] Training completed in 47.56 minutes.
[2025-12-06 21:19:09] Best validation final value: 162883.86
[2025-12-06 21:19:09] Best model checkpoint: /Users/riddhighate/TradeNet/runs/ddqn_ticker-AAPL_hmax-50_ep-750_seed-0_f0ae30cc3a30167c94008c9384dcf21b/checkpoints/best_model.pth
[2025-12-06 21:19:09] Training metrics CSV: /Users/riddhighate/TradeNet/runs/ddqn_ticker-AAPL_hmax-50_ep-750_seed-0_f0ae30cc3a30167c94008c9384dcf21b/metrics/train_metrics.csv
