[2025-12-06 20:27:38] ========================================
[2025-12-06 20:27:38] Run: ddqn_ticker-AAPL_hmax-1_ep-500_seed-0_136f7c3b8aa5d234b32606ef14ed3624
[2025-12-06 20:27:38] Device: cpu
[2025-12-06 20:27:38] Episodes=500, eval_interval=5, gamma=0.99, lr=0.001, batch_size=64
[2025-12-06 20:27:38] Env: initial_amount=100000.0, hmax=1, buy_cost_pct=0.001, sell_cost_pct=0.001, window_size=20, max_pos=10000
[2025-12-06 20:27:38] ========================================
[2025-12-06 20:27:38] State dimension: 27, Action dimension: 3
[2025-12-06 20:27:40] Agent: DDQNAgent with hidden_sizes=(128, 128), buffer_capacity=100000, min_buffer_size=1000
[2025-12-06 20:27:40] Starting training.
[2025-12-06 20:27:40] Ep 001/500 | train_final=100251.47 (ret=0.0025) | avg_td_loss=0.2169
[2025-12-06 20:27:43] Ep 002/500 | train_final=100684.96 (ret=0.0068) | avg_td_loss=0.0386
[2025-12-06 20:27:45] Ep 003/500 | train_final=100308.76 (ret=0.0031) | avg_td_loss=0.0001
[2025-12-06 20:27:48] Ep 004/500 | train_final=100715.30 (ret=0.0072) | avg_td_loss=0.0001
[2025-12-06 20:27:50] Ep 005/500 | train_final=102083.14 (ret=0.0208) | avg_td_loss=0.0001 | val_final=100725.57 (ret=0.0073) (saved best)
[2025-12-06 20:27:53] Ep 006/500 | train_final=100587.52 (ret=0.0059) | avg_td_loss=0.0002
[2025-12-06 20:27:56] Ep 007/500 | train_final=105260.38 (ret=0.0526) | avg_td_loss=0.0002
[2025-12-06 20:27:58] Ep 008/500 | train_final=102768.09 (ret=0.0277) | avg_td_loss=0.0006
[2025-12-06 20:28:00] Ep 009/500 | train_final=103403.71 (ret=0.0340) | avg_td_loss=0.0006
[2025-12-06 20:28:03] Ep 010/500 | train_final=104426.90 (ret=0.0443) | avg_td_loss=0.0008 | val_final=100213.47 (ret=0.0021)
[2025-12-06 20:28:05] Ep 011/500 | train_final=102744.30 (ret=0.0274) | avg_td_loss=0.0010
[2025-12-06 20:28:07] Ep 012/500 | train_final=100889.99 (ret=0.0089) | avg_td_loss=0.0010
[2025-12-06 20:28:10] Ep 013/500 | train_final=100930.41 (ret=0.0093) | avg_td_loss=0.0009
[2025-12-06 20:28:12] Ep 014/500 | train_final=100629.31 (ret=0.0063) | avg_td_loss=0.0009
[2025-12-06 20:28:15] Ep 015/500 | train_final=102208.70 (ret=0.0221) | avg_td_loss=0.0008 | val_final=101089.29 (ret=0.0109) (saved best)
[2025-12-06 20:28:18] Ep 016/500 | train_final=105572.88 (ret=0.0557) | avg_td_loss=0.0008
[2025-12-06 20:28:20] Ep 017/500 | train_final=102362.20 (ret=0.0236) | avg_td_loss=0.0009
[2025-12-06 20:28:23] Ep 018/500 | train_final=100880.14 (ret=0.0088) | avg_td_loss=0.0009
[2025-12-06 20:28:26] Ep 019/500 | train_final=103056.55 (ret=0.0306) | avg_td_loss=0.0009
[2025-12-06 20:28:29] Ep 020/500 | train_final=105953.14 (ret=0.0595) | avg_td_loss=0.0009 | val_final=103230.74 (ret=0.0323) (saved best)
[2025-12-06 20:28:31] Ep 021/500 | train_final=106781.57 (ret=0.0678) | avg_td_loss=0.0011
[2025-12-06 20:28:34] Ep 022/500 | train_final=105753.08 (ret=0.0575) | avg_td_loss=0.0012
[2025-12-06 20:28:36] Ep 023/500 | train_final=109592.14 (ret=0.0959) | avg_td_loss=0.0013
[2025-12-06 20:28:39] Ep 024/500 | train_final=103524.18 (ret=0.0352) | avg_td_loss=0.0017
[2025-12-06 20:28:43] Ep 025/500 | train_final=113430.19 (ret=0.1343) | avg_td_loss=0.0018 | val_final=100939.92 (ret=0.0094)
[2025-12-06 20:28:46] Ep 026/500 | train_final=111316.25 (ret=0.1132) | avg_td_loss=0.0025
[2025-12-06 20:28:48] Ep 027/500 | train_final=116608.61 (ret=0.1661) | avg_td_loss=0.0031
[2025-12-06 20:28:51] Ep 028/500 | train_final=115991.14 (ret=0.1599) | avg_td_loss=0.0042
[2025-12-06 20:28:53] Ep 029/500 | train_final=120558.87 (ret=0.2056) | avg_td_loss=0.0051
[2025-12-06 20:28:56] Ep 030/500 | train_final=107478.44 (ret=0.0748) | avg_td_loss=0.0069 | val_final=104418.27 (ret=0.0442) (saved best)
[2025-12-06 20:28:59] Ep 031/500 | train_final=113715.18 (ret=0.1372) | avg_td_loss=0.0064
[2025-12-06 20:29:01] Ep 032/500 | train_final=114601.71 (ret=0.1460) | avg_td_loss=0.0070
[2025-12-06 20:29:04] Ep 033/500 | train_final=108793.13 (ret=0.0879) | avg_td_loss=0.0078
[2025-12-06 20:29:07] Ep 034/500 | train_final=118010.53 (ret=0.1801) | avg_td_loss=0.0080
[2025-12-06 20:29:09] Ep 035/500 | train_final=118060.14 (ret=0.1806) | avg_td_loss=0.0085 | val_final=109248.35 (ret=0.0925) (saved best)
[2025-12-06 20:29:12] Ep 036/500 | train_final=109664.69 (ret=0.0966) | avg_td_loss=0.0094
[2025-12-06 20:29:15] Ep 037/500 | train_final=114481.93 (ret=0.1448) | avg_td_loss=0.0097
[2025-12-06 20:29:18] Ep 038/500 | train_final=118992.08 (ret=0.1899) | avg_td_loss=0.0101
[2025-12-06 20:29:20] Ep 039/500 | train_final=111229.45 (ret=0.1123) | avg_td_loss=0.0111
[2025-12-06 20:29:23] Ep 040/500 | train_final=122774.39 (ret=0.2277) | avg_td_loss=0.0113 | val_final=105263.52 (ret=0.0526)
[2025-12-06 20:29:26] Ep 041/500 | train_final=114619.41 (ret=0.1462) | avg_td_loss=0.0125
[2025-12-06 20:29:29] Ep 042/500 | train_final=109793.57 (ret=0.0979) | avg_td_loss=0.0126
[2025-12-06 20:29:31] Ep 043/500 | train_final=113462.40 (ret=0.1346) | avg_td_loss=0.0127
[2025-12-06 20:29:34] Ep 044/500 | train_final=121725.59 (ret=0.2173) | avg_td_loss=0.0130
[2025-12-06 20:29:37] Ep 045/500 | train_final=110763.84 (ret=0.1076) | avg_td_loss=0.0143 | val_final=109248.35 (ret=0.0925)
[2025-12-06 20:29:40] Ep 046/500 | train_final=125713.54 (ret=0.2571) | avg_td_loss=0.0148
[2025-12-06 20:29:42] Ep 047/500 | train_final=111292.79 (ret=0.1129) | avg_td_loss=0.0154
[2025-12-06 20:29:45] Ep 048/500 | train_final=122500.91 (ret=0.2250) | avg_td_loss=0.0152
[2025-12-06 20:29:47] Ep 049/500 | train_final=111632.32 (ret=0.1163) | avg_td_loss=0.0162
[2025-12-06 20:29:51] Ep 050/500 | train_final=108068.69 (ret=0.0807) | avg_td_loss=0.0167 | val_final=108981.03 (ret=0.0898)
[2025-12-06 20:29:53] Ep 051/500 | train_final=112780.10 (ret=0.1278) | avg_td_loss=0.0165
[2025-12-06 20:29:56] Ep 052/500 | train_final=118577.61 (ret=0.1858) | avg_td_loss=0.0168
[2025-12-06 20:29:59] Ep 053/500 | train_final=116403.65 (ret=0.1640) | avg_td_loss=0.0166
[2025-12-06 20:30:02] Ep 054/500 | train_final=108548.22 (ret=0.0855) | avg_td_loss=0.0172
[2025-12-06 20:30:04] Ep 055/500 | train_final=128550.02 (ret=0.2855) | avg_td_loss=0.0166 | val_final=109248.35 (ret=0.0925)
[2025-12-06 20:30:07] Ep 056/500 | train_final=122572.40 (ret=0.2257) | avg_td_loss=0.0187
[2025-12-06 20:30:10] Ep 057/500 | train_final=117410.23 (ret=0.1741) | avg_td_loss=0.0189
[2025-12-06 20:30:13] Ep 058/500 | train_final=115110.69 (ret=0.1511) | avg_td_loss=0.0195
[2025-12-06 20:30:16] Ep 059/500 | train_final=119914.06 (ret=0.1991) | avg_td_loss=0.0200
[2025-12-06 20:30:19] Ep 060/500 | train_final=118099.91 (ret=0.1810) | avg_td_loss=0.0202 | val_final=109248.35 (ret=0.0925)
[2025-12-06 20:30:22] Ep 061/500 | train_final=128852.19 (ret=0.2885) | avg_td_loss=0.0214
[2025-12-06 20:30:24] Ep 062/500 | train_final=111032.69 (ret=0.1103) | avg_td_loss=0.0214
[2025-12-06 20:30:27] Ep 063/500 | train_final=123379.40 (ret=0.2338) | avg_td_loss=0.0218
[2025-12-06 20:30:30] Ep 064/500 | train_final=120871.17 (ret=0.2087) | avg_td_loss=0.0220
[2025-12-06 20:30:33] Ep 065/500 | train_final=115928.93 (ret=0.1593) | avg_td_loss=0.0235 | val_final=109248.35 (ret=0.0925)
[2025-12-06 20:30:36] Ep 066/500 | train_final=126255.50 (ret=0.2626) | avg_td_loss=0.0234
[2025-12-06 20:30:39] Ep 067/500 | train_final=109202.26 (ret=0.0920) | avg_td_loss=0.0240
[2025-12-06 20:30:42] Ep 068/500 | train_final=118765.32 (ret=0.1877) | avg_td_loss=0.0242
[2025-12-06 20:30:45] Ep 069/500 | train_final=108747.44 (ret=0.0875) | avg_td_loss=0.0249
[2025-12-06 20:30:48] Ep 070/500 | train_final=113890.24 (ret=0.1389) | avg_td_loss=0.0248 | val_final=107959.13 (ret=0.0796)
[2025-12-06 20:30:50] Ep 071/500 | train_final=113300.66 (ret=0.1330) | avg_td_loss=0.0251
[2025-12-06 20:30:53] Ep 072/500 | train_final=117603.96 (ret=0.1760) | avg_td_loss=0.0250
[2025-12-06 20:30:56] Ep 073/500 | train_final=115883.49 (ret=0.1588) | avg_td_loss=0.0252
[2025-12-06 20:30:59] Ep 074/500 | train_final=114405.23 (ret=0.1441) | avg_td_loss=0.0271
[2025-12-06 20:31:02] Ep 075/500 | train_final=115445.95 (ret=0.1545) | avg_td_loss=0.0275 | val_final=109248.35 (ret=0.0925)
[2025-12-06 20:31:04] Ep 076/500 | train_final=110650.64 (ret=0.1065) | avg_td_loss=0.0270
[2025-12-06 20:31:07] Ep 077/500 | train_final=107302.60 (ret=0.0730) | avg_td_loss=0.0273
[2025-12-06 20:31:10] Ep 078/500 | train_final=117149.09 (ret=0.1715) | avg_td_loss=0.0278
[2025-12-06 20:31:13] Ep 079/500 | train_final=115738.26 (ret=0.1574) | avg_td_loss=0.0278
[2025-12-06 20:31:16] Ep 080/500 | train_final=110138.38 (ret=0.1014) | avg_td_loss=0.0287 | val_final=100267.25 (ret=0.0027)
[2025-12-06 20:31:19] Ep 081/500 | train_final=112339.54 (ret=0.1234) | avg_td_loss=0.0285
[2025-12-06 20:31:21] Ep 082/500 | train_final=113297.80 (ret=0.1330) | avg_td_loss=0.0291
[2025-12-06 20:31:24] Ep 083/500 | train_final=108073.63 (ret=0.0807) | avg_td_loss=0.0291
[2025-12-06 20:31:27] Ep 084/500 | train_final=109941.89 (ret=0.0994) | avg_td_loss=0.0297
[2025-12-06 20:31:30] Ep 085/500 | train_final=113119.91 (ret=0.1312) | avg_td_loss=0.0293 | val_final=100230.23 (ret=0.0023)
[2025-12-06 20:31:34] Ep 086/500 | train_final=115517.77 (ret=0.1552) | avg_td_loss=0.0285
[2025-12-06 20:31:38] Ep 087/500 | train_final=116895.93 (ret=0.1690) | avg_td_loss=0.0300
[2025-12-06 20:31:41] Ep 088/500 | train_final=110401.32 (ret=0.1040) | avg_td_loss=0.0305
[2025-12-06 20:31:44] Ep 089/500 | train_final=105853.28 (ret=0.0585) | avg_td_loss=0.0305
[2025-12-06 20:31:48] Ep 090/500 | train_final=109274.69 (ret=0.0927) | avg_td_loss=0.0310 | val_final=100427.43 (ret=0.0043)
[2025-12-06 20:31:52] Ep 091/500 | train_final=101922.35 (ret=0.0192) | avg_td_loss=0.0296
[2025-12-06 20:31:55] Ep 092/500 | train_final=108764.39 (ret=0.0876) | avg_td_loss=0.0298
[2025-12-06 20:31:59] Ep 093/500 | train_final=112170.24 (ret=0.1217) | avg_td_loss=0.0307
[2025-12-06 20:32:02] Ep 094/500 | train_final=114851.16 (ret=0.1485) | avg_td_loss=0.0300
[2025-12-06 20:32:06] Ep 095/500 | train_final=104340.41 (ret=0.0434) | avg_td_loss=0.0301 | val_final=109248.35 (ret=0.0925)
[2025-12-06 20:32:10] Ep 096/500 | train_final=116122.47 (ret=0.1612) | avg_td_loss=0.0295
[2025-12-06 20:32:13] Ep 097/500 | train_final=102203.58 (ret=0.0220) | avg_td_loss=0.0297
[2025-12-06 20:32:17] Ep 098/500 | train_final=109166.38 (ret=0.0917) | avg_td_loss=0.0294
[2025-12-06 20:32:21] Ep 099/500 | train_final=112381.67 (ret=0.1238) | avg_td_loss=0.0285
[2025-12-06 20:32:24] Ep 100/500 | train_final=111711.14 (ret=0.1171) | avg_td_loss=0.0298 | val_final=109248.35 (ret=0.0925)
[2025-12-06 20:32:28] Ep 101/500 | train_final=107833.23 (ret=0.0783) | avg_td_loss=0.0294
[2025-12-06 20:32:32] Ep 102/500 | train_final=101469.00 (ret=0.0147) | avg_td_loss=0.0287
[2025-12-06 20:32:35] Ep 103/500 | train_final=101528.22 (ret=0.0153) | avg_td_loss=0.0280
[2025-12-06 20:32:39] Ep 104/500 | train_final=103454.40 (ret=0.0345) | avg_td_loss=0.0279
[2025-12-06 20:32:43] Ep 105/500 | train_final=111933.32 (ret=0.1193) | avg_td_loss=0.0263 | val_final=100444.90 (ret=0.0044)
[2025-12-06 20:32:47] Ep 106/500 | train_final=104768.30 (ret=0.0477) | avg_td_loss=0.0264
[2025-12-06 20:32:51] Ep 107/500 | train_final=114577.49 (ret=0.1458) | avg_td_loss=0.0259
[2025-12-06 20:32:54] Ep 108/500 | train_final=110085.71 (ret=0.1009) | avg_td_loss=0.0262
[2025-12-06 20:32:58] Ep 109/500 | train_final=103608.48 (ret=0.0361) | avg_td_loss=0.0260
[2025-12-06 20:33:02] Ep 110/500 | train_final=111513.21 (ret=0.1151) | avg_td_loss=0.0256 | val_final=100281.36 (ret=0.0028)
[2025-12-06 20:33:05] Ep 111/500 | train_final=102259.00 (ret=0.0226) | avg_td_loss=0.0257
[2025-12-06 20:33:09] Ep 112/500 | train_final=111236.91 (ret=0.1124) | avg_td_loss=0.0244
[2025-12-06 20:33:12] Ep 113/500 | train_final=104375.96 (ret=0.0438) | avg_td_loss=0.0241
[2025-12-06 20:33:16] Ep 114/500 | train_final=104503.87 (ret=0.0450) | avg_td_loss=0.0246
[2025-12-06 20:33:19] Ep 115/500 | train_final=115542.31 (ret=0.1554) | avg_td_loss=0.0229 | val_final=109248.35 (ret=0.0925)
[2025-12-06 20:33:23] Ep 116/500 | train_final=112269.29 (ret=0.1227) | avg_td_loss=0.0232
[2025-12-06 20:33:26] Ep 117/500 | train_final=111017.49 (ret=0.1102) | avg_td_loss=0.0227
[2025-12-06 20:33:29] Ep 118/500 | train_final=100990.88 (ret=0.0099) | avg_td_loss=0.0236
[2025-12-06 20:33:33] Ep 119/500 | train_final=107294.56 (ret=0.0729) | avg_td_loss=0.0222
[2025-12-06 20:33:36] Ep 120/500 | train_final=107807.63 (ret=0.0781) | avg_td_loss=0.0221 | val_final=101050.27 (ret=0.0105)
[2025-12-06 20:33:40] Ep 121/500 | train_final=101921.57 (ret=0.0192) | avg_td_loss=0.0224
[2025-12-06 20:33:43] Ep 122/500 | train_final=102132.05 (ret=0.0213) | avg_td_loss=0.0204
[2025-12-06 20:33:46] Ep 123/500 | train_final=105234.49 (ret=0.0523) | avg_td_loss=0.0201
[2025-12-06 20:33:50] Ep 124/500 | train_final=102064.98 (ret=0.0206) | avg_td_loss=0.0190
[2025-12-06 20:33:54] Ep 125/500 | train_final=102354.91 (ret=0.0235) | avg_td_loss=0.0187 | val_final=100220.40 (ret=0.0022)
[2025-12-06 20:33:57] Ep 126/500 | train_final=102272.85 (ret=0.0227) | avg_td_loss=0.0185
[2025-12-06 20:34:01] Ep 127/500 | train_final=101320.14 (ret=0.0132) | avg_td_loss=0.0178
[2025-12-06 20:34:04] Ep 128/500 | train_final=104275.24 (ret=0.0428) | avg_td_loss=0.0163
[2025-12-06 20:34:07] Ep 129/500 | train_final=103202.71 (ret=0.0320) | avg_td_loss=0.0164
[2025-12-06 20:34:11] Ep 130/500 | train_final=107249.07 (ret=0.0725) | avg_td_loss=0.0154 | val_final=101262.69 (ret=0.0126)
[2025-12-06 20:34:15] Ep 131/500 | train_final=102531.02 (ret=0.0253) | avg_td_loss=0.0142
[2025-12-06 20:34:19] Ep 132/500 | train_final=108652.18 (ret=0.0865) | avg_td_loss=0.0135
[2025-12-06 20:34:23] Ep 133/500 | train_final=106859.41 (ret=0.0686) | avg_td_loss=0.0133
[2025-12-06 20:34:26] Ep 134/500 | train_final=103628.81 (ret=0.0363) | avg_td_loss=0.0131
[2025-12-06 20:34:30] Ep 135/500 | train_final=112376.87 (ret=0.1238) | avg_td_loss=0.0119 | val_final=101732.13 (ret=0.0173)
[2025-12-06 20:34:34] Ep 136/500 | train_final=103197.16 (ret=0.0320) | avg_td_loss=0.0123
[2025-12-06 20:34:37] Ep 137/500 | train_final=101933.24 (ret=0.0193) | avg_td_loss=0.0120
[2025-12-06 20:34:41] Ep 138/500 | train_final=102701.79 (ret=0.0270) | avg_td_loss=0.0118
[2025-12-06 20:34:44] Ep 139/500 | train_final=110646.52 (ret=0.1065) | avg_td_loss=0.0115
[2025-12-06 20:34:48] Ep 140/500 | train_final=111128.21 (ret=0.1113) | avg_td_loss=0.0110 | val_final=109248.35 (ret=0.0925)
[2025-12-06 20:34:52] Ep 141/500 | train_final=102892.72 (ret=0.0289) | avg_td_loss=0.0110
[2025-12-06 20:34:55] Ep 142/500 | train_final=105615.66 (ret=0.0562) | avg_td_loss=0.0102
[2025-12-06 20:34:58] Ep 143/500 | train_final=105217.51 (ret=0.0522) | avg_td_loss=0.0103
[2025-12-06 20:35:02] Ep 144/500 | train_final=112140.51 (ret=0.1214) | avg_td_loss=0.0101
[2025-12-06 20:35:05] Ep 145/500 | train_final=102391.29 (ret=0.0239) | avg_td_loss=0.0100 | val_final=109248.35 (ret=0.0925)
[2025-12-06 20:35:09] Ep 146/500 | train_final=108044.33 (ret=0.0804) | avg_td_loss=0.0098
[2025-12-06 20:35:13] Ep 147/500 | train_final=103132.69 (ret=0.0313) | avg_td_loss=0.0091
[2025-12-06 20:35:16] Ep 148/500 | train_final=102730.88 (ret=0.0273) | avg_td_loss=0.0094
[2025-12-06 20:35:20] Ep 149/500 | train_final=110860.29 (ret=0.1086) | avg_td_loss=0.0090
[2025-12-06 20:35:23] Ep 150/500 | train_final=107425.84 (ret=0.0743) | avg_td_loss=0.0088 | val_final=109248.35 (ret=0.0925)
[2025-12-06 20:35:26] Ep 151/500 | train_final=105255.16 (ret=0.0526) | avg_td_loss=0.0089
[2025-12-06 20:35:30] Ep 152/500 | train_final=109377.80 (ret=0.0938) | avg_td_loss=0.0086
[2025-12-06 20:35:34] Ep 153/500 | train_final=105924.46 (ret=0.0592) | avg_td_loss=0.0082
[2025-12-06 20:35:37] Ep 154/500 | train_final=106018.87 (ret=0.0602) | avg_td_loss=0.0078
[2025-12-06 20:35:41] Ep 155/500 | train_final=106035.92 (ret=0.0604) | avg_td_loss=0.0078 | val_final=107543.84 (ret=0.0754)
[2025-12-06 20:35:44] Ep 156/500 | train_final=103002.03 (ret=0.0300) | avg_td_loss=0.0078
[2025-12-06 20:35:48] Ep 157/500 | train_final=101767.98 (ret=0.0177) | avg_td_loss=0.0076
[2025-12-06 20:35:51] Ep 158/500 | train_final=104269.03 (ret=0.0427) | avg_td_loss=0.0074
[2025-12-06 20:35:55] Ep 159/500 | train_final=100998.36 (ret=0.0100) | avg_td_loss=0.0073
[2025-12-06 20:35:58] Ep 160/500 | train_final=102550.46 (ret=0.0255) | avg_td_loss=0.0070 | val_final=100395.18 (ret=0.0040)
[2025-12-06 20:36:02] Ep 161/500 | train_final=101675.53 (ret=0.0168) | avg_td_loss=0.0069
[2025-12-06 20:36:05] Ep 162/500 | train_final=106485.15 (ret=0.0649) | avg_td_loss=0.0068
[2025-12-06 20:36:08] Ep 163/500 | train_final=101444.94 (ret=0.0144) | avg_td_loss=0.0066
[2025-12-06 20:36:12] Ep 164/500 | train_final=102622.95 (ret=0.0262) | avg_td_loss=0.0063
[2025-12-06 20:36:16] Ep 165/500 | train_final=106627.38 (ret=0.0663) | avg_td_loss=0.0063 | val_final=107259.66 (ret=0.0726)
[2025-12-06 20:36:19] Ep 166/500 | train_final=104661.99 (ret=0.0466) | avg_td_loss=0.0063
[2025-12-06 20:36:23] Ep 167/500 | train_final=108582.91 (ret=0.0858) | avg_td_loss=0.0059
[2025-12-06 20:36:26] Ep 168/500 | train_final=102891.09 (ret=0.0289) | avg_td_loss=0.0060
[2025-12-06 20:36:30] Ep 169/500 | train_final=105838.90 (ret=0.0584) | avg_td_loss=0.0061
[2025-12-06 20:36:33] Ep 170/500 | train_final=100496.12 (ret=0.0050) | avg_td_loss=0.0062 | val_final=109248.35 (ret=0.0925)
[2025-12-06 20:36:37] Ep 171/500 | train_final=103872.31 (ret=0.0387) | avg_td_loss=0.0059
[2025-12-06 20:36:40] Ep 172/500 | train_final=101321.08 (ret=0.0132) | avg_td_loss=0.0058
[2025-12-06 20:36:44] Ep 173/500 | train_final=102215.86 (ret=0.0222) | avg_td_loss=0.0058
[2025-12-06 20:36:47] Ep 174/500 | train_final=107800.48 (ret=0.0780) | avg_td_loss=0.0054
[2025-12-06 20:36:51] Ep 175/500 | train_final=107586.70 (ret=0.0759) | avg_td_loss=0.0052 | val_final=103646.17 (ret=0.0365)
[2025-12-06 20:36:54] Ep 176/500 | train_final=110647.91 (ret=0.1065) | avg_td_loss=0.0051
[2025-12-06 20:36:58] Ep 177/500 | train_final=101097.67 (ret=0.0110) | avg_td_loss=0.0054
[2025-12-06 20:37:01] Ep 178/500 | train_final=100804.10 (ret=0.0080) | avg_td_loss=0.0052
[2025-12-06 20:37:05] Ep 179/500 | train_final=107984.67 (ret=0.0798) | avg_td_loss=0.0051
[2025-12-06 20:37:09] Ep 180/500 | train_final=111817.77 (ret=0.1182) | avg_td_loss=0.0050 | val_final=103512.21 (ret=0.0351)
[2025-12-06 20:37:12] Ep 181/500 | train_final=111152.76 (ret=0.1115) | avg_td_loss=0.0052
[2025-12-06 20:37:16] Ep 182/500 | train_final=102332.29 (ret=0.0233) | avg_td_loss=0.0052
[2025-12-06 20:37:19] Ep 183/500 | train_final=106048.67 (ret=0.0605) | avg_td_loss=0.0049
[2025-12-06 20:37:22] Ep 184/500 | train_final=104273.75 (ret=0.0427) | avg_td_loss=0.0045
[2025-12-06 20:37:26] Ep 185/500 | train_final=103819.11 (ret=0.0382) | avg_td_loss=0.0046 | val_final=109248.35 (ret=0.0925)
[2025-12-06 20:37:29] Ep 186/500 | train_final=116359.20 (ret=0.1636) | avg_td_loss=0.0047
[2025-12-06 20:37:33] Ep 187/500 | train_final=107571.90 (ret=0.0757) | avg_td_loss=0.0048
[2025-12-06 20:37:36] Ep 188/500 | train_final=106527.72 (ret=0.0653) | avg_td_loss=0.0051
[2025-12-06 20:37:39] Ep 189/500 | train_final=110477.49 (ret=0.1048) | avg_td_loss=0.0051
[2025-12-06 20:37:43] Ep 190/500 | train_final=106926.07 (ret=0.0693) | avg_td_loss=0.0052 | val_final=105281.68 (ret=0.0528)
[2025-12-06 20:37:46] Ep 191/500 | train_final=104975.02 (ret=0.0498) | avg_td_loss=0.0053
[2025-12-06 20:37:49] Ep 192/500 | train_final=102966.30 (ret=0.0297) | avg_td_loss=0.0052
[2025-12-06 20:37:53] Ep 193/500 | train_final=111970.22 (ret=0.1197) | avg_td_loss=0.0051
[2025-12-06 20:37:57] Ep 194/500 | train_final=108031.75 (ret=0.0803) | avg_td_loss=0.0054
[2025-12-06 20:38:00] Ep 195/500 | train_final=109635.10 (ret=0.0964) | avg_td_loss=0.0054 | val_final=106620.36 (ret=0.0662)
[2025-12-06 20:38:04] Ep 196/500 | train_final=104339.03 (ret=0.0434) | avg_td_loss=0.0057
[2025-12-06 20:38:08] Ep 197/500 | train_final=120889.82 (ret=0.2089) | avg_td_loss=0.0058
[2025-12-06 20:38:13] Ep 198/500 | train_final=103386.06 (ret=0.0339) | avg_td_loss=0.0065
[2025-12-06 20:38:18] Ep 199/500 | train_final=105506.97 (ret=0.0551) | avg_td_loss=0.0066
[2025-12-06 20:38:21] Ep 200/500 | train_final=102301.31 (ret=0.0230) | avg_td_loss=0.0063 | val_final=100236.97 (ret=0.0024)
[2025-12-06 20:38:26] Ep 201/500 | train_final=102953.28 (ret=0.0295) | avg_td_loss=0.0063
[2025-12-06 20:38:31] Ep 202/500 | train_final=104239.95 (ret=0.0424) | avg_td_loss=0.0061
[2025-12-06 20:38:35] Ep 203/500 | train_final=108804.27 (ret=0.0880) | avg_td_loss=0.0061
[2025-12-06 20:38:39] Ep 204/500 | train_final=114030.70 (ret=0.1403) | avg_td_loss=0.0062
[2025-12-06 20:38:43] Ep 205/500 | train_final=115948.85 (ret=0.1595) | avg_td_loss=0.0066 | val_final=100318.38 (ret=0.0032)
[2025-12-06 20:38:47] Ep 206/500 | train_final=102927.37 (ret=0.0293) | avg_td_loss=0.0069
[2025-12-06 20:38:51] Ep 207/500 | train_final=105239.10 (ret=0.0524) | avg_td_loss=0.0065
[2025-12-06 20:38:55] Ep 208/500 | train_final=102617.16 (ret=0.0262) | avg_td_loss=0.0064
[2025-12-06 20:38:59] Ep 209/500 | train_final=100746.62 (ret=0.0075) | avg_td_loss=0.0064
[2025-12-06 20:39:03] Ep 210/500 | train_final=102406.90 (ret=0.0241) | avg_td_loss=0.0063 | val_final=109248.35 (ret=0.0925)
[2025-12-06 20:39:07] Ep 211/500 | train_final=112680.78 (ret=0.1268) | avg_td_loss=0.0063
[2025-12-06 20:39:11] Ep 212/500 | train_final=105396.67 (ret=0.0540) | avg_td_loss=0.0064
[2025-12-06 20:39:15] Ep 213/500 | train_final=121607.28 (ret=0.2161) | avg_td_loss=0.0066
[2025-12-06 20:39:19] Ep 214/500 | train_final=113583.24 (ret=0.1358) | avg_td_loss=0.0070
[2025-12-06 20:39:22] Ep 215/500 | train_final=115127.16 (ret=0.1513) | avg_td_loss=0.0074 | val_final=107230.59 (ret=0.0723)
[2025-12-06 20:39:26] Ep 216/500 | train_final=111342.08 (ret=0.1134) | avg_td_loss=0.0076
[2025-12-06 20:39:30] Ep 217/500 | train_final=108690.73 (ret=0.0869) | avg_td_loss=0.0079
[2025-12-06 20:39:34] Ep 218/500 | train_final=117094.28 (ret=0.1709) | avg_td_loss=0.0082
[2025-12-06 20:39:38] Ep 219/500 | train_final=110658.53 (ret=0.1066) | avg_td_loss=0.0084
[2025-12-06 20:39:41] Ep 220/500 | train_final=101893.88 (ret=0.0189) | avg_td_loss=0.0085 | val_final=103547.75 (ret=0.0355)
[2025-12-06 20:39:45] Ep 221/500 | train_final=109651.13 (ret=0.0965) | avg_td_loss=0.0082
[2025-12-06 20:39:49] Ep 222/500 | train_final=104297.98 (ret=0.0430) | avg_td_loss=0.0087
[2025-12-06 20:39:52] Ep 223/500 | train_final=101330.68 (ret=0.0133) | avg_td_loss=0.0084
[2025-12-06 20:39:56] Ep 224/500 | train_final=107765.98 (ret=0.0777) | avg_td_loss=0.0083
[2025-12-06 20:40:00] Ep 225/500 | train_final=112052.73 (ret=0.1205) | avg_td_loss=0.0086 | val_final=100377.79 (ret=0.0038)
[2025-12-06 20:40:03] Ep 226/500 | train_final=103382.87 (ret=0.0338) | avg_td_loss=0.0089
[2025-12-06 20:40:07] Ep 227/500 | train_final=106149.23 (ret=0.0615) | avg_td_loss=0.0087
[2025-12-06 20:40:11] Ep 228/500 | train_final=106998.22 (ret=0.0700) | avg_td_loss=0.0088
[2025-12-06 20:40:15] Ep 229/500 | train_final=117493.36 (ret=0.1749) | avg_td_loss=0.0088
[2025-12-06 20:40:18] Ep 230/500 | train_final=114435.25 (ret=0.1444) | avg_td_loss=0.0097 | val_final=100377.79 (ret=0.0038)
[2025-12-06 20:40:23] Ep 231/500 | train_final=108654.14 (ret=0.0865) | avg_td_loss=0.0102
[2025-12-06 20:40:27] Ep 232/500 | train_final=113600.05 (ret=0.1360) | avg_td_loss=0.0099
[2025-12-06 20:40:31] Ep 233/500 | train_final=110073.01 (ret=0.1007) | avg_td_loss=0.0105
[2025-12-06 20:40:34] Ep 234/500 | train_final=106489.25 (ret=0.0649) | avg_td_loss=0.0102
[2025-12-06 20:40:38] Ep 235/500 | train_final=106303.70 (ret=0.0630) | avg_td_loss=0.0107 | val_final=104171.15 (ret=0.0417)
[2025-12-06 20:40:41] Ep 236/500 | train_final=102510.87 (ret=0.0251) | avg_td_loss=0.0106
[2025-12-06 20:40:45] Ep 237/500 | train_final=115216.34 (ret=0.1522) | avg_td_loss=0.0108
[2025-12-06 20:40:48] Ep 238/500 | train_final=105618.97 (ret=0.0562) | avg_td_loss=0.0110
[2025-12-06 20:40:52] Ep 239/500 | train_final=102581.88 (ret=0.0258) | avg_td_loss=0.0108
[2025-12-06 20:40:55] Ep 240/500 | train_final=104219.41 (ret=0.0422) | avg_td_loss=0.0109 | val_final=109248.35 (ret=0.0925)
[2025-12-06 20:40:59] Ep 241/500 | train_final=106053.78 (ret=0.0605) | avg_td_loss=0.0106
[2025-12-06 20:41:03] Ep 242/500 | train_final=100135.58 (ret=0.0014) | avg_td_loss=0.0110
[2025-12-06 20:41:06] Ep 243/500 | train_final=104304.59 (ret=0.0430) | avg_td_loss=0.0110
[2025-12-06 20:41:10] Ep 244/500 | train_final=101486.09 (ret=0.0149) | avg_td_loss=0.0111
[2025-12-06 20:41:15] Ep 245/500 | train_final=109572.12 (ret=0.0957) | avg_td_loss=0.0111 | val_final=103716.32 (ret=0.0372)
[2025-12-06 20:41:20] Ep 246/500 | train_final=102017.77 (ret=0.0202) | avg_td_loss=0.0107
[2025-12-06 20:41:25] Ep 247/500 | train_final=102427.48 (ret=0.0243) | avg_td_loss=0.0108
[2025-12-06 20:41:28] Ep 248/500 | train_final=103623.88 (ret=0.0362) | avg_td_loss=0.0106
[2025-12-06 20:41:32] Ep 249/500 | train_final=101209.46 (ret=0.0121) | avg_td_loss=0.0105
[2025-12-06 20:41:36] Ep 250/500 | train_final=103358.75 (ret=0.0336) | avg_td_loss=0.0101 | val_final=109248.35 (ret=0.0925)
[2025-12-06 20:41:40] Ep 251/500 | train_final=109063.05 (ret=0.0906) | avg_td_loss=0.0109
[2025-12-06 20:41:43] Ep 252/500 | train_final=115755.12 (ret=0.1576) | avg_td_loss=0.0108
[2025-12-06 20:41:47] Ep 253/500 | train_final=103345.76 (ret=0.0335) | avg_td_loss=0.0108
[2025-12-06 20:41:52] Ep 254/500 | train_final=106461.72 (ret=0.0646) | avg_td_loss=0.0108
[2025-12-06 20:41:56] Ep 255/500 | train_final=109026.99 (ret=0.0903) | avg_td_loss=0.0106 | val_final=99925.44 (ret=-0.0007)
[2025-12-06 20:42:00] Ep 256/500 | train_final=110913.50 (ret=0.1091) | avg_td_loss=0.0103
[2025-12-06 20:42:04] Ep 257/500 | train_final=105009.76 (ret=0.0501) | avg_td_loss=0.0110
[2025-12-06 20:42:07] Ep 258/500 | train_final=102408.91 (ret=0.0241) | avg_td_loss=0.0105
[2025-12-06 20:42:11] Ep 259/500 | train_final=109922.08 (ret=0.0992) | avg_td_loss=0.0107
[2025-12-06 20:42:14] Ep 260/500 | train_final=112681.14 (ret=0.1268) | avg_td_loss=0.0110 | val_final=104716.88 (ret=0.0472)
[2025-12-06 20:42:18] Ep 261/500 | train_final=104349.53 (ret=0.0435) | avg_td_loss=0.0111
[2025-12-06 20:42:23] Ep 262/500 | train_final=115781.61 (ret=0.1578) | avg_td_loss=0.0110
[2025-12-06 20:42:27] Ep 263/500 | train_final=109352.78 (ret=0.0935) | avg_td_loss=0.0112
[2025-12-06 20:42:31] Ep 264/500 | train_final=111226.07 (ret=0.1123) | avg_td_loss=0.0106
[2025-12-06 20:42:35] Ep 265/500 | train_final=112589.57 (ret=0.1259) | avg_td_loss=0.0108 | val_final=100656.83 (ret=0.0066)
[2025-12-06 20:42:39] Ep 266/500 | train_final=107651.14 (ret=0.0765) | avg_td_loss=0.0110
[2025-12-06 20:42:43] Ep 267/500 | train_final=117658.93 (ret=0.1766) | avg_td_loss=0.0115
[2025-12-06 20:42:47] Ep 268/500 | train_final=112806.75 (ret=0.1281) | avg_td_loss=0.0119
[2025-12-06 20:42:50] Ep 269/500 | train_final=114697.17 (ret=0.1470) | avg_td_loss=0.0118
[2025-12-06 20:42:54] Ep 270/500 | train_final=121507.76 (ret=0.2151) | avg_td_loss=0.0123 | val_final=101201.91 (ret=0.0120)
[2025-12-06 20:42:58] Ep 271/500 | train_final=119765.48 (ret=0.1977) | avg_td_loss=0.0126
[2025-12-06 20:43:02] Ep 272/500 | train_final=109904.86 (ret=0.0990) | avg_td_loss=0.0123
[2025-12-06 20:43:06] Ep 273/500 | train_final=115472.15 (ret=0.1547) | avg_td_loss=0.0129
[2025-12-06 20:43:10] Ep 274/500 | train_final=124071.73 (ret=0.2407) | avg_td_loss=0.0136
[2025-12-06 20:43:14] Ep 275/500 | train_final=119142.57 (ret=0.1914) | avg_td_loss=0.0149 | val_final=100222.49 (ret=0.0022)
[2025-12-06 20:43:18] Ep 276/500 | train_final=109007.37 (ret=0.0901) | avg_td_loss=0.0153
[2025-12-06 20:43:22] Ep 277/500 | train_final=120727.44 (ret=0.2073) | avg_td_loss=0.0157
[2025-12-06 20:43:26] Ep 278/500 | train_final=109238.30 (ret=0.0924) | avg_td_loss=0.0155
[2025-12-06 20:43:29] Ep 279/500 | train_final=104900.41 (ret=0.0490) | avg_td_loss=0.0158
[2025-12-06 20:43:33] Ep 280/500 | train_final=118402.94 (ret=0.1840) | avg_td_loss=0.0156 | val_final=109248.35 (ret=0.0925)
[2025-12-06 20:43:37] Ep 281/500 | train_final=116828.95 (ret=0.1683) | avg_td_loss=0.0152
[2025-12-06 20:43:40] Ep 282/500 | train_final=113024.57 (ret=0.1302) | avg_td_loss=0.0155
[2025-12-06 20:43:45] Ep 283/500 | train_final=112671.37 (ret=0.1267) | avg_td_loss=0.0153
[2025-12-06 20:43:49] Ep 284/500 | train_final=115149.43 (ret=0.1515) | avg_td_loss=0.0158
[2025-12-06 20:43:53] Ep 285/500 | train_final=112390.35 (ret=0.1239) | avg_td_loss=0.0159 | val_final=100433.15 (ret=0.0043)
[2025-12-06 20:43:57] Ep 286/500 | train_final=112787.12 (ret=0.1279) | avg_td_loss=0.0153
[2025-12-06 20:44:01] Ep 287/500 | train_final=112763.18 (ret=0.1276) | avg_td_loss=0.0156
[2025-12-06 20:44:05] Ep 288/500 | train_final=111497.59 (ret=0.1150) | avg_td_loss=0.0159
[2025-12-06 20:44:08] Ep 289/500 | train_final=108261.22 (ret=0.0826) | avg_td_loss=0.0160
[2025-12-06 20:44:12] Ep 290/500 | train_final=105879.53 (ret=0.0588) | avg_td_loss=0.0159 | val_final=107498.66 (ret=0.0750)
[2025-12-06 20:44:16] Ep 291/500 | train_final=119941.99 (ret=0.1994) | avg_td_loss=0.0166
[2025-12-06 20:44:20] Ep 292/500 | train_final=104508.19 (ret=0.0451) | avg_td_loss=0.0171
[2025-12-06 20:44:25] Ep 293/500 | train_final=113323.67 (ret=0.1332) | avg_td_loss=0.0166
[2025-12-06 20:44:28] Ep 294/500 | train_final=104183.86 (ret=0.0418) | avg_td_loss=0.0165
[2025-12-06 20:44:32] Ep 295/500 | train_final=105961.24 (ret=0.0596) | avg_td_loss=0.0171 | val_final=107933.14 (ret=0.0793)
[2025-12-06 20:44:35] Ep 296/500 | train_final=107749.56 (ret=0.0775) | avg_td_loss=0.0161
[2025-12-06 20:44:39] Ep 297/500 | train_final=111120.06 (ret=0.1112) | avg_td_loss=0.0161
[2025-12-06 20:44:42] Ep 298/500 | train_final=108133.12 (ret=0.0813) | avg_td_loss=0.0161
[2025-12-06 20:44:46] Ep 299/500 | train_final=109318.41 (ret=0.0932) | avg_td_loss=0.0161
[2025-12-06 20:44:50] Ep 300/500 | train_final=103252.33 (ret=0.0325) | avg_td_loss=0.0158 | val_final=100444.90 (ret=0.0044)
[2025-12-06 20:44:53] Ep 301/500 | train_final=126533.12 (ret=0.2653) | avg_td_loss=0.0158
[2025-12-06 20:44:57] Ep 302/500 | train_final=117501.10 (ret=0.1750) | avg_td_loss=0.0166
[2025-12-06 20:45:00] Ep 303/500 | train_final=113510.17 (ret=0.1351) | avg_td_loss=0.0168
[2025-12-06 20:45:04] Ep 304/500 | train_final=117360.92 (ret=0.1736) | avg_td_loss=0.0171
[2025-12-06 20:45:07] Ep 305/500 | train_final=117101.71 (ret=0.1710) | avg_td_loss=0.0177 | val_final=102955.74 (ret=0.0296)
[2025-12-06 20:45:11] Ep 306/500 | train_final=111208.84 (ret=0.1121) | avg_td_loss=0.0183
[2025-12-06 20:45:15] Ep 307/500 | train_final=108424.61 (ret=0.0842) | avg_td_loss=0.0186
[2025-12-06 20:45:18] Ep 308/500 | train_final=112551.59 (ret=0.1255) | avg_td_loss=0.0191
[2025-12-06 20:45:22] Ep 309/500 | train_final=101999.31 (ret=0.0200) | avg_td_loss=0.0200
[2025-12-06 20:45:26] Ep 310/500 | train_final=109894.63 (ret=0.0989) | avg_td_loss=0.0184 | val_final=100194.14 (ret=0.0019)
[2025-12-06 20:45:30] Ep 311/500 | train_final=106205.63 (ret=0.0621) | avg_td_loss=0.0192
[2025-12-06 20:45:33] Ep 312/500 | train_final=118493.32 (ret=0.1849) | avg_td_loss=0.0194
[2025-12-06 20:45:37] Ep 313/500 | train_final=113378.74 (ret=0.1338) | avg_td_loss=0.0192
[2025-12-06 20:45:40] Ep 314/500 | train_final=117589.89 (ret=0.1759) | avg_td_loss=0.0200
[2025-12-06 20:45:44] Ep 315/500 | train_final=109204.81 (ret=0.0920) | avg_td_loss=0.0207 | val_final=109248.35 (ret=0.0925)
[2025-12-06 20:45:47] Ep 316/500 | train_final=109197.34 (ret=0.0920) | avg_td_loss=0.0208
[2025-12-06 20:45:51] Ep 317/500 | train_final=122670.78 (ret=0.2267) | avg_td_loss=0.0205
[2025-12-06 20:45:54] Ep 318/500 | train_final=108016.26 (ret=0.0802) | avg_td_loss=0.0217
[2025-12-06 20:45:58] Ep 319/500 | train_final=105541.93 (ret=0.0554) | avg_td_loss=0.0213
[2025-12-06 20:46:02] Ep 320/500 | train_final=107106.00 (ret=0.0711) | avg_td_loss=0.0215 | val_final=100590.74 (ret=0.0059)
[2025-12-06 20:46:05] Ep 321/500 | train_final=114245.68 (ret=0.1425) | avg_td_loss=0.0213
[2025-12-06 20:46:09] Ep 322/500 | train_final=111015.76 (ret=0.1102) | avg_td_loss=0.0216
[2025-12-06 20:46:12] Ep 323/500 | train_final=106922.09 (ret=0.0692) | avg_td_loss=0.0216
[2025-12-06 20:46:16] Ep 324/500 | train_final=107037.59 (ret=0.0704) | avg_td_loss=0.0212
[2025-12-06 20:46:20] Ep 325/500 | train_final=113249.90 (ret=0.1325) | avg_td_loss=0.0210 | val_final=101026.57 (ret=0.0103)
[2025-12-06 20:46:23] Ep 326/500 | train_final=105952.36 (ret=0.0595) | avg_td_loss=0.0216
[2025-12-06 20:46:27] Ep 327/500 | train_final=106917.19 (ret=0.0692) | avg_td_loss=0.0209
[2025-12-06 20:46:30] Ep 328/500 | train_final=114588.13 (ret=0.1459) | avg_td_loss=0.0212
[2025-12-06 20:46:34] Ep 329/500 | train_final=103863.32 (ret=0.0386) | avg_td_loss=0.0220
[2025-12-06 20:46:38] Ep 330/500 | train_final=109748.58 (ret=0.0975) | avg_td_loss=0.0213 | val_final=102064.89 (ret=0.0206)
[2025-12-06 20:46:42] Ep 331/500 | train_final=108120.60 (ret=0.0812) | avg_td_loss=0.0211
[2025-12-06 20:46:45] Ep 332/500 | train_final=118711.65 (ret=0.1871) | avg_td_loss=0.0211
[2025-12-06 20:46:49] Ep 333/500 | train_final=102983.48 (ret=0.0298) | avg_td_loss=0.0211
[2025-12-06 20:46:52] Ep 334/500 | train_final=116614.89 (ret=0.1661) | avg_td_loss=0.0206
[2025-12-06 20:46:56] Ep 335/500 | train_final=108018.00 (ret=0.0802) | avg_td_loss=0.0206 | val_final=103716.32 (ret=0.0372)
[2025-12-06 20:47:00] Ep 336/500 | train_final=104104.58 (ret=0.0410) | avg_td_loss=0.0202
[2025-12-06 20:47:04] Ep 337/500 | train_final=106518.12 (ret=0.0652) | avg_td_loss=0.0199
[2025-12-06 20:47:07] Ep 338/500 | train_final=109497.22 (ret=0.0950) | avg_td_loss=0.0202
[2025-12-06 20:47:11] Ep 339/500 | train_final=101722.09 (ret=0.0172) | avg_td_loss=0.0199
[2025-12-06 20:47:15] Ep 340/500 | train_final=110170.16 (ret=0.1017) | avg_td_loss=0.0186 | val_final=107281.91 (ret=0.0728)
[2025-12-06 20:47:19] Ep 341/500 | train_final=109199.94 (ret=0.0920) | avg_td_loss=0.0183
[2025-12-06 20:47:22] Ep 342/500 | train_final=116022.90 (ret=0.1602) | avg_td_loss=0.0171
[2025-12-06 20:47:26] Ep 343/500 | train_final=107443.31 (ret=0.0744) | avg_td_loss=0.0178
[2025-12-06 20:47:30] Ep 344/500 | train_final=104394.98 (ret=0.0439) | avg_td_loss=0.0169
[2025-12-06 20:47:33] Ep 345/500 | train_final=118476.19 (ret=0.1848) | avg_td_loss=0.0175 | val_final=100318.38 (ret=0.0032)
[2025-12-06 20:47:37] Ep 346/500 | train_final=112865.58 (ret=0.1287) | avg_td_loss=0.0172
[2025-12-06 20:47:41] Ep 347/500 | train_final=102434.84 (ret=0.0243) | avg_td_loss=0.0169
[2025-12-06 20:47:44] Ep 348/500 | train_final=106923.04 (ret=0.0692) | avg_td_loss=0.0167
[2025-12-06 20:47:48] Ep 349/500 | train_final=101079.86 (ret=0.0108) | avg_td_loss=0.0162
[2025-12-06 20:47:52] Ep 350/500 | train_final=109105.27 (ret=0.0911) | avg_td_loss=0.0157 | val_final=100281.36 (ret=0.0028)
[2025-12-06 20:47:55] Ep 351/500 | train_final=100536.64 (ret=0.0054) | avg_td_loss=0.0162
[2025-12-06 20:47:59] Ep 352/500 | train_final=102396.16 (ret=0.0240) | avg_td_loss=0.0156
[2025-12-06 20:48:03] Ep 353/500 | train_final=113874.27 (ret=0.1387) | avg_td_loss=0.0158
[2025-12-06 20:48:07] Ep 354/500 | train_final=101739.69 (ret=0.0174) | avg_td_loss=0.0154
[2025-12-06 20:48:11] Ep 355/500 | train_final=103787.46 (ret=0.0379) | avg_td_loss=0.0154 | val_final=109248.35 (ret=0.0925)
[2025-12-06 20:48:14] Ep 356/500 | train_final=108731.67 (ret=0.0873) | avg_td_loss=0.0154
[2025-12-06 20:48:18] Ep 357/500 | train_final=108417.46 (ret=0.0842) | avg_td_loss=0.0152
[2025-12-06 20:48:22] Ep 358/500 | train_final=115657.30 (ret=0.1566) | avg_td_loss=0.0150
[2025-12-06 20:48:25] Ep 359/500 | train_final=108258.64 (ret=0.0826) | avg_td_loss=0.0151
[2025-12-06 20:48:30] Ep 360/500 | train_final=101656.43 (ret=0.0166) | avg_td_loss=0.0148 | val_final=100377.79 (ret=0.0038)
[2025-12-06 20:48:34] Ep 361/500 | train_final=111959.11 (ret=0.1196) | avg_td_loss=0.0149
[2025-12-06 20:48:39] Ep 362/500 | train_final=104514.79 (ret=0.0451) | avg_td_loss=0.0151
[2025-12-06 20:48:43] Ep 363/500 | train_final=107786.00 (ret=0.0779) | avg_td_loss=0.0155
[2025-12-06 20:48:46] Ep 364/500 | train_final=110340.58 (ret=0.1034) | avg_td_loss=0.0149
[2025-12-06 20:48:50] Ep 365/500 | train_final=103680.23 (ret=0.0368) | avg_td_loss=0.0148 | val_final=109248.35 (ret=0.0925)
[2025-12-06 20:48:54] Ep 366/500 | train_final=117199.33 (ret=0.1720) | avg_td_loss=0.0150
[2025-12-06 20:48:58] Ep 367/500 | train_final=104953.51 (ret=0.0495) | avg_td_loss=0.0150
[2025-12-06 20:49:01] Ep 368/500 | train_final=104537.40 (ret=0.0454) | avg_td_loss=0.0143
[2025-12-06 20:49:05] Ep 369/500 | train_final=101616.02 (ret=0.0162) | avg_td_loss=0.0137
[2025-12-06 20:49:09] Ep 370/500 | train_final=107213.80 (ret=0.0721) | avg_td_loss=0.0132 | val_final=100281.36 (ret=0.0028)
[2025-12-06 20:49:13] Ep 371/500 | train_final=120786.28 (ret=0.2079) | avg_td_loss=0.0128
[2025-12-06 20:49:16] Ep 372/500 | train_final=114053.94 (ret=0.1405) | avg_td_loss=0.0130
[2025-12-06 20:49:20] Ep 373/500 | train_final=105153.99 (ret=0.0515) | avg_td_loss=0.0133
[2025-12-06 20:49:24] Ep 374/500 | train_final=100168.31 (ret=0.0017) | avg_td_loss=0.0128
[2025-12-06 20:49:28] Ep 375/500 | train_final=103734.60 (ret=0.0373) | avg_td_loss=0.0121 | val_final=100379.18 (ret=0.0038)
[2025-12-06 20:49:32] Ep 376/500 | train_final=114854.05 (ret=0.1485) | avg_td_loss=0.0123
[2025-12-06 20:49:36] Ep 377/500 | train_final=106858.94 (ret=0.0686) | avg_td_loss=0.0128
[2025-12-06 20:49:39] Ep 378/500 | train_final=109283.95 (ret=0.0928) | avg_td_loss=0.0130
[2025-12-06 20:49:43] Ep 379/500 | train_final=100930.88 (ret=0.0093) | avg_td_loss=0.0127
[2025-12-06 20:49:47] Ep 380/500 | train_final=106564.24 (ret=0.0656) | avg_td_loss=0.0120 | val_final=104839.73 (ret=0.0484)
[2025-12-06 20:49:50] Ep 381/500 | train_final=102392.49 (ret=0.0239) | avg_td_loss=0.0115
[2025-12-06 20:49:54] Ep 382/500 | train_final=109447.48 (ret=0.0945) | avg_td_loss=0.0110
[2025-12-06 20:49:57] Ep 383/500 | train_final=108718.80 (ret=0.0872) | avg_td_loss=0.0114
[2025-12-06 20:50:01] Ep 384/500 | train_final=100927.47 (ret=0.0093) | avg_td_loss=0.0105
[2025-12-06 20:50:05] Ep 385/500 | train_final=106224.82 (ret=0.0622) | avg_td_loss=0.0105 | val_final=100281.36 (ret=0.0028)
[2025-12-06 20:50:08] Ep 386/500 | train_final=108497.33 (ret=0.0850) | avg_td_loss=0.0108
[2025-12-06 20:50:12] Ep 387/500 | train_final=106739.17 (ret=0.0674) | avg_td_loss=0.0104
[2025-12-06 20:50:16] Ep 388/500 | train_final=102967.44 (ret=0.0297) | avg_td_loss=0.0105
[2025-12-06 20:50:19] Ep 389/500 | train_final=101273.97 (ret=0.0127) | avg_td_loss=0.0102
[2025-12-06 20:50:23] Ep 390/500 | train_final=106548.29 (ret=0.0655) | avg_td_loss=0.0100 | val_final=103561.57 (ret=0.0356)
[2025-12-06 20:50:27] Ep 391/500 | train_final=102752.31 (ret=0.0275) | avg_td_loss=0.0101
[2025-12-06 20:50:30] Ep 392/500 | train_final=105922.66 (ret=0.0592) | avg_td_loss=0.0095
[2025-12-06 20:50:34] Ep 393/500 | train_final=103694.95 (ret=0.0369) | avg_td_loss=0.0097
[2025-12-06 20:50:37] Ep 394/500 | train_final=104410.65 (ret=0.0441) | avg_td_loss=0.0094
[2025-12-06 20:50:41] Ep 395/500 | train_final=100623.21 (ret=0.0062) | avg_td_loss=0.0097 | val_final=100318.38 (ret=0.0032)
[2025-12-06 20:50:45] Ep 396/500 | train_final=100378.15 (ret=0.0038) | avg_td_loss=0.0095
[2025-12-06 20:50:48] Ep 397/500 | train_final=106715.74 (ret=0.0672) | avg_td_loss=0.0088
[2025-12-06 20:50:52] Ep 398/500 | train_final=106591.66 (ret=0.0659) | avg_td_loss=0.0091
[2025-12-06 20:50:56] Ep 399/500 | train_final=101853.70 (ret=0.0185) | avg_td_loss=0.0088
[2025-12-06 20:51:00] Ep 400/500 | train_final=103795.96 (ret=0.0380) | avg_td_loss=0.0087 | val_final=100318.38 (ret=0.0032)
[2025-12-06 20:51:04] Ep 401/500 | train_final=101425.97 (ret=0.0143) | avg_td_loss=0.0084
[2025-12-06 20:51:08] Ep 402/500 | train_final=102554.77 (ret=0.0255) | avg_td_loss=0.0084
[2025-12-06 20:51:12] Ep 403/500 | train_final=101742.63 (ret=0.0174) | avg_td_loss=0.0083
[2025-12-06 20:51:16] Ep 404/500 | train_final=101885.81 (ret=0.0189) | avg_td_loss=0.0080
[2025-12-06 20:51:19] Ep 405/500 | train_final=104331.26 (ret=0.0433) | avg_td_loss=0.0080 | val_final=100877.28 (ret=0.0088)
[2025-12-06 20:51:23] Ep 406/500 | train_final=104457.75 (ret=0.0446) | avg_td_loss=0.0079
[2025-12-06 20:51:27] Ep 407/500 | train_final=102999.43 (ret=0.0300) | avg_td_loss=0.0078
[2025-12-06 20:51:30] Ep 408/500 | train_final=101431.56 (ret=0.0143) | avg_td_loss=0.0077
[2025-12-06 20:51:34] Ep 409/500 | train_final=103725.42 (ret=0.0373) | avg_td_loss=0.0073
[2025-12-06 20:51:38] Ep 410/500 | train_final=108537.96 (ret=0.0854) | avg_td_loss=0.0073 | val_final=101631.70 (ret=0.0163)
[2025-12-06 20:51:41] Ep 411/500 | train_final=102416.79 (ret=0.0242) | avg_td_loss=0.0071
[2025-12-06 20:51:45] Ep 412/500 | train_final=101097.81 (ret=0.0110) | avg_td_loss=0.0067
[2025-12-06 20:51:49] Ep 413/500 | train_final=102846.43 (ret=0.0285) | avg_td_loss=0.0066
[2025-12-06 20:51:53] Ep 414/500 | train_final=106151.06 (ret=0.0615) | avg_td_loss=0.0065
[2025-12-06 20:51:57] Ep 415/500 | train_final=103596.33 (ret=0.0360) | avg_td_loss=0.0062 | val_final=108361.21 (ret=0.0836)
[2025-12-06 20:52:01] Ep 416/500 | train_final=106024.11 (ret=0.0602) | avg_td_loss=0.0066
[2025-12-06 20:52:04] Ep 417/500 | train_final=105216.61 (ret=0.0522) | avg_td_loss=0.0062
[2025-12-06 20:52:08] Ep 418/500 | train_final=107287.42 (ret=0.0729) | avg_td_loss=0.0064
[2025-12-06 20:52:12] Ep 419/500 | train_final=101953.12 (ret=0.0195) | avg_td_loss=0.0067
[2025-12-06 20:52:16] Ep 420/500 | train_final=102391.57 (ret=0.0239) | avg_td_loss=0.0060 | val_final=100377.79 (ret=0.0038)
[2025-12-06 20:52:20] Ep 421/500 | train_final=100009.77 (ret=0.0001) | avg_td_loss=0.0060
[2025-12-06 20:52:24] Ep 422/500 | train_final=107719.81 (ret=0.0772) | avg_td_loss=0.0059
[2025-12-06 20:52:27] Ep 423/500 | train_final=103556.89 (ret=0.0356) | avg_td_loss=0.0059
[2025-12-06 20:52:31] Ep 424/500 | train_final=105711.80 (ret=0.0571) | avg_td_loss=0.0058
[2025-12-06 20:52:35] Ep 425/500 | train_final=102205.51 (ret=0.0221) | avg_td_loss=0.0056 | val_final=101470.57 (ret=0.0147)
[2025-12-06 20:52:39] Ep 426/500 | train_final=100941.63 (ret=0.0094) | avg_td_loss=0.0054
[2025-12-06 20:52:42] Ep 427/500 | train_final=104938.01 (ret=0.0494) | avg_td_loss=0.0053
[2025-12-06 20:52:46] Ep 428/500 | train_final=110017.17 (ret=0.1002) | avg_td_loss=0.0051
[2025-12-06 20:52:51] Ep 429/500 | train_final=109693.70 (ret=0.0969) | avg_td_loss=0.0052
[2025-12-06 20:52:55] Ep 430/500 | train_final=111733.36 (ret=0.1173) | avg_td_loss=0.0052 | val_final=101651.47 (ret=0.0165)
[2025-12-06 20:52:59] Ep 431/500 | train_final=102657.01 (ret=0.0266) | avg_td_loss=0.0056
[2025-12-06 20:53:03] Ep 432/500 | train_final=111165.68 (ret=0.1117) | avg_td_loss=0.0054
[2025-12-06 20:53:07] Ep 433/500 | train_final=108578.08 (ret=0.0858) | avg_td_loss=0.0050
[2025-12-06 20:53:11] Ep 434/500 | train_final=108878.07 (ret=0.0888) | avg_td_loss=0.0051
[2025-12-06 20:53:15] Ep 435/500 | train_final=110492.64 (ret=0.1049) | avg_td_loss=0.0053 | val_final=108755.62 (ret=0.0876)
[2025-12-06 20:53:18] Ep 436/500 | train_final=102319.62 (ret=0.0232) | avg_td_loss=0.0052
[2025-12-06 20:53:22] Ep 437/500 | train_final=115016.09 (ret=0.1502) | avg_td_loss=0.0053
[2025-12-06 20:53:26] Ep 438/500 | train_final=113583.03 (ret=0.1358) | avg_td_loss=0.0050
[2025-12-06 20:53:29] Ep 439/500 | train_final=114219.16 (ret=0.1422) | avg_td_loss=0.0049
[2025-12-06 20:53:33] Ep 440/500 | train_final=112835.20 (ret=0.1284) | avg_td_loss=0.0053 | val_final=100267.25 (ret=0.0027)
[2025-12-06 20:53:37] Ep 441/500 | train_final=101238.25 (ret=0.0124) | avg_td_loss=0.0055
[2025-12-06 20:53:40] Ep 442/500 | train_final=104698.59 (ret=0.0470) | avg_td_loss=0.0057
[2025-12-06 20:53:44] Ep 443/500 | train_final=100962.98 (ret=0.0096) | avg_td_loss=0.0051
[2025-12-06 20:53:48] Ep 444/500 | train_final=108470.06 (ret=0.0847) | avg_td_loss=0.0050
[2025-12-06 20:53:51] Ep 445/500 | train_final=114545.85 (ret=0.1455) | avg_td_loss=0.0050 | val_final=100731.56 (ret=0.0073)
[2025-12-06 20:53:55] Ep 446/500 | train_final=102326.23 (ret=0.0233) | avg_td_loss=0.0056
[2025-12-06 20:53:58] Ep 447/500 | train_final=107545.55 (ret=0.0755) | avg_td_loss=0.0053
[2025-12-06 20:54:02] Ep 448/500 | train_final=107105.83 (ret=0.0711) | avg_td_loss=0.0052
[2025-12-06 20:54:06] Ep 449/500 | train_final=106597.83 (ret=0.0660) | avg_td_loss=0.0055
[2025-12-06 20:54:09] Ep 450/500 | train_final=107770.43 (ret=0.0777) | avg_td_loss=0.0056 | val_final=99931.97 (ret=-0.0007)
[2025-12-06 20:54:13] Ep 451/500 | train_final=108067.90 (ret=0.0807) | avg_td_loss=0.0057
[2025-12-06 20:54:17] Ep 452/500 | train_final=115979.71 (ret=0.1598) | avg_td_loss=0.0057
[2025-12-06 20:54:20] Ep 453/500 | train_final=105090.28 (ret=0.0509) | avg_td_loss=0.0058
[2025-12-06 20:54:24] Ep 454/500 | train_final=106116.67 (ret=0.0612) | avg_td_loss=0.0058
[2025-12-06 20:54:27] Ep 455/500 | train_final=111583.24 (ret=0.1158) | avg_td_loss=0.0059 | val_final=109248.35 (ret=0.0925)
[2025-12-06 20:54:32] Ep 456/500 | train_final=127017.53 (ret=0.2702) | avg_td_loss=0.0062
[2025-12-06 20:54:36] Ep 457/500 | train_final=106759.78 (ret=0.0676) | avg_td_loss=0.0074
[2025-12-06 20:54:40] Ep 458/500 | train_final=114228.41 (ret=0.1423) | avg_td_loss=0.0075
[2025-12-06 20:54:43] Ep 459/500 | train_final=114170.19 (ret=0.1417) | avg_td_loss=0.0077
[2025-12-06 20:54:47] Ep 460/500 | train_final=107526.81 (ret=0.0753) | avg_td_loss=0.0080 | val_final=100267.25 (ret=0.0027)
[2025-12-06 20:54:51] Ep 461/500 | train_final=109014.87 (ret=0.0901) | avg_td_loss=0.0081
[2025-12-06 20:54:55] Ep 462/500 | train_final=110555.40 (ret=0.1056) | avg_td_loss=0.0080
[2025-12-06 20:54:59] Ep 463/500 | train_final=106618.07 (ret=0.0662) | avg_td_loss=0.0084
[2025-12-06 20:55:04] Ep 464/500 | train_final=113707.30 (ret=0.1371) | avg_td_loss=0.0084
[2025-12-06 20:55:07] Ep 465/500 | train_final=116615.93 (ret=0.1662) | avg_td_loss=0.0089 | val_final=105323.28 (ret=0.0532)
[2025-12-06 20:55:11] Ep 466/500 | train_final=122426.46 (ret=0.2243) | avg_td_loss=0.0091
[2025-12-06 20:55:15] Ep 467/500 | train_final=107955.23 (ret=0.0796) | avg_td_loss=0.0097
[2025-12-06 20:55:18] Ep 468/500 | train_final=100762.12 (ret=0.0076) | avg_td_loss=0.0096
[2025-12-06 20:55:22] Ep 469/500 | train_final=116258.72 (ret=0.1626) | avg_td_loss=0.0097
[2025-12-06 20:55:26] Ep 470/500 | train_final=103598.88 (ret=0.0360) | avg_td_loss=0.0105 | val_final=100318.38 (ret=0.0032)
[2025-12-06 20:55:30] Ep 471/500 | train_final=107999.27 (ret=0.0800) | avg_td_loss=0.0105
[2025-12-06 20:55:34] Ep 472/500 | train_final=104057.33 (ret=0.0406) | avg_td_loss=0.0106
[2025-12-06 20:55:37] Ep 473/500 | train_final=117487.91 (ret=0.1749) | avg_td_loss=0.0106
[2025-12-06 20:55:41] Ep 474/500 | train_final=115384.19 (ret=0.1538) | avg_td_loss=0.0112
[2025-12-06 20:55:45] Ep 475/500 | train_final=110795.64 (ret=0.1080) | avg_td_loss=0.0112 | val_final=100281.36 (ret=0.0028)
[2025-12-06 20:55:48] Ep 476/500 | train_final=109392.37 (ret=0.0939) | avg_td_loss=0.0115
[2025-12-06 20:55:52] Ep 477/500 | train_final=108360.05 (ret=0.0836) | avg_td_loss=0.0120
[2025-12-06 20:55:56] Ep 478/500 | train_final=104945.59 (ret=0.0495) | avg_td_loss=0.0123
[2025-12-06 20:55:59] Ep 479/500 | train_final=104937.77 (ret=0.0494) | avg_td_loss=0.0123
[2025-12-06 20:56:03] Ep 480/500 | train_final=106811.65 (ret=0.0681) | avg_td_loss=0.0120 | val_final=109019.98 (ret=0.0902)
[2025-12-06 20:56:07] Ep 481/500 | train_final=113412.02 (ret=0.1341) | avg_td_loss=0.0121
[2025-12-06 20:56:11] Ep 482/500 | train_final=101357.40 (ret=0.0136) | avg_td_loss=0.0123
[2025-12-06 20:56:15] Ep 483/500 | train_final=109032.67 (ret=0.0903) | avg_td_loss=0.0125
[2025-12-06 20:56:19] Ep 484/500 | train_final=103886.23 (ret=0.0389) | avg_td_loss=0.0123
[2025-12-06 20:56:23] Ep 485/500 | train_final=115106.23 (ret=0.1511) | avg_td_loss=0.0121 | val_final=104109.55 (ret=0.0411)
[2025-12-06 20:56:27] Ep 486/500 | train_final=116209.34 (ret=0.1621) | avg_td_loss=0.0130
[2025-12-06 20:56:30] Ep 487/500 | train_final=103036.34 (ret=0.0304) | avg_td_loss=0.0135
[2025-12-06 20:56:34] Ep 488/500 | train_final=106451.27 (ret=0.0645) | avg_td_loss=0.0135
[2025-12-06 20:56:37] Ep 489/500 | train_final=109047.40 (ret=0.0905) | avg_td_loss=0.0129
[2025-12-06 20:56:41] Ep 490/500 | train_final=104977.22 (ret=0.0498) | avg_td_loss=0.0137 | val_final=100508.32 (ret=0.0051)
[2025-12-06 20:56:45] Ep 491/500 | train_final=117352.16 (ret=0.1735) | avg_td_loss=0.0137
[2025-12-06 20:56:48] Ep 492/500 | train_final=105032.94 (ret=0.0503) | avg_td_loss=0.0139
[2025-12-06 20:56:52] Ep 493/500 | train_final=114147.84 (ret=0.1415) | avg_td_loss=0.0138
[2025-12-06 20:56:56] Ep 494/500 | train_final=111513.54 (ret=0.1151) | avg_td_loss=0.0145
[2025-12-06 20:56:59] Ep 495/500 | train_final=108212.90 (ret=0.0821) | avg_td_loss=0.0142 | val_final=99924.38 (ret=-0.0008)
[2025-12-06 20:57:03] Ep 496/500 | train_final=108049.19 (ret=0.0805) | avg_td_loss=0.0146
[2025-12-06 20:57:07] Ep 497/500 | train_final=103428.60 (ret=0.0343) | avg_td_loss=0.0145
[2025-12-06 20:57:10] Ep 498/500 | train_final=111826.56 (ret=0.1183) | avg_td_loss=0.0142
[2025-12-06 20:57:14] Ep 499/500 | train_final=115733.29 (ret=0.1573) | avg_td_loss=0.0152
[2025-12-06 20:57:18] Ep 500/500 | train_final=106623.63 (ret=0.0662) | avg_td_loss=0.0144 | val_final=103321.29 (ret=0.0332)
[2025-12-06 20:57:18] Training completed in 29.64 minutes.
[2025-12-06 20:57:18] Best validation final value: 109248.35
[2025-12-06 20:57:18] Best model checkpoint: /Users/riddhighate/TradeNet/runs/ddqn_ticker-AAPL_hmax-1_ep-500_seed-0_136f7c3b8aa5d234b32606ef14ed3624/checkpoints/best_model.pth
[2025-12-06 20:57:18] Training metrics CSV: /Users/riddhighate/TradeNet/runs/ddqn_ticker-AAPL_hmax-1_ep-500_seed-0_136f7c3b8aa5d234b32606ef14ed3624/metrics/train_metrics.csv
