[2025-12-06 16:52:15] ========================================
[2025-12-06 16:52:15] Run: ddqn_ticker-AAPL_hmax-1_ep-50_seed-0
[2025-12-06 16:52:15] Device: cpu
[2025-12-06 16:52:15] Episodes=50, eval_interval=5, gamma=0.99, lr=0.001, batch_size=64
[2025-12-06 16:52:15] Env: initial_amount=100000.0, hmax=1, buy_cost_pct=0.001, sell_cost_pct=0.001, window_size=20, max_pos=1000
[2025-12-06 16:52:15] ========================================
[2025-12-06 16:52:15] State dimension: 27, Action dimension: 3
[2025-12-06 16:52:16] Agent: DDQNAgent with hidden_sizes=(128, 128), buffer_capacity=100000, min_buffer_size=1000
[2025-12-06 16:52:16] Starting training.
[2025-12-06 16:52:17] Ep 001/50 | train_final=100240.06 (ret=0.0024) | avg_td_loss=0.2438
[2025-12-06 16:52:20] Ep 002/50 | train_final=100502.31 (ret=0.0050) | avg_td_loss=0.0466
[2025-12-06 16:52:22] Ep 003/50 | train_final=100531.55 (ret=0.0053) | avg_td_loss=0.0000
[2025-12-06 16:52:25] Ep 004/50 | train_final=101170.17 (ret=0.0117) | avg_td_loss=0.0000
[2025-12-06 16:52:27] Ep 005/50 | train_final=102952.51 (ret=0.0295) | avg_td_loss=0.0000 | val_final=102226.15 (ret=0.0223) (saved best)
[2025-12-06 16:52:30] Ep 006/50 | train_final=100948.56 (ret=0.0095) | avg_td_loss=0.0000
[2025-12-06 16:52:32] Ep 007/50 | train_final=105002.71 (ret=0.0500) | avg_td_loss=0.0000
[2025-12-06 16:52:37] Ep 008/50 | train_final=101674.48 (ret=0.0167) | avg_td_loss=0.0000
[2025-12-06 16:52:40] Ep 009/50 | train_final=102762.22 (ret=0.0276) | avg_td_loss=0.0000
[2025-12-06 16:52:42] Ep 010/50 | train_final=100539.97 (ret=0.0054) | avg_td_loss=0.0000 | val_final=101671.81 (ret=0.0167)
[2025-12-06 16:52:45] Ep 011/50 | train_final=101881.50 (ret=0.0188) | avg_td_loss=0.0000
[2025-12-06 16:52:48] Ep 012/50 | train_final=100879.03 (ret=0.0088) | avg_td_loss=0.0000
[2025-12-06 16:52:51] Ep 013/50 | train_final=101371.00 (ret=0.0137) | avg_td_loss=0.0000
[2025-12-06 16:52:53] Ep 014/50 | train_final=102415.18 (ret=0.0242) | avg_td_loss=0.0000
[2025-12-06 16:52:56] Ep 015/50 | train_final=101939.39 (ret=0.0194) | avg_td_loss=0.0000 | val_final=109248.35 (ret=0.0925) (saved best)
[2025-12-06 16:52:59] Ep 016/50 | train_final=101699.81 (ret=0.0170) | avg_td_loss=0.0000
[2025-12-06 16:53:02] Ep 017/50 | train_final=103875.79 (ret=0.0388) | avg_td_loss=0.0000
[2025-12-06 16:53:05] Ep 018/50 | train_final=102285.03 (ret=0.0229) | avg_td_loss=0.0000
[2025-12-06 16:53:07] Ep 019/50 | train_final=101898.28 (ret=0.0190) | avg_td_loss=0.0000
[2025-12-06 16:53:10] Ep 020/50 | train_final=102925.35 (ret=0.0293) | avg_td_loss=0.0000 | val_final=109248.35 (ret=0.0925)
[2025-12-06 16:53:13] Ep 021/50 | train_final=101310.94 (ret=0.0131) | avg_td_loss=0.0000
[2025-12-06 16:53:16] Ep 022/50 | train_final=102733.76 (ret=0.0273) | avg_td_loss=0.0000
[2025-12-06 16:53:19] Ep 023/50 | train_final=103869.75 (ret=0.0387) | avg_td_loss=0.0000
[2025-12-06 16:53:22] Ep 024/50 | train_final=101959.59 (ret=0.0196) | avg_td_loss=0.0000
[2025-12-06 16:53:25] Ep 025/50 | train_final=104337.25 (ret=0.0434) | avg_td_loss=0.0000 | val_final=109248.35 (ret=0.0925)
[2025-12-06 16:53:28] Ep 026/50 | train_final=103634.27 (ret=0.0363) | avg_td_loss=0.0000
[2025-12-06 16:53:32] Ep 027/50 | train_final=105970.71 (ret=0.0597) | avg_td_loss=0.0000
[2025-12-06 16:53:35] Ep 028/50 | train_final=104694.88 (ret=0.0469) | avg_td_loss=0.0000
[2025-12-06 16:53:39] Ep 029/50 | train_final=101865.08 (ret=0.0187) | avg_td_loss=0.0000
[2025-12-06 16:53:43] Ep 030/50 | train_final=103568.56 (ret=0.0357) | avg_td_loss=0.0000 | val_final=109248.35 (ret=0.0925)
[2025-12-06 16:53:46] Ep 031/50 | train_final=103551.72 (ret=0.0355) | avg_td_loss=0.0000
[2025-12-06 16:53:51] Ep 032/50 | train_final=105475.84 (ret=0.0548) | avg_td_loss=0.0000
[2025-12-06 16:53:54] Ep 033/50 | train_final=100346.66 (ret=0.0035) | avg_td_loss=0.0000
[2025-12-06 16:53:57] Ep 034/50 | train_final=103720.59 (ret=0.0372) | avg_td_loss=0.0000
[2025-12-06 16:54:00] Ep 035/50 | train_final=104114.27 (ret=0.0411) | avg_td_loss=0.0000 | val_final=109248.35 (ret=0.0925)
[2025-12-06 16:54:03] Ep 036/50 | train_final=101927.18 (ret=0.0193) | avg_td_loss=0.0000
[2025-12-06 16:54:06] Ep 037/50 | train_final=102611.72 (ret=0.0261) | avg_td_loss=0.0000
[2025-12-06 16:54:09] Ep 038/50 | train_final=102147.83 (ret=0.0215) | avg_td_loss=0.0000
[2025-12-06 16:54:12] Ep 039/50 | train_final=103549.73 (ret=0.0355) | avg_td_loss=0.0000
[2025-12-06 16:54:14] Ep 040/50 | train_final=104277.24 (ret=0.0428) | avg_td_loss=0.0000 | val_final=109248.35 (ret=0.0925)
[2025-12-06 16:54:17] Ep 041/50 | train_final=105257.40 (ret=0.0526) | avg_td_loss=0.0000
[2025-12-06 16:54:20] Ep 042/50 | train_final=106056.73 (ret=0.0606) | avg_td_loss=0.0000
[2025-12-06 16:54:23] Ep 043/50 | train_final=102797.65 (ret=0.0280) | avg_td_loss=0.0000
[2025-12-06 16:54:26] Ep 044/50 | train_final=102752.47 (ret=0.0275) | avg_td_loss=0.0000
[2025-12-06 16:54:29] Ep 045/50 | train_final=103157.96 (ret=0.0316) | avg_td_loss=0.0000 | val_final=109248.35 (ret=0.0925)
[2025-12-06 16:54:32] Ep 046/50 | train_final=102299.97 (ret=0.0230) | avg_td_loss=0.0000
[2025-12-06 16:54:35] Ep 047/50 | train_final=106352.78 (ret=0.0635) | avg_td_loss=0.0000
[2025-12-06 16:54:37] Ep 048/50 | train_final=101718.01 (ret=0.0172) | avg_td_loss=0.0000
[2025-12-06 16:54:40] Ep 049/50 | train_final=104272.91 (ret=0.0427) | avg_td_loss=0.0000
[2025-12-06 16:54:43] Ep 050/50 | train_final=106668.44 (ret=0.0667) | avg_td_loss=0.0000 | val_final=109248.35 (ret=0.0925)
[2025-12-06 16:54:43] Training completed in 2.45 minutes.
[2025-12-06 16:54:43] Best validation final value: 109248.35
[2025-12-06 16:54:43] Best model checkpoint: /Users/riddhighate/TradeNet/runs/ddqn_ticker-AAPL_hmax-1_ep-50_seed-0/checkpoints/best_model.pth
[2025-12-06 16:54:43] Training metrics CSV: /Users/riddhighate/TradeNet/runs/ddqn_ticker-AAPL_hmax-1_ep-50_seed-0/metrics/train_metrics.csv
[2025-12-06 17:06:08] ========================================
[2025-12-06 17:06:08] Run: ddqn_ticker-AAPL_hmax-1_ep-50_seed-0
[2025-12-06 17:06:08] Device: cpu
[2025-12-06 17:06:08] Episodes=50, eval_interval=5, gamma=0.99, lr=0.001, batch_size=64
[2025-12-06 17:06:08] Env: initial_amount=100000.0, hmax=1, buy_cost_pct=0.001, sell_cost_pct=0.001, window_size=20, max_pos=1000
[2025-12-06 17:06:08] ========================================
[2025-12-06 17:06:08] State dimension: 27, Action dimension: 3
[2025-12-06 17:06:33] ========================================
[2025-12-06 17:06:33] Run: ddqn_ticker-AAPL_hmax-1_ep-50_seed-0
[2025-12-06 17:06:33] Device: cpu
[2025-12-06 17:06:33] Episodes=50, eval_interval=5, gamma=0.99, lr=0.001, batch_size=64
[2025-12-06 17:06:33] Env: initial_amount=100000.0, hmax=1, buy_cost_pct=0.001, sell_cost_pct=0.001, window_size=20, max_pos=1000
[2025-12-06 17:06:33] ========================================
[2025-12-06 17:06:34] State dimension: 27, Action dimension: 3
[2025-12-06 17:06:35] Agent: DDQNAgent with hidden_sizes=(128, 128), buffer_capacity=100000, min_buffer_size=1000
[2025-12-06 17:06:35] Starting training.
[2025-12-06 17:06:50] ========================================
[2025-12-06 17:06:50] Run: ddqn_ticker-AAPL_hmax-1_ep-50_seed-0
[2025-12-06 17:06:50] Device: cpu
[2025-12-06 17:06:50] Episodes=50, eval_interval=5, gamma=0.99, lr=0.001, batch_size=64
[2025-12-06 17:06:50] Env: initial_amount=100000.0, hmax=1, buy_cost_pct=0.001, sell_cost_pct=0.001, window_size=20, max_pos=1000
[2025-12-06 17:06:50] ========================================
[2025-12-06 17:06:50] State dimension: 27, Action dimension: 3
[2025-12-06 17:06:52] Agent: DDQNAgent with hidden_sizes=(128, 128), buffer_capacity=100000, min_buffer_size=1000
[2025-12-06 17:06:52] Starting training.
[2025-12-06 17:07:16] ========================================
[2025-12-06 17:07:16] Run: ddqn_ticker-AAPL_hmax-1_ep-50_seed-0
[2025-12-06 17:07:16] Device: cpu
[2025-12-06 17:07:16] Episodes=50, eval_interval=5, gamma=0.99, lr=0.001, batch_size=64
[2025-12-06 17:07:16] Env: initial_amount=100000.0, hmax=1, buy_cost_pct=0.001, sell_cost_pct=0.001, window_size=20, max_pos=1000
[2025-12-06 17:07:16] ========================================
[2025-12-06 17:07:16] State dimension: 27, Action dimension: 3
[2025-12-06 17:07:18] Agent: DDQNAgent with hidden_sizes=(128, 128), buffer_capacity=100000, min_buffer_size=1000
[2025-12-06 17:07:18] Starting training.
[2025-12-06 17:07:19] Ep 001/50 | train_final=100240.06 (ret=0.0024) | avg_td_loss=0.2438
[2025-12-06 17:07:22] Ep 002/50 | train_final=100502.31 (ret=0.0050) | avg_td_loss=0.0466
[2025-12-06 17:07:24] Ep 003/50 | train_final=100531.55 (ret=0.0053) | avg_td_loss=0.0000
[2025-12-06 17:07:26] Ep 004/50 | train_final=101170.17 (ret=0.0117) | avg_td_loss=0.0000
[2025-12-06 17:07:29] Ep 005/50 | train_final=102952.51 (ret=0.0295) | avg_td_loss=0.0000 | val_final=102226.15 (ret=0.0223) (saved best)
[2025-12-06 17:07:31] Ep 006/50 | train_final=100948.56 (ret=0.0095) | avg_td_loss=0.0000
[2025-12-06 17:07:34] Ep 007/50 | train_final=105002.71 (ret=0.0500) | avg_td_loss=0.0000
[2025-12-06 17:07:36] Ep 008/50 | train_final=101674.48 (ret=0.0167) | avg_td_loss=0.0000
[2025-12-06 17:07:38] Ep 009/50 | train_final=102762.22 (ret=0.0276) | avg_td_loss=0.0000
[2025-12-06 17:07:41] Ep 010/50 | train_final=100539.97 (ret=0.0054) | avg_td_loss=0.0000 | val_final=101671.81 (ret=0.0167)
[2025-12-06 17:07:44] Ep 011/50 | train_final=101881.50 (ret=0.0188) | avg_td_loss=0.0000
[2025-12-06 17:07:46] Ep 012/50 | train_final=100879.03 (ret=0.0088) | avg_td_loss=0.0000
[2025-12-06 17:07:48] Ep 013/50 | train_final=101371.00 (ret=0.0137) | avg_td_loss=0.0000
[2025-12-06 17:07:51] Ep 014/50 | train_final=102415.18 (ret=0.0242) | avg_td_loss=0.0000
[2025-12-06 17:07:53] Ep 015/50 | train_final=101939.39 (ret=0.0194) | avg_td_loss=0.0000 | val_final=109248.35 (ret=0.0925) (saved best)
[2025-12-06 17:07:56] Ep 016/50 | train_final=101699.81 (ret=0.0170) | avg_td_loss=0.0000
[2025-12-06 17:07:58] Ep 017/50 | train_final=103875.79 (ret=0.0388) | avg_td_loss=0.0000
[2025-12-06 17:08:01] Ep 018/50 | train_final=102285.03 (ret=0.0229) | avg_td_loss=0.0000
[2025-12-06 17:08:03] Ep 019/50 | train_final=101898.28 (ret=0.0190) | avg_td_loss=0.0000
[2025-12-06 17:08:06] Ep 020/50 | train_final=102925.35 (ret=0.0293) | avg_td_loss=0.0000 | val_final=109248.35 (ret=0.0925)
[2025-12-06 17:08:08] Ep 021/50 | train_final=101310.94 (ret=0.0131) | avg_td_loss=0.0000
[2025-12-06 17:08:11] Ep 022/50 | train_final=102733.76 (ret=0.0273) | avg_td_loss=0.0000
[2025-12-06 17:08:13] Ep 023/50 | train_final=103869.75 (ret=0.0387) | avg_td_loss=0.0000
[2025-12-06 17:08:16] Ep 024/50 | train_final=101959.59 (ret=0.0196) | avg_td_loss=0.0000
[2025-12-06 17:08:18] Ep 025/50 | train_final=104337.25 (ret=0.0434) | avg_td_loss=0.0000 | val_final=109248.35 (ret=0.0925)
[2025-12-06 17:08:21] Ep 026/50 | train_final=103634.27 (ret=0.0363) | avg_td_loss=0.0000
[2025-12-06 17:08:23] Ep 027/50 | train_final=105970.71 (ret=0.0597) | avg_td_loss=0.0000
[2025-12-06 17:08:26] Ep 028/50 | train_final=104694.88 (ret=0.0469) | avg_td_loss=0.0000
[2025-12-06 17:08:29] Ep 029/50 | train_final=101865.08 (ret=0.0187) | avg_td_loss=0.0000
[2025-12-06 17:08:31] Ep 030/50 | train_final=103568.56 (ret=0.0357) | avg_td_loss=0.0000 | val_final=109248.35 (ret=0.0925)
[2025-12-06 17:08:34] Ep 031/50 | train_final=103551.72 (ret=0.0355) | avg_td_loss=0.0000
[2025-12-06 17:08:37] Ep 032/50 | train_final=105475.84 (ret=0.0548) | avg_td_loss=0.0000
[2025-12-06 17:08:39] Ep 033/50 | train_final=100346.66 (ret=0.0035) | avg_td_loss=0.0000
[2025-12-06 17:08:41] Ep 034/50 | train_final=103720.59 (ret=0.0372) | avg_td_loss=0.0000
[2025-12-06 17:08:44] Ep 035/50 | train_final=104114.27 (ret=0.0411) | avg_td_loss=0.0000 | val_final=109248.35 (ret=0.0925)
[2025-12-06 17:08:47] Ep 036/50 | train_final=101927.18 (ret=0.0193) | avg_td_loss=0.0000
[2025-12-06 17:08:49] Ep 037/50 | train_final=102611.72 (ret=0.0261) | avg_td_loss=0.0000
[2025-12-06 17:08:52] Ep 038/50 | train_final=102147.83 (ret=0.0215) | avg_td_loss=0.0000
[2025-12-06 17:08:55] Ep 039/50 | train_final=103549.73 (ret=0.0355) | avg_td_loss=0.0000
[2025-12-06 17:08:58] Ep 040/50 | train_final=104277.24 (ret=0.0428) | avg_td_loss=0.0000 | val_final=109248.35 (ret=0.0925)
[2025-12-06 17:09:00] Ep 041/50 | train_final=105257.40 (ret=0.0526) | avg_td_loss=0.0000
[2025-12-06 17:09:03] Ep 042/50 | train_final=106056.73 (ret=0.0606) | avg_td_loss=0.0000
[2025-12-06 17:09:06] Ep 043/50 | train_final=102797.65 (ret=0.0280) | avg_td_loss=0.0000
[2025-12-06 17:09:08] Ep 044/50 | train_final=102752.47 (ret=0.0275) | avg_td_loss=0.0000
[2025-12-06 17:09:11] Ep 045/50 | train_final=103157.96 (ret=0.0316) | avg_td_loss=0.0000 | val_final=109248.35 (ret=0.0925)
[2025-12-06 17:09:14] Ep 046/50 | train_final=102299.97 (ret=0.0230) | avg_td_loss=0.0000
[2025-12-06 17:09:17] Ep 047/50 | train_final=106352.78 (ret=0.0635) | avg_td_loss=0.0000
[2025-12-06 17:09:19] Ep 048/50 | train_final=101718.01 (ret=0.0172) | avg_td_loss=0.0000
[2025-12-06 17:09:22] Ep 049/50 | train_final=104272.91 (ret=0.0427) | avg_td_loss=0.0000
[2025-12-06 17:09:25] Ep 050/50 | train_final=106668.44 (ret=0.0667) | avg_td_loss=0.0000 | val_final=109248.35 (ret=0.0925)
[2025-12-06 17:09:25] Training completed in 2.12 minutes.
[2025-12-06 17:09:25] Best validation final value: 109248.35
[2025-12-06 17:09:25] Best model checkpoint: /Users/riddhighate/TradeNet/runs/ddqn_ticker-AAPL_hmax-1_ep-50_seed-0/checkpoints/best_model.pth
[2025-12-06 17:09:25] Training metrics CSV: /Users/riddhighate/TradeNet/runs/ddqn_ticker-AAPL_hmax-1_ep-50_seed-0/metrics/train_metrics.csv
