[2025-12-06 18:27:26] ========================================
[2025-12-06 18:27:26] Run: ddqn_ticker-AAPL_hmax-5_ep-250_seed-0
[2025-12-06 18:27:26] Device: cpu
[2025-12-06 18:27:26] Episodes=250, eval_interval=5, gamma=0.99, lr=0.001, batch_size=64
[2025-12-06 18:27:26] Env: initial_amount=100000.0, hmax=5, buy_cost_pct=0.001, sell_cost_pct=0.001, window_size=20, max_pos=1000
[2025-12-06 18:27:26] ========================================
[2025-12-06 18:27:26] State dimension: 27, Action dimension: 11
[2025-12-06 18:27:26] Agent: DDQNAgent with hidden_sizes=(128, 128), buffer_capacity=100000, min_buffer_size=1000
[2025-12-06 18:27:26] Starting training.
[2025-12-06 18:27:27] Ep 001/250 | train_final=105393.31 (ret=0.0539) | avg_td_loss=0.4680
[2025-12-06 18:27:28] Ep 002/250 | train_final=104396.67 (ret=0.0440) | avg_td_loss=0.4589
[2025-12-06 18:27:29] Ep 003/250 | train_final=104144.35 (ret=0.0414) | avg_td_loss=0.0001
[2025-12-06 18:27:30] Ep 004/250 | train_final=100140.74 (ret=0.0014) | avg_td_loss=0.0000
[2025-12-06 18:27:31] Ep 005/250 | train_final=101800.17 (ret=0.0180) | avg_td_loss=0.0000 | val_final=105595.89 (ret=0.0560) (saved best)
[2025-12-06 18:27:32] Ep 006/250 | train_final=103463.22 (ret=0.0346) | avg_td_loss=0.0000
[2025-12-06 18:27:33] Ep 007/250 | train_final=102916.79 (ret=0.0292) | avg_td_loss=0.0000
[2025-12-06 18:27:34] Ep 008/250 | train_final=101634.76 (ret=0.0163) | avg_td_loss=0.0000
[2025-12-06 18:27:35] Ep 009/250 | train_final=103509.25 (ret=0.0351) | avg_td_loss=0.0000
[2025-12-06 18:27:36] Ep 010/250 | train_final=101911.49 (ret=0.0191) | avg_td_loss=0.0000 | val_final=106419.46 (ret=0.0642) (saved best)
[2025-12-06 18:27:37] Ep 011/250 | train_final=108877.47 (ret=0.0888) | avg_td_loss=0.0000
[2025-12-06 18:27:38] Ep 012/250 | train_final=104372.87 (ret=0.0437) | avg_td_loss=0.0000
[2025-12-06 18:27:39] Ep 013/250 | train_final=103780.96 (ret=0.0378) | avg_td_loss=0.0000
[2025-12-06 18:27:40] Ep 014/250 | train_final=108606.66 (ret=0.0861) | avg_td_loss=0.0000
[2025-12-06 18:27:41] Ep 015/250 | train_final=106704.16 (ret=0.0670) | avg_td_loss=0.0000 | val_final=121847.08 (ret=0.2185) (saved best)
[2025-12-06 18:27:42] Ep 016/250 | train_final=108777.00 (ret=0.0878) | avg_td_loss=0.0000
[2025-12-06 18:27:43] Ep 017/250 | train_final=105700.46 (ret=0.0570) | avg_td_loss=0.0000
[2025-12-06 18:27:44] Ep 018/250 | train_final=111209.45 (ret=0.1121) | avg_td_loss=0.0000
[2025-12-06 18:27:45] Ep 019/250 | train_final=102295.70 (ret=0.0230) | avg_td_loss=0.0000
[2025-12-06 18:27:46] Ep 020/250 | train_final=104945.48 (ret=0.0495) | avg_td_loss=0.0000 | val_final=121045.33 (ret=0.2105)
[2025-12-06 18:27:47] Ep 021/250 | train_final=112382.12 (ret=0.1238) | avg_td_loss=0.0000
[2025-12-06 18:27:48] Ep 022/250 | train_final=107081.70 (ret=0.0708) | avg_td_loss=0.0001
[2025-12-06 18:27:49] Ep 023/250 | train_final=104913.24 (ret=0.0491) | avg_td_loss=0.0001
[2025-12-06 18:27:50] Ep 024/250 | train_final=116428.05 (ret=0.1643) | avg_td_loss=0.0001
[2025-12-06 18:27:51] Ep 025/250 | train_final=122645.61 (ret=0.2265) | avg_td_loss=0.0001 | val_final=99688.95 (ret=-0.0031)
[2025-12-06 18:27:52] Ep 026/250 | train_final=102298.66 (ret=0.0230) | avg_td_loss=0.0001
[2025-12-06 18:27:53] Ep 027/250 | train_final=122725.83 (ret=0.2273) | avg_td_loss=0.0001
[2025-12-06 18:27:54] Ep 028/250 | train_final=116951.46 (ret=0.1695) | avg_td_loss=0.0001
[2025-12-06 18:27:55] Ep 029/250 | train_final=108390.45 (ret=0.0839) | avg_td_loss=0.0001
[2025-12-06 18:27:56] Ep 030/250 | train_final=121032.85 (ret=0.2103) | avg_td_loss=0.0001 | val_final=100000.00 (ret=0.0000)
[2025-12-06 18:27:57] Ep 031/250 | train_final=107861.83 (ret=0.0786) | avg_td_loss=0.0001
[2025-12-06 18:27:58] Ep 032/250 | train_final=115614.23 (ret=0.1561) | avg_td_loss=0.0001
[2025-12-06 18:28:00] Ep 033/250 | train_final=115188.65 (ret=0.1519) | avg_td_loss=0.0001
[2025-12-06 18:28:01] Ep 034/250 | train_final=105475.38 (ret=0.0548) | avg_td_loss=0.0001
[2025-12-06 18:28:02] Ep 035/250 | train_final=123762.03 (ret=0.2376) | avg_td_loss=0.0002 | val_final=102118.38 (ret=0.0212)
[2025-12-06 18:28:03] Ep 036/250 | train_final=135103.96 (ret=0.3510) | avg_td_loss=0.0002
[2025-12-06 18:28:04] Ep 037/250 | train_final=112435.77 (ret=0.1244) | avg_td_loss=0.0002
[2025-12-06 18:28:05] Ep 038/250 | train_final=101809.62 (ret=0.0181) | avg_td_loss=0.0002
[2025-12-06 18:28:06] Ep 039/250 | train_final=107600.02 (ret=0.0760) | avg_td_loss=0.0002
[2025-12-06 18:28:07] Ep 040/250 | train_final=121176.72 (ret=0.2118) | avg_td_loss=0.0002 | val_final=118343.95 (ret=0.1834)
[2025-12-06 18:28:08] Ep 041/250 | train_final=124588.16 (ret=0.2459) | avg_td_loss=0.0002
[2025-12-06 18:28:09] Ep 042/250 | train_final=107046.86 (ret=0.0705) | avg_td_loss=0.0002
[2025-12-06 18:28:10] Ep 043/250 | train_final=108252.04 (ret=0.0825) | avg_td_loss=0.0002
[2025-12-06 18:28:11] Ep 044/250 | train_final=116359.48 (ret=0.1636) | avg_td_loss=0.0002
[2025-12-06 18:28:13] Ep 045/250 | train_final=113530.16 (ret=0.1353) | avg_td_loss=0.0002 | val_final=99738.98 (ret=-0.0026)
[2025-12-06 18:28:14] Ep 046/250 | train_final=135781.12 (ret=0.3578) | avg_td_loss=0.0002
[2025-12-06 18:28:15] Ep 047/250 | train_final=115357.11 (ret=0.1536) | avg_td_loss=0.0002
[2025-12-06 18:28:16] Ep 048/250 | train_final=118008.80 (ret=0.1801) | avg_td_loss=0.0002
[2025-12-06 18:28:17] Ep 049/250 | train_final=112507.29 (ret=0.1251) | avg_td_loss=0.0002
[2025-12-06 18:28:18] Ep 050/250 | train_final=106101.10 (ret=0.0610) | avg_td_loss=0.0002 | val_final=123872.50 (ret=0.2387) (saved best)
[2025-12-06 18:28:19] Ep 051/250 | train_final=114466.41 (ret=0.1447) | avg_td_loss=0.0002
[2025-12-06 18:28:20] Ep 052/250 | train_final=105455.33 (ret=0.0546) | avg_td_loss=0.0002
[2025-12-06 18:28:22] Ep 053/250 | train_final=106683.29 (ret=0.0668) | avg_td_loss=0.0002
[2025-12-06 18:28:23] Ep 054/250 | train_final=124349.13 (ret=0.2435) | avg_td_loss=0.0002
[2025-12-06 18:28:24] Ep 055/250 | train_final=100175.27 (ret=0.0018) | avg_td_loss=0.0002 | val_final=116194.04 (ret=0.1619)
[2025-12-06 18:28:25] Ep 056/250 | train_final=131527.50 (ret=0.3153) | avg_td_loss=0.0002
[2025-12-06 18:28:26] Ep 057/250 | train_final=117716.44 (ret=0.1772) | avg_td_loss=0.0002
[2025-12-06 18:28:28] Ep 058/250 | train_final=108673.01 (ret=0.0867) | avg_td_loss=0.0002
[2025-12-06 18:28:29] Ep 059/250 | train_final=129608.50 (ret=0.2961) | avg_td_loss=0.0002
[2025-12-06 18:28:30] Ep 060/250 | train_final=129869.55 (ret=0.2987) | avg_td_loss=0.0003 | val_final=108803.61 (ret=0.0880)
[2025-12-06 18:28:31] Ep 061/250 | train_final=112426.20 (ret=0.1243) | avg_td_loss=0.0003
[2025-12-06 18:28:32] Ep 062/250 | train_final=125674.63 (ret=0.2567) | avg_td_loss=0.0003
[2025-12-06 18:28:34] Ep 063/250 | train_final=113456.60 (ret=0.1346) | avg_td_loss=0.0003
[2025-12-06 18:28:35] Ep 064/250 | train_final=114972.60 (ret=0.1497) | avg_td_loss=0.0003
[2025-12-06 18:28:36] Ep 065/250 | train_final=109288.35 (ret=0.0929) | avg_td_loss=0.0003 | val_final=102785.67 (ret=0.0279)
[2025-12-06 18:28:37] Ep 066/250 | train_final=143794.89 (ret=0.4379) | avg_td_loss=0.0003
[2025-12-06 18:28:38] Ep 067/250 | train_final=115534.42 (ret=0.1553) | avg_td_loss=0.0003
[2025-12-06 18:28:39] Ep 068/250 | train_final=108657.87 (ret=0.0866) | avg_td_loss=0.0003
[2025-12-06 18:28:40] Ep 069/250 | train_final=122452.59 (ret=0.2245) | avg_td_loss=0.0003
[2025-12-06 18:28:42] Ep 070/250 | train_final=128492.37 (ret=0.2849) | avg_td_loss=0.0003 | val_final=122367.94 (ret=0.2237)
[2025-12-06 18:28:43] Ep 071/250 | train_final=141350.08 (ret=0.4135) | avg_td_loss=0.0003
[2025-12-06 18:28:44] Ep 072/250 | train_final=105188.73 (ret=0.0519) | avg_td_loss=0.0003
[2025-12-06 18:28:45] Ep 073/250 | train_final=108115.50 (ret=0.0812) | avg_td_loss=0.0004
[2025-12-06 18:28:46] Ep 074/250 | train_final=108538.50 (ret=0.0854) | avg_td_loss=0.0004
[2025-12-06 18:28:47] Ep 075/250 | train_final=116805.19 (ret=0.1681) | avg_td_loss=0.0004 | val_final=118974.62 (ret=0.1897)
[2025-12-06 18:28:48] Ep 076/250 | train_final=126538.05 (ret=0.2654) | avg_td_loss=0.0004
[2025-12-06 18:28:50] Ep 077/250 | train_final=110911.31 (ret=0.1091) | avg_td_loss=0.0004
[2025-12-06 18:28:51] Ep 078/250 | train_final=123521.09 (ret=0.2352) | avg_td_loss=0.0004
[2025-12-06 18:28:52] Ep 079/250 | train_final=115384.08 (ret=0.1538) | avg_td_loss=0.0004
[2025-12-06 18:28:53] Ep 080/250 | train_final=127291.29 (ret=0.2729) | avg_td_loss=0.0004 | val_final=100000.00 (ret=0.0000)
[2025-12-06 18:28:54] Ep 081/250 | train_final=112870.47 (ret=0.1287) | avg_td_loss=0.0004
[2025-12-06 18:28:55] Ep 082/250 | train_final=133902.25 (ret=0.3390) | avg_td_loss=0.0004
[2025-12-06 18:28:57] Ep 083/250 | train_final=103823.77 (ret=0.0382) | avg_td_loss=0.0004
[2025-12-06 18:28:58] Ep 084/250 | train_final=121108.53 (ret=0.2111) | avg_td_loss=0.0004
[2025-12-06 18:28:59] Ep 085/250 | train_final=109865.16 (ret=0.0987) | avg_td_loss=0.0004 | val_final=100000.00 (ret=0.0000)
[2025-12-06 18:29:00] Ep 086/250 | train_final=108209.93 (ret=0.0821) | avg_td_loss=0.0004
[2025-12-06 18:29:01] Ep 087/250 | train_final=112581.03 (ret=0.1258) | avg_td_loss=0.0004
[2025-12-06 18:29:02] Ep 088/250 | train_final=108681.03 (ret=0.0868) | avg_td_loss=0.0004
[2025-12-06 18:29:04] Ep 089/250 | train_final=108379.21 (ret=0.0838) | avg_td_loss=0.0004
[2025-12-06 18:29:05] Ep 090/250 | train_final=114801.18 (ret=0.1480) | avg_td_loss=0.0005 | val_final=99915.61 (ret=-0.0008)
[2025-12-06 18:29:06] Ep 091/250 | train_final=107068.60 (ret=0.0707) | avg_td_loss=0.0004
[2025-12-06 18:29:07] Ep 092/250 | train_final=102374.16 (ret=0.0237) | avg_td_loss=0.0004
[2025-12-06 18:29:08] Ep 093/250 | train_final=104220.68 (ret=0.0422) | avg_td_loss=0.0004
[2025-12-06 18:29:09] Ep 094/250 | train_final=110283.94 (ret=0.1028) | avg_td_loss=0.0004
[2025-12-06 18:29:11] Ep 095/250 | train_final=106491.59 (ret=0.0649) | avg_td_loss=0.0004 | val_final=110945.45 (ret=0.1095)
[2025-12-06 18:29:12] Ep 096/250 | train_final=120453.03 (ret=0.2045) | avg_td_loss=0.0004
[2025-12-06 18:29:13] Ep 097/250 | train_final=106661.82 (ret=0.0666) | avg_td_loss=0.0004
[2025-12-06 18:29:14] Ep 098/250 | train_final=112486.46 (ret=0.1249) | avg_td_loss=0.0004
[2025-12-06 18:29:15] Ep 099/250 | train_final=134551.04 (ret=0.3455) | avg_td_loss=0.0004
[2025-12-06 18:29:16] Ep 100/250 | train_final=115947.79 (ret=0.1595) | avg_td_loss=0.0004 | val_final=119670.56 (ret=0.1967)
[2025-12-06 18:29:17] Ep 101/250 | train_final=120341.13 (ret=0.2034) | avg_td_loss=0.0004
[2025-12-06 18:29:19] Ep 102/250 | train_final=114333.69 (ret=0.1433) | avg_td_loss=0.0004
[2025-12-06 18:29:20] Ep 103/250 | train_final=106707.43 (ret=0.0671) | avg_td_loss=0.0004
[2025-12-06 18:29:21] Ep 104/250 | train_final=107124.23 (ret=0.0712) | avg_td_loss=0.0004
[2025-12-06 18:29:22] Ep 105/250 | train_final=106379.16 (ret=0.0638) | avg_td_loss=0.0004 | val_final=100000.00 (ret=0.0000)
[2025-12-06 18:29:23] Ep 106/250 | train_final=106885.28 (ret=0.0689) | avg_td_loss=0.0004
[2025-12-06 18:29:24] Ep 107/250 | train_final=103452.71 (ret=0.0345) | avg_td_loss=0.0004
[2025-12-06 18:29:25] Ep 108/250 | train_final=101700.92 (ret=0.0170) | avg_td_loss=0.0004
[2025-12-06 18:29:27] Ep 109/250 | train_final=119722.83 (ret=0.1972) | avg_td_loss=0.0004
[2025-12-06 18:29:28] Ep 110/250 | train_final=108873.24 (ret=0.0887) | avg_td_loss=0.0004 | val_final=99717.38 (ret=-0.0028)
[2025-12-06 18:29:29] Ep 111/250 | train_final=130747.57 (ret=0.3075) | avg_td_loss=0.0004
[2025-12-06 18:29:30] Ep 112/250 | train_final=108689.62 (ret=0.0869) | avg_td_loss=0.0004
[2025-12-06 18:29:31] Ep 113/250 | train_final=108197.25 (ret=0.0820) | avg_td_loss=0.0004
[2025-12-06 18:29:32] Ep 114/250 | train_final=135769.22 (ret=0.3577) | avg_td_loss=0.0004
[2025-12-06 18:29:34] Ep 115/250 | train_final=110615.12 (ret=0.1062) | avg_td_loss=0.0004 | val_final=122647.69 (ret=0.2265)
[2025-12-06 18:29:35] Ep 116/250 | train_final=127628.65 (ret=0.2763) | avg_td_loss=0.0004
[2025-12-06 18:29:36] Ep 117/250 | train_final=107490.62 (ret=0.0749) | avg_td_loss=0.0004
[2025-12-06 18:29:37] Ep 118/250 | train_final=122907.36 (ret=0.2291) | avg_td_loss=0.0004
[2025-12-06 18:29:38] Ep 119/250 | train_final=117645.51 (ret=0.1765) | avg_td_loss=0.0004
[2025-12-06 18:29:39] Ep 120/250 | train_final=127427.82 (ret=0.2743) | avg_td_loss=0.0004 | val_final=105642.43 (ret=0.0564)
[2025-12-06 18:29:40] Ep 121/250 | train_final=111960.41 (ret=0.1196) | avg_td_loss=0.0004
[2025-12-06 18:29:42] Ep 122/250 | train_final=121724.46 (ret=0.2172) | avg_td_loss=0.0004
[2025-12-06 18:29:43] Ep 123/250 | train_final=109804.12 (ret=0.0980) | avg_td_loss=0.0004
[2025-12-06 18:29:44] Ep 124/250 | train_final=123688.23 (ret=0.2369) | avg_td_loss=0.0004
[2025-12-06 18:29:45] Ep 125/250 | train_final=110057.72 (ret=0.1006) | avg_td_loss=0.0004 | val_final=122647.69 (ret=0.2265)
[2025-12-06 18:29:46] Ep 126/250 | train_final=132721.60 (ret=0.3272) | avg_td_loss=0.0004
[2025-12-06 18:29:47] Ep 127/250 | train_final=132916.85 (ret=0.3292) | avg_td_loss=0.0004
[2025-12-06 18:29:49] Ep 128/250 | train_final=108507.91 (ret=0.0851) | avg_td_loss=0.0005
[2025-12-06 18:29:50] Ep 129/250 | train_final=109394.12 (ret=0.0939) | avg_td_loss=0.0004
[2025-12-06 18:29:51] Ep 130/250 | train_final=110733.55 (ret=0.1073) | avg_td_loss=0.0004 | val_final=105929.07 (ret=0.0593)
[2025-12-06 18:29:52] Ep 131/250 | train_final=119025.06 (ret=0.1903) | avg_td_loss=0.0004
[2025-12-06 18:29:53] Ep 132/250 | train_final=132237.84 (ret=0.3224) | avg_td_loss=0.0004
[2025-12-06 18:29:54] Ep 133/250 | train_final=123374.87 (ret=0.2337) | avg_td_loss=0.0004
[2025-12-06 18:29:55] Ep 134/250 | train_final=106691.85 (ret=0.0669) | avg_td_loss=0.0004
[2025-12-06 18:29:57] Ep 135/250 | train_final=136769.37 (ret=0.3677) | avg_td_loss=0.0004 | val_final=99914.38 (ret=-0.0009)
[2025-12-06 18:29:58] Ep 136/250 | train_final=119462.80 (ret=0.1946) | avg_td_loss=0.0005
[2025-12-06 18:29:59] Ep 137/250 | train_final=129212.39 (ret=0.2921) | avg_td_loss=0.0005
[2025-12-06 18:30:00] Ep 138/250 | train_final=145854.67 (ret=0.4585) | avg_td_loss=0.0004
[2025-12-06 18:30:01] Ep 139/250 | train_final=104323.49 (ret=0.0432) | avg_td_loss=0.0005
[2025-12-06 18:30:02] Ep 140/250 | train_final=131117.29 (ret=0.3112) | avg_td_loss=0.0005 | val_final=103468.06 (ret=0.0347)
[2025-12-06 18:30:03] Ep 141/250 | train_final=113641.64 (ret=0.1364) | avg_td_loss=0.0005
[2025-12-06 18:30:05] Ep 142/250 | train_final=135008.36 (ret=0.3501) | avg_td_loss=0.0005
[2025-12-06 18:30:06] Ep 143/250 | train_final=130018.21 (ret=0.3002) | avg_td_loss=0.0005
[2025-12-06 18:30:07] Ep 144/250 | train_final=130860.81 (ret=0.3086) | avg_td_loss=0.0005
[2025-12-06 18:30:08] Ep 145/250 | train_final=129284.68 (ret=0.2928) | avg_td_loss=0.0005 | val_final=104516.57 (ret=0.0452)
[2025-12-06 18:30:09] Ep 146/250 | train_final=119603.07 (ret=0.1960) | avg_td_loss=0.0005
[2025-12-06 18:30:10] Ep 147/250 | train_final=125153.77 (ret=0.2515) | avg_td_loss=0.0005
[2025-12-06 18:30:11] Ep 148/250 | train_final=109643.77 (ret=0.0964) | avg_td_loss=0.0005
[2025-12-06 18:30:12] Ep 149/250 | train_final=137902.25 (ret=0.3790) | avg_td_loss=0.0005
[2025-12-06 18:30:14] Ep 150/250 | train_final=133575.31 (ret=0.3358) | avg_td_loss=0.0005 | val_final=105215.16 (ret=0.0522)
[2025-12-06 18:30:15] Ep 151/250 | train_final=141315.07 (ret=0.4132) | avg_td_loss=0.0005
[2025-12-06 18:30:16] Ep 152/250 | train_final=119487.82 (ret=0.1949) | avg_td_loss=0.0006
[2025-12-06 18:30:17] Ep 153/250 | train_final=103287.29 (ret=0.0329) | avg_td_loss=0.0005
[2025-12-06 18:30:18] Ep 154/250 | train_final=138888.21 (ret=0.3889) | avg_td_loss=0.0006
[2025-12-06 18:30:19] Ep 155/250 | train_final=134778.29 (ret=0.3478) | avg_td_loss=0.0006 | val_final=99736.71 (ret=-0.0026)
[2025-12-06 18:30:21] Ep 156/250 | train_final=107583.51 (ret=0.0758) | avg_td_loss=0.0006
[2025-12-06 18:30:22] Ep 157/250 | train_final=106165.29 (ret=0.0617) | avg_td_loss=0.0006
[2025-12-06 18:30:23] Ep 158/250 | train_final=118384.80 (ret=0.1838) | avg_td_loss=0.0006
[2025-12-06 18:30:24] Ep 159/250 | train_final=112834.22 (ret=0.1283) | avg_td_loss=0.0006
[2025-12-06 18:30:25] Ep 160/250 | train_final=120345.02 (ret=0.2035) | avg_td_loss=0.0006 | val_final=114505.25 (ret=0.1451)
[2025-12-06 18:30:27] Ep 161/250 | train_final=125909.50 (ret=0.2591) | avg_td_loss=0.0006
[2025-12-06 18:30:28] Ep 162/250 | train_final=117008.73 (ret=0.1701) | avg_td_loss=0.0006
[2025-12-06 18:30:29] Ep 163/250 | train_final=108841.05 (ret=0.0884) | avg_td_loss=0.0006
[2025-12-06 18:30:30] Ep 164/250 | train_final=118018.14 (ret=0.1802) | avg_td_loss=0.0006
[2025-12-06 18:30:32] Ep 165/250 | train_final=133129.46 (ret=0.3313) | avg_td_loss=0.0006 | val_final=100086.81 (ret=0.0009)
[2025-12-06 18:30:33] Ep 166/250 | train_final=109032.65 (ret=0.0903) | avg_td_loss=0.0006
[2025-12-06 18:30:34] Ep 167/250 | train_final=131291.60 (ret=0.3129) | avg_td_loss=0.0006
[2025-12-06 18:30:35] Ep 168/250 | train_final=135595.28 (ret=0.3560) | avg_td_loss=0.0006
[2025-12-06 18:30:37] Ep 169/250 | train_final=119881.23 (ret=0.1988) | avg_td_loss=0.0007
[2025-12-06 18:30:38] Ep 170/250 | train_final=113919.88 (ret=0.1392) | avg_td_loss=0.0007 | val_final=106376.48 (ret=0.0638)
[2025-12-06 18:30:39] Ep 171/250 | train_final=112524.00 (ret=0.1252) | avg_td_loss=0.0006
[2025-12-06 18:30:40] Ep 172/250 | train_final=136304.53 (ret=0.3630) | avg_td_loss=0.0007
[2025-12-06 18:30:41] Ep 173/250 | train_final=142649.30 (ret=0.4265) | avg_td_loss=0.0007
[2025-12-06 18:30:43] Ep 174/250 | train_final=110424.29 (ret=0.1042) | avg_td_loss=0.0007
[2025-12-06 18:30:44] Ep 175/250 | train_final=116028.10 (ret=0.1603) | avg_td_loss=0.0007 | val_final=132664.32 (ret=0.3266) (saved best)
[2025-12-06 18:30:45] Ep 176/250 | train_final=104245.80 (ret=0.0425) | avg_td_loss=0.0007
[2025-12-06 18:30:46] Ep 177/250 | train_final=129334.60 (ret=0.2933) | avg_td_loss=0.0007
[2025-12-06 18:30:47] Ep 178/250 | train_final=102392.51 (ret=0.0239) | avg_td_loss=0.0007
[2025-12-06 18:30:49] Ep 179/250 | train_final=131821.06 (ret=0.3182) | avg_td_loss=0.0007
[2025-12-06 18:30:50] Ep 180/250 | train_final=125780.70 (ret=0.2578) | avg_td_loss=0.0007 | val_final=106994.19 (ret=0.0699)
[2025-12-06 18:30:51] Ep 181/250 | train_final=114162.56 (ret=0.1416) | avg_td_loss=0.0007
[2025-12-06 18:30:52] Ep 182/250 | train_final=108133.32 (ret=0.0813) | avg_td_loss=0.0007
[2025-12-06 18:30:53] Ep 183/250 | train_final=139652.16 (ret=0.3965) | avg_td_loss=0.0007
[2025-12-06 18:30:54] Ep 184/250 | train_final=126268.97 (ret=0.2627) | avg_td_loss=0.0008
[2025-12-06 18:30:56] Ep 185/250 | train_final=126920.75 (ret=0.2692) | avg_td_loss=0.0008 | val_final=124936.33 (ret=0.2494)
[2025-12-06 18:30:57] Ep 186/250 | train_final=105854.08 (ret=0.0585) | avg_td_loss=0.0008
[2025-12-06 18:30:58] Ep 187/250 | train_final=130119.06 (ret=0.3012) | avg_td_loss=0.0008
[2025-12-06 18:30:59] Ep 188/250 | train_final=107061.14 (ret=0.0706) | avg_td_loss=0.0008
[2025-12-06 18:31:01] Ep 189/250 | train_final=105189.08 (ret=0.0519) | avg_td_loss=0.0008
[2025-12-06 18:31:02] Ep 190/250 | train_final=123612.36 (ret=0.2361) | avg_td_loss=0.0008 | val_final=121575.15 (ret=0.2158)
[2025-12-06 18:31:03] Ep 191/250 | train_final=115236.25 (ret=0.1524) | avg_td_loss=0.0008
[2025-12-06 18:31:04] Ep 192/250 | train_final=112632.37 (ret=0.1263) | avg_td_loss=0.0008
[2025-12-06 18:31:05] Ep 193/250 | train_final=111276.30 (ret=0.1128) | avg_td_loss=0.0007
[2025-12-06 18:31:06] Ep 194/250 | train_final=125123.54 (ret=0.2512) | avg_td_loss=0.0007
[2025-12-06 18:31:08] Ep 195/250 | train_final=124466.93 (ret=0.2447) | avg_td_loss=0.0007 | val_final=100042.32 (ret=0.0004)
[2025-12-06 18:31:09] Ep 196/250 | train_final=113659.58 (ret=0.1366) | avg_td_loss=0.0007
[2025-12-06 18:31:10] Ep 197/250 | train_final=113073.74 (ret=0.1307) | avg_td_loss=0.0007
[2025-12-06 18:31:11] Ep 198/250 | train_final=122194.46 (ret=0.2219) | avg_td_loss=0.0007
[2025-12-06 18:31:13] Ep 199/250 | train_final=117279.46 (ret=0.1728) | avg_td_loss=0.0007
[2025-12-06 18:31:14] Ep 200/250 | train_final=109397.78 (ret=0.0940) | avg_td_loss=0.0007 | val_final=122647.69 (ret=0.2265)
[2025-12-06 18:31:15] Ep 201/250 | train_final=112886.13 (ret=0.1289) | avg_td_loss=0.0007
[2025-12-06 18:31:16] Ep 202/250 | train_final=111835.37 (ret=0.1184) | avg_td_loss=0.0007
[2025-12-06 18:31:18] Ep 203/250 | train_final=117780.87 (ret=0.1778) | avg_td_loss=0.0007
[2025-12-06 18:31:19] Ep 204/250 | train_final=120483.46 (ret=0.2048) | avg_td_loss=0.0007
[2025-12-06 18:31:20] Ep 205/250 | train_final=108927.77 (ret=0.0893) | avg_td_loss=0.0007 | val_final=106067.04 (ret=0.0607)
[2025-12-06 18:31:21] Ep 206/250 | train_final=107396.42 (ret=0.0740) | avg_td_loss=0.0007
[2025-12-06 18:31:23] Ep 207/250 | train_final=127297.46 (ret=0.2730) | avg_td_loss=0.0007
[2025-12-06 18:31:24] Ep 208/250 | train_final=127601.70 (ret=0.2760) | avg_td_loss=0.0007
[2025-12-06 18:31:25] Ep 209/250 | train_final=112471.78 (ret=0.1247) | avg_td_loss=0.0006
[2025-12-06 18:31:27] Ep 210/250 | train_final=105725.18 (ret=0.0573) | avg_td_loss=0.0006 | val_final=105894.29 (ret=0.0589)
[2025-12-06 18:31:28] Ep 211/250 | train_final=109820.75 (ret=0.0982) | avg_td_loss=0.0006
[2025-12-06 18:31:29] Ep 212/250 | train_final=120938.23 (ret=0.2094) | avg_td_loss=0.0006
[2025-12-06 18:31:30] Ep 213/250 | train_final=110613.32 (ret=0.1061) | avg_td_loss=0.0006
[2025-12-06 18:31:31] Ep 214/250 | train_final=107045.33 (ret=0.0705) | avg_td_loss=0.0006
[2025-12-06 18:31:32] Ep 215/250 | train_final=137080.86 (ret=0.3708) | avg_td_loss=0.0006 | val_final=102350.87 (ret=0.0235)
[2025-12-06 18:31:33] Ep 216/250 | train_final=108744.33 (ret=0.0874) | avg_td_loss=0.0006
[2025-12-06 18:31:34] Ep 217/250 | train_final=133992.35 (ret=0.3399) | avg_td_loss=0.0006
[2025-12-06 18:31:36] Ep 218/250 | train_final=126297.83 (ret=0.2630) | avg_td_loss=0.0006
[2025-12-06 18:31:37] Ep 219/250 | train_final=124670.35 (ret=0.2467) | avg_td_loss=0.0006
[2025-12-06 18:31:38] Ep 220/250 | train_final=116378.37 (ret=0.1638) | avg_td_loss=0.0006 | val_final=124797.43 (ret=0.2480)
[2025-12-06 18:31:39] Ep 221/250 | train_final=116500.40 (ret=0.1650) | avg_td_loss=0.0006
[2025-12-06 18:31:40] Ep 222/250 | train_final=141078.32 (ret=0.4108) | avg_td_loss=0.0006
[2025-12-06 18:31:41] Ep 223/250 | train_final=142362.77 (ret=0.4236) | avg_td_loss=0.0006
[2025-12-06 18:31:42] Ep 224/250 | train_final=125379.59 (ret=0.2538) | avg_td_loss=0.0006
[2025-12-06 18:31:43] Ep 225/250 | train_final=110026.81 (ret=0.1003) | avg_td_loss=0.0006 | val_final=111719.63 (ret=0.1172)
[2025-12-06 18:31:45] Ep 226/250 | train_final=115151.39 (ret=0.1515) | avg_td_loss=0.0006
[2025-12-06 18:31:46] Ep 227/250 | train_final=112915.92 (ret=0.1292) | avg_td_loss=0.0006
[2025-12-06 18:31:47] Ep 228/250 | train_final=135252.78 (ret=0.3525) | avg_td_loss=0.0006
[2025-12-06 18:31:48] Ep 229/250 | train_final=141852.63 (ret=0.4185) | avg_td_loss=0.0006
[2025-12-06 18:31:49] Ep 230/250 | train_final=131660.57 (ret=0.3166) | avg_td_loss=0.0007 | val_final=129561.11 (ret=0.2956)
[2025-12-06 18:31:50] Ep 231/250 | train_final=120423.11 (ret=0.2042) | avg_td_loss=0.0007
[2025-12-06 18:31:51] Ep 232/250 | train_final=141966.75 (ret=0.4197) | avg_td_loss=0.0007
[2025-12-06 18:31:52] Ep 233/250 | train_final=104662.26 (ret=0.0466) | avg_td_loss=0.0007
[2025-12-06 18:31:53] Ep 234/250 | train_final=106607.93 (ret=0.0661) | avg_td_loss=0.0007
[2025-12-06 18:31:55] Ep 235/250 | train_final=104886.57 (ret=0.0489) | avg_td_loss=0.0006 | val_final=99789.48 (ret=-0.0021)
[2025-12-06 18:31:56] Ep 236/250 | train_final=132664.60 (ret=0.3266) | avg_td_loss=0.0006
[2025-12-06 18:31:57] Ep 237/250 | train_final=101361.49 (ret=0.0136) | avg_td_loss=0.0007
[2025-12-06 18:31:58] Ep 238/250 | train_final=128522.04 (ret=0.2852) | avg_td_loss=0.0006
[2025-12-06 18:31:59] Ep 239/250 | train_final=144714.30 (ret=0.4471) | avg_td_loss=0.0007
[2025-12-06 18:32:00] Ep 240/250 | train_final=127693.03 (ret=0.2769) | avg_td_loss=0.0007 | val_final=106269.03 (ret=0.0627)
[2025-12-06 18:32:01] Ep 241/250 | train_final=135842.51 (ret=0.3584) | avg_td_loss=0.0007
[2025-12-06 18:32:02] Ep 242/250 | train_final=119112.58 (ret=0.1911) | avg_td_loss=0.0007
[2025-12-06 18:32:04] Ep 243/250 | train_final=142685.45 (ret=0.4269) | avg_td_loss=0.0007
[2025-12-06 18:32:05] Ep 244/250 | train_final=145411.38 (ret=0.4541) | avg_td_loss=0.0007
[2025-12-06 18:32:06] Ep 245/250 | train_final=134878.92 (ret=0.3488) | avg_td_loss=0.0007 | val_final=133549.76 (ret=0.3355) (saved best)
[2025-12-06 18:32:07] Ep 246/250 | train_final=118637.20 (ret=0.1864) | avg_td_loss=0.0008
[2025-12-06 18:32:08] Ep 247/250 | train_final=109726.83 (ret=0.0973) | avg_td_loss=0.0007
[2025-12-06 18:32:09] Ep 248/250 | train_final=133447.99 (ret=0.3345) | avg_td_loss=0.0008
[2025-12-06 18:32:10] Ep 249/250 | train_final=116240.74 (ret=0.1624) | avg_td_loss=0.0008
[2025-12-06 18:32:11] Ep 250/250 | train_final=129005.58 (ret=0.2901) | avg_td_loss=0.0007 | val_final=101762.78 (ret=0.0176)
[2025-12-06 18:32:11] Training completed in 4.75 minutes.
[2025-12-06 18:32:11] Best validation final value: 133549.76
[2025-12-06 18:32:11] Best model checkpoint: /Users/akankshashah/Documents/TAMU ACAD/DRL/TradeNet/runs/ddqn_ticker-AAPL_hmax-5_ep-250_seed-0/checkpoints/best_model.pth
[2025-12-06 18:32:11] Training metrics CSV: /Users/akankshashah/Documents/TAMU ACAD/DRL/TradeNet/runs/ddqn_ticker-AAPL_hmax-5_ep-250_seed-0/metrics/train_metrics.csv
